{"meta": {"format": 3, "version": "7.13.3", "timestamp": "2026-02-04T18:35:10.686106", "branch_coverage": false, "show_contexts": false}, "files": {"openclaw_memory.py": {"executed_lines": [8, 9, 10, 11, 12, 13, 14, 16, 17, 20, 23, 25, 28, 30, 33, 35, 38, 46, 47, 48, 49, 50, 51, 52, 53, 54, 55, 56, 57, 61, 63, 67, 68, 69, 72, 84, 111, 112, 114, 115, 116, 117, 118, 119, 120, 125, 127, 129, 130, 136, 137, 138, 144, 150, 151, 176, 180, 182, 188, 265, 266, 329, 391, 447, 474, 527, 568, 628, 667, 698, 732, 800, 829, 879, 920, 947, 987, 1005, 1073, 1087, 1118, 1119, 1120, 1123, 1124, 1125, 1127, 1128, 1131, 1132, 1134, 1153, 1154, 1155, 1156, 1158, 1159, 1172, 1173, 1174, 1175, 1182, 1204, 1205, 1207, 1208, 1209, 1211, 1212, 1213, 1215, 1216, 1217, 1219, 1220, 1221, 1223, 1224, 1225, 1227, 1229, 1244, 1245, 1246, 1248, 1249, 1250, 1251, 1252, 1254, 1260, 1266, 1267, 1272, 1287, 1288, 1289, 1291, 1294, 1295, 1303, 1310, 1311, 1315, 1316, 1322, 1324, 1325, 1326, 1328, 1329, 1335, 1347, 1349, 1356, 1357, 1358, 1359, 1361, 1362, 1368, 1370, 1371, 1372, 1374, 1375, 1381, 1391, 1396, 1397, 1400, 1401, 1402, 1403, 1404, 1406, 1407, 1408, 1409, 1412, 1413, 1414, 1415, 1418, 1419, 1424, 1435, 1436, 1440, 1442, 1446, 1448, 1449, 1450, 1458, 1459, 1462, 1463, 1464, 1465, 1467, 1468, 1469, 1470, 1471, 1472, 1474, 1475, 1476, 1477, 1478, 1479, 1480, 1481, 1482, 1484, 1496, 1523, 1526, 1527, 1528, 1529, 1542, 1543, 1555, 1556, 1569, 1570, 1571, 1572, 1586, 1587, 1599, 1613, 1614, 1615, 1616, 1630, 1631, 1643, 1657, 1658, 1659, 1660, 1687, 1688, 1689, 1690, 1717, 1733, 1735, 1756, 1757, 1759, 1760, 1761, 1763, 1764, 1765, 1766, 1767, 1769, 1772, 1774, 1780, 1781, 1791, 1795, 1801, 1826, 1827, 1828, 1831, 1832, 1833, 1835, 1836, 1838, 1854, 1855, 1856, 1857, 1859, 1860, 1870, 1871, 1872, 1873, 1880, 1904, 1905, 1907, 1908, 1909, 1911, 1912, 1913, 1915, 1916, 1917, 1919, 1920, 1921, 1923, 1924, 1925, 1927, 1928, 1929, 1931, 1933, 1948, 1949, 1950, 1952, 1953, 1954, 1959, 1979, 1980, 1982, 1984, 1993, 1994, 1995, 1996, 1998, 1999, 2006, 2008, 2009, 2010, 2012, 2013, 2019, 2029, 2034, 2035, 2038, 2039, 2040, 2041, 2046, 2057, 2058, 2062, 2064, 2068, 2070, 2071, 2072, 2079, 2080, 2083, 2084, 2085, 2087, 2088, 2089, 2090, 2091, 2093, 2094, 2095, 2096, 2097, 2098, 2099, 2101, 2112, 2132, 2133, 2135, 2136, 2137, 2139, 2140, 2141, 2143, 2144, 2145, 2147, 2149, 2164, 2165, 2166, 2168, 2169, 2170, 2171, 2172, 2173, 2174, 2175, 2176, 2185, 2217, 2218, 2219, 2222, 2223, 2226, 2228, 2229, 2231, 2252, 2253, 2254, 2255, 2257, 2258, 2271, 2272, 2273, 2276, 2283, 2290, 2308, 2309, 2310, 2311, 2314, 2315, 2316, 2317, 2320, 2321, 2323, 2324, 2325, 2327, 2328, 2329, 2331, 2332, 2333, 2335, 2337, 2344, 2345, 2346, 2348, 2349, 2350, 2355, 2366, 2368, 2377, 2378, 2379, 2380, 2382, 2383, 2389, 2391, 2392, 2393, 2396, 2403, 2404, 2410, 2422, 2424, 2434, 2435, 2436, 2437, 2439, 2440, 2447, 2449, 2450, 2451, 2454, 2461, 2462, 2468, 2479, 2481, 2489, 2490, 2491, 2492, 2494, 2495, 2500, 2502, 2503, 2504, 2507, 2514, 2515, 2522, 2523, 2529, 2539, 2544, 2545, 2546, 2548, 2549, 2550, 2551, 2556, 2563, 2568, 2569, 2570, 2578, 2579, 2582, 2583, 2585, 2586, 2587, 2589, 2590, 2591, 2592, 2594, 2595, 2596, 2597, 2598, 2601, 2609, 2610, 2621, 2627, 2628, 2630, 2646, 2709, 2736, 2791, 2815, 2880, 2918, 2983, 3055, 3082, 3131, 3177, 3228, 3267, 3362, 3425, 3432, 3506, 3508, 3509, 3513, 3514, 3515, 3516, 3517, 3522, 3528, 3636, 3702, 3734, 3773, 3841, 3888, 3934, 3941, 3945, 3955], "summary": {"covered_lines": 568, "num_statements": 1402, "percent_covered": 40.51355206847361, "percent_covered_display": "41", "missing_lines": 834, "excluded_lines": 0, "percent_statements_covered": 40.51355206847361, "percent_statements_covered_display": "41"}, "missing_lines": [139, 140, 141, 142, 146, 147, 148, 153, 154, 155, 156, 157, 159, 161, 162, 163, 164, 165, 166, 167, 168, 169, 171, 173, 174, 178, 211, 212, 215, 216, 218, 220, 239, 240, 241, 242, 244, 245, 255, 256, 257, 258, 260, 261, 262, 263, 280, 283, 302, 303, 304, 305, 307, 308, 313, 315, 316, 318, 319, 320, 321, 323, 324, 325, 326, 327, 346, 348, 357, 358, 359, 360, 362, 363, 369, 371, 372, 373, 376, 377, 384, 385, 387, 388, 389, 402, 404, 413, 414, 415, 416, 418, 419, 425, 427, 428, 429, 432, 433, 440, 441, 443, 444, 445, 457, 462, 463, 464, 466, 467, 468, 469, 470, 471, 472, 484, 485, 499, 501, 514, 516, 517, 518, 520, 521, 522, 523, 524, 525, 538, 539, 544, 546, 551, 553, 554, 555, 557, 558, 559, 560, 561, 562, 587, 588, 590, 603, 604, 605, 606, 608, 609, 618, 619, 620, 621, 623, 624, 625, 626, 643, 644, 650, 656, 657, 658, 660, 661, 662, 663, 664, 665, 677, 683, 684, 685, 687, 688, 689, 690, 691, 692, 693, 694, 695, 696, 708, 714, 715, 716, 718, 719, 720, 721, 722, 723, 724, 725, 726, 754, 755, 756, 759, 760, 761, 763, 765, 770, 771, 773, 775, 776, 783, 785, 787, 788, 790, 791, 793, 795, 796, 798, 808, 813, 814, 815, 817, 818, 826, 827, 840, 841, 842, 844, 851, 852, 853, 855, 856, 864, 865, 866, 869, 870, 871, 872, 873, 890, 892, 900, 901, 902, 904, 905, 911, 912, 913, 914, 915, 916, 917, 918, 930, 935, 936, 937, 939, 940, 941, 942, 943, 944, 945, 957, 959, 969, 971, 972, 973, 975, 976, 977, 978, 979, 980, 981, 982, 983, 984, 985, 998, 999, 1012, 1021, 1022, 1023, 1024, 1026, 1028, 1030, 1031, 1032, 1033, 1034, 1036, 1037, 1038, 1039, 1040, 1043, 1044, 1045, 1050, 1055, 1056, 1057, 1058, 1060, 1061, 1062, 1063, 1064, 1065, 1066, 1067, 1068, 1069, 1071, 1080, 1081, 1177, 1178, 1179, 1180, 1255, 1256, 1257, 1258, 1259, 1261, 1262, 1263, 1264, 1265, 1268, 1269, 1270, 1312, 1313, 1331, 1332, 1333, 1377, 1378, 1379, 1398, 1410, 1411, 1416, 1417, 1420, 1421, 1422, 1492, 1493, 1494, 1600, 1644, 1673, 1674, 1703, 1704, 1718, 1719, 1720, 1768, 1770, 1792, 1793, 1875, 1876, 1877, 1878, 1955, 1956, 1957, 2015, 2016, 2017, 2036, 2042, 2043, 2044, 2108, 2109, 2110, 2177, 2178, 2179, 2285, 2286, 2287, 2288, 2351, 2352, 2353, 2406, 2407, 2408, 2464, 2465, 2466, 2525, 2526, 2527, 2552, 2553, 2554, 2638, 2639, 2640, 2667, 2668, 2670, 2684, 2685, 2686, 2687, 2689, 2690, 2699, 2700, 2701, 2702, 2704, 2705, 2706, 2707, 2719, 2724, 2725, 2726, 2728, 2729, 2730, 2731, 2732, 2733, 2734, 2755, 2756, 2758, 2759, 2760, 2762, 2763, 2764, 2766, 2767, 2768, 2770, 2772, 2780, 2781, 2782, 2784, 2785, 2786, 2787, 2788, 2789, 2798, 2803, 2804, 2805, 2807, 2808, 2809, 2810, 2811, 2812, 2813, 2836, 2837, 2839, 2853, 2854, 2855, 2856, 2858, 2859, 2870, 2871, 2872, 2873, 2875, 2876, 2877, 2878, 2890, 2895, 2896, 2897, 2899, 2900, 2901, 2902, 2903, 2905, 2906, 2907, 2908, 2909, 2910, 2911, 2912, 2913, 2914, 2915, 2916, 2935, 2936, 2938, 2939, 2940, 2942, 2943, 2944, 2946, 2948, 2956, 2957, 2958, 2960, 2961, 2962, 2963, 2964, 2966, 2967, 2968, 2969, 2970, 2971, 2972, 2973, 2974, 2975, 2976, 2977, 3006, 3007, 3008, 3010, 3011, 3013, 3031, 3032, 3033, 3034, 3036, 3037, 3045, 3046, 3047, 3048, 3050, 3051, 3052, 3053, 3065, 3070, 3071, 3072, 3074, 3075, 3076, 3077, 3078, 3079, 3080, 3099, 3100, 3102, 3103, 3104, 3106, 3107, 3108, 3110, 3112, 3120, 3121, 3122, 3124, 3125, 3126, 3127, 3128, 3129, 3142, 3144, 3152, 3153, 3154, 3155, 3157, 3158, 3164, 3166, 3167, 3168, 3170, 3171, 3173, 3174, 3175, 3190, 3204, 3205, 3206, 3207, 3209, 3210, 3215, 3217, 3218, 3219, 3221, 3222, 3224, 3225, 3226, 3238, 3245, 3246, 3247, 3249, 3250, 3251, 3253, 3254, 3256, 3263, 3264, 3265, 3287, 3288, 3289, 3292, 3293, 3294, 3296, 3315, 3325, 3326, 3327, 3328, 3330, 3332, 3342, 3343, 3344, 3347, 3355, 3356, 3358, 3359, 3360, 3375, 3380, 3382, 3383, 3384, 3386, 3388, 3389, 3391, 3392, 3393, 3395, 3396, 3398, 3399, 3400, 3405, 3408, 3411, 3412, 3413, 3415, 3417, 3418, 3419, 3510, 3511, 3518, 3519, 3520, 3560, 3561, 3564, 3565, 3567, 3569, 3602, 3603, 3604, 3605, 3607, 3608, 3623, 3624, 3625, 3629, 3631, 3632, 3633, 3634, 3656, 3678, 3679, 3680, 3681, 3683, 3684, 3690, 3691, 3692, 3693, 3696, 3697, 3698, 3699, 3700, 3715, 3722, 3723, 3724, 3725, 3727, 3728, 3729, 3730, 3731, 3732, 3749, 3761, 3762, 3763, 3764, 3766, 3767, 3768, 3769, 3770, 3771, 3790, 3792, 3817, 3818, 3819, 3820, 3822, 3823, 3829, 3831, 3832, 3835, 3837, 3838, 3839, 3859, 3871, 3872, 3873, 3874, 3876, 3877, 3884, 3885, 3886, 3905, 3906, 3912, 3914, 3920, 3922, 3923, 3924, 3925, 3927, 3928, 3929, 3930, 3931, 3932, 3936, 3937, 3938, 3939, 3943, 3947, 3948, 3957, 3960, 3968, 3969, 3971, 3973, 3974, 3977, 3984, 3987, 3988, 3991, 3992, 3993, 3994, 3995, 3998, 3999, 4003, 4006, 4012, 4015, 4016, 4019, 4020, 4023, 4024, 4027, 4028, 4031], "excluded_lines": [], "functions": {"retry_on_race_condition": {"executed_lines": [46, 47, 69], "summary": {"covered_lines": 3, "num_statements": 3, "percent_covered": 100.0, "percent_covered_display": "100", "missing_lines": 0, "excluded_lines": 0, "percent_statements_covered": 100.0, "percent_statements_covered_display": "100"}, "missing_lines": [], "excluded_lines": [], "start_line": 38}, "retry_on_race_condition.decorator": {"executed_lines": [48, 68], "summary": {"covered_lines": 2, "num_statements": 2, "percent_covered": 100.0, "percent_covered_display": "100", "missing_lines": 0, "excluded_lines": 0, "percent_statements_covered": 100.0, "percent_statements_covered_display": "100"}, "missing_lines": [], "excluded_lines": [], "start_line": 46}, "retry_on_race_condition.decorator.wrapper": {"executed_lines": [49, 50, 51, 52, 53, 54, 55, 56, 57, 61, 63, 67], "summary": {"covered_lines": 12, "num_statements": 12, "percent_covered": 100.0, "percent_covered_display": "100", "missing_lines": 0, "excluded_lines": 0, "percent_statements_covered": 100.0, "percent_statements_covered_display": "100"}, "missing_lines": [], "excluded_lines": [], "start_line": 48}, "OperationalMemory.__init__": {"executed_lines": [111, 112, 114, 115, 116, 117, 118, 119, 120, 125], "summary": {"covered_lines": 10, "num_statements": 10, "percent_covered": 100.0, "percent_covered_display": "100", "missing_lines": 0, "excluded_lines": 0, "percent_statements_covered": 100.0, "percent_statements_covered_display": "100"}, "missing_lines": [], "excluded_lines": [], "start_line": 84}, "OperationalMemory._initialize_driver": {"executed_lines": [129, 130, 136, 137, 138], "summary": {"covered_lines": 5, "num_statements": 9, "percent_covered": 55.55555555555556, "percent_covered_display": "56", "missing_lines": 4, "excluded_lines": 0, "percent_statements_covered": 55.55555555555556, "percent_statements_covered_display": "56"}, "missing_lines": [139, 140, 141, 142], "excluded_lines": [], "start_line": 127}, "OperationalMemory._ensure_driver": {"executed_lines": [], "summary": {"covered_lines": 0, "num_statements": 3, "percent_covered": 0.0, "percent_covered_display": "0", "missing_lines": 3, "excluded_lines": 0, "percent_statements_covered": 0.0, "percent_statements_covered_display": "0"}, "missing_lines": [146, 147, 148], "excluded_lines": [], "start_line": 144}, "OperationalMemory._session": {"executed_lines": [], "summary": {"covered_lines": 0, "num_statements": 18, "percent_covered": 0.0, "percent_covered_display": "0", "missing_lines": 18, "excluded_lines": 0, "percent_statements_covered": 0.0, "percent_statements_covered_display": "0"}, "missing_lines": [153, 154, 155, 156, 157, 159, 161, 162, 163, 164, 165, 166, 167, 168, 169, 171, 173, 174], "excluded_lines": [], "start_line": 151}, "OperationalMemory._generate_id": {"executed_lines": [], "summary": {"covered_lines": 0, "num_statements": 1, "percent_covered": 0.0, "percent_covered_display": "0", "missing_lines": 1, "excluded_lines": 0, "percent_statements_covered": 0.0, "percent_statements_covered_display": "0"}, "missing_lines": [178], "excluded_lines": [], "start_line": 176}, "OperationalMemory._now": {"executed_lines": [182], "summary": {"covered_lines": 1, "num_statements": 1, "percent_covered": 100.0, "percent_covered_display": "100", "missing_lines": 0, "excluded_lines": 0, "percent_statements_covered": 100.0, "percent_statements_covered_display": "100"}, "missing_lines": [], "excluded_lines": [], "start_line": 180}, "OperationalMemory.create_task": {"executed_lines": [], "summary": {"covered_lines": 0, "num_statements": 20, "percent_covered": 0.0, "percent_covered_display": "0", "missing_lines": 20, "excluded_lines": 0, "percent_statements_covered": 0.0, "percent_statements_covered_display": "0"}, "missing_lines": [211, 212, 215, 216, 218, 220, 239, 240, 241, 242, 244, 245, 255, 256, 257, 258, 260, 261, 262, 263], "excluded_lines": [], "start_line": 188}, "OperationalMemory.claim_task": {"executed_lines": [], "summary": {"covered_lines": 0, "num_statements": 20, "percent_covered": 0.0, "percent_covered_display": "0", "missing_lines": 20, "excluded_lines": 0, "percent_statements_covered": 0.0, "percent_statements_covered_display": "0"}, "missing_lines": [280, 283, 302, 303, 304, 305, 307, 308, 313, 315, 316, 318, 319, 320, 321, 323, 324, 325, 326, 327], "excluded_lines": [], "start_line": 266}, "OperationalMemory.complete_task": {"executed_lines": [], "summary": {"covered_lines": 0, "num_statements": 19, "percent_covered": 0.0, "percent_covered_display": "0", "missing_lines": 19, "excluded_lines": 0, "percent_statements_covered": 0.0, "percent_statements_covered_display": "0"}, "missing_lines": [346, 348, 357, 358, 359, 360, 362, 363, 369, 371, 372, 373, 376, 377, 384, 385, 387, 388, 389], "excluded_lines": [], "start_line": 329}, "OperationalMemory.fail_task": {"executed_lines": [], "summary": {"covered_lines": 0, "num_statements": 19, "percent_covered": 0.0, "percent_covered_display": "0", "missing_lines": 19, "excluded_lines": 0, "percent_statements_covered": 0.0, "percent_statements_covered_display": "0"}, "missing_lines": [402, 404, 413, 414, 415, 416, 418, 419, 425, 427, 428, 429, 432, 433, 440, 441, 443, 444, 445], "excluded_lines": [], "start_line": 391}, "OperationalMemory.get_task": {"executed_lines": [], "summary": {"covered_lines": 0, "num_statements": 11, "percent_covered": 0.0, "percent_covered_display": "0", "missing_lines": 11, "excluded_lines": 0, "percent_statements_covered": 0.0, "percent_statements_covered_display": "0"}, "missing_lines": [457, 462, 463, 464, 466, 467, 468, 469, 470, 471, 472], "excluded_lines": [], "start_line": 447}, "OperationalMemory.list_pending_tasks": {"executed_lines": [], "summary": {"covered_lines": 0, "num_statements": 14, "percent_covered": 0.0, "percent_covered_display": "0", "missing_lines": 14, "excluded_lines": 0, "percent_statements_covered": 0.0, "percent_statements_covered_display": "0"}, "missing_lines": [484, 485, 499, 501, 514, 516, 517, 518, 520, 521, 522, 523, 524, 525], "excluded_lines": [], "start_line": 474}, "OperationalMemory.list_tasks_by_status": {"executed_lines": [], "summary": {"covered_lines": 0, "num_statements": 14, "percent_covered": 0.0, "percent_covered_display": "0", "missing_lines": 14, "excluded_lines": 0, "percent_statements_covered": 0.0, "percent_statements_covered_display": "0"}, "missing_lines": [538, 539, 544, 546, 551, 553, 554, 555, 557, 558, 559, 560, 561, 562], "excluded_lines": [], "start_line": 527}, "OperationalMemory.create_notification": {"executed_lines": [], "summary": {"covered_lines": 0, "num_statements": 17, "percent_covered": 0.0, "percent_covered_display": "0", "missing_lines": 17, "excluded_lines": 0, "percent_statements_covered": 0.0, "percent_statements_covered_display": "0"}, "missing_lines": [587, 588, 590, 603, 604, 605, 606, 608, 609, 618, 619, 620, 621, 623, 624, 625, 626], "excluded_lines": [], "start_line": 568}, "OperationalMemory.get_notifications": {"executed_lines": [], "summary": {"covered_lines": 0, "num_statements": 12, "percent_covered": 0.0, "percent_covered_display": "0", "missing_lines": 12, "excluded_lines": 0, "percent_statements_covered": 0.0, "percent_statements_covered_display": "0"}, "missing_lines": [643, 644, 650, 656, 657, 658, 660, 661, 662, 663, 664, 665], "excluded_lines": [], "start_line": 628}, "OperationalMemory.mark_notification_read": {"executed_lines": [], "summary": {"covered_lines": 0, "num_statements": 14, "percent_covered": 0.0, "percent_covered_display": "0", "missing_lines": 14, "excluded_lines": 0, "percent_statements_covered": 0.0, "percent_statements_covered_display": "0"}, "missing_lines": [677, 683, 684, 685, 687, 688, 689, 690, 691, 692, 693, 694, 695, 696], "excluded_lines": [], "start_line": 667}, "OperationalMemory.mark_all_notifications_read": {"executed_lines": [], "summary": {"covered_lines": 0, "num_statements": 13, "percent_covered": 0.0, "percent_covered_display": "0", "missing_lines": 13, "excluded_lines": 0, "percent_statements_covered": 0.0, "percent_statements_covered_display": "0"}, "missing_lines": [708, 714, 715, 716, 718, 719, 720, 721, 722, 723, 724, 725, 726], "excluded_lines": [], "start_line": 698}, "OperationalMemory.check_rate_limit": {"executed_lines": [], "summary": {"covered_lines": 0, "num_statements": 23, "percent_covered": 0.0, "percent_covered_display": "0", "missing_lines": 23, "excluded_lines": 0, "percent_statements_covered": 0.0, "percent_statements_covered_display": "0"}, "missing_lines": [754, 755, 756, 759, 760, 761, 763, 765, 770, 771, 773, 775, 776, 783, 785, 787, 788, 790, 791, 793, 795, 796, 798], "excluded_lines": [], "start_line": 732}, "OperationalMemory._create_rate_limit_record": {"executed_lines": [], "summary": {"covered_lines": 0, "num_statements": 8, "percent_covered": 0.0, "percent_covered_display": "0", "missing_lines": 8, "excluded_lines": 0, "percent_statements_covered": 0.0, "percent_statements_covered_display": "0"}, "missing_lines": [808, 813, 814, 815, 817, 818, 826, 827], "excluded_lines": [], "start_line": 800}, "OperationalMemory.record_rate_limit_hit": {"executed_lines": [], "summary": {"covered_lines": 0, "num_statements": 17, "percent_covered": 0.0, "percent_covered_display": "0", "missing_lines": 17, "excluded_lines": 0, "percent_statements_covered": 0.0, "percent_statements_covered_display": "0"}, "missing_lines": [840, 841, 842, 844, 851, 852, 853, 855, 856, 864, 865, 866, 869, 870, 871, 872, 873], "excluded_lines": [], "start_line": 829}, "OperationalMemory.update_agent_heartbeat": {"executed_lines": [], "summary": {"covered_lines": 0, "num_statements": 15, "percent_covered": 0.0, "percent_covered_display": "0", "missing_lines": 15, "excluded_lines": 0, "percent_statements_covered": 0.0, "percent_statements_covered_display": "0"}, "missing_lines": [890, 892, 900, 901, 902, 904, 905, 911, 912, 913, 914, 915, 916, 917, 918], "excluded_lines": [], "start_line": 879}, "OperationalMemory.get_agent_status": {"executed_lines": [], "summary": {"covered_lines": 0, "num_statements": 11, "percent_covered": 0.0, "percent_covered_display": "0", "missing_lines": 11, "excluded_lines": 0, "percent_statements_covered": 0.0, "percent_statements_covered_display": "0"}, "missing_lines": [930, 935, 936, 937, 939, 940, 941, 942, 943, 944, 945], "excluded_lines": [], "start_line": 920}, "OperationalMemory.list_active_agents": {"executed_lines": [], "summary": {"covered_lines": 0, "num_statements": 17, "percent_covered": 0.0, "percent_covered_display": "0", "missing_lines": 17, "excluded_lines": 0, "percent_statements_covered": 0.0, "percent_statements_covered_display": "0"}, "missing_lines": [957, 959, 969, 971, 972, 973, 975, 976, 977, 978, 979, 980, 981, 982, 983, 984, 985], "excluded_lines": [], "start_line": 947}, "OperationalMemory.set_agent_busy": {"executed_lines": [], "summary": {"covered_lines": 0, "num_statements": 2, "percent_covered": 0.0, "percent_covered_display": "0", "missing_lines": 2, "excluded_lines": 0, "percent_statements_covered": 0.0, "percent_statements_covered_display": "0"}, "missing_lines": [998, 999], "excluded_lines": [], "start_line": 987}, "OperationalMemory.health_check": {"executed_lines": [], "summary": {"covered_lines": 0, "num_statements": 36, "percent_covered": 0.0, "percent_covered_display": "0", "missing_lines": 36, "excluded_lines": 0, "percent_statements_covered": 0.0, "percent_statements_covered_display": "0"}, "missing_lines": [1012, 1021, 1022, 1023, 1024, 1026, 1028, 1030, 1031, 1032, 1033, 1034, 1036, 1037, 1038, 1039, 1040, 1043, 1044, 1045, 1050, 1055, 1056, 1057, 1058, 1060, 1061, 1062, 1063, 1064, 1065, 1066, 1067, 1068, 1069, 1071], "excluded_lines": [], "start_line": 1005}, "OperationalMemory.is_healthy": {"executed_lines": [], "summary": {"covered_lines": 0, "num_statements": 2, "percent_covered": 0.0, "percent_covered_display": "0", "missing_lines": 2, "excluded_lines": 0, "percent_statements_covered": 0.0, "percent_statements_covered_display": "0"}, "missing_lines": [1080, 1081], "excluded_lines": [], "start_line": 1073}, "OperationalMemory.create_analysis": {"executed_lines": [1118, 1119, 1120, 1123, 1124, 1125, 1127, 1128, 1131, 1132, 1134, 1153, 1154, 1155, 1156, 1158, 1159, 1172, 1173, 1174, 1175], "summary": {"covered_lines": 21, "num_statements": 25, "percent_covered": 84.0, "percent_covered_display": "84", "missing_lines": 4, "excluded_lines": 0, "percent_statements_covered": 84.0, "percent_statements_covered_display": "84"}, "missing_lines": [1177, 1178, 1179, 1180], "excluded_lines": [], "start_line": 1087}, "OperationalMemory.list_analyses": {"executed_lines": [1204, 1205, 1207, 1208, 1209, 1211, 1212, 1213, 1215, 1216, 1217, 1219, 1220, 1221, 1223, 1224, 1225, 1227, 1229, 1244, 1245, 1246, 1248, 1249, 1250, 1251, 1252, 1254, 1260, 1266, 1267], "summary": {"covered_lines": 31, "num_statements": 44, "percent_covered": 70.45454545454545, "percent_covered_display": "70", "missing_lines": 13, "excluded_lines": 0, "percent_statements_covered": 70.45454545454545, "percent_statements_covered_display": "70"}, "missing_lines": [1255, 1256, 1257, 1258, 1259, 1261, 1262, 1263, 1264, 1265, 1268, 1269, 1270], "excluded_lines": [], "start_line": 1182}, "OperationalMemory.update_analysis_status": {"executed_lines": [1287, 1288, 1289, 1291, 1294, 1295, 1303, 1310, 1311, 1315, 1316, 1322, 1324, 1325, 1326, 1328, 1329], "summary": {"covered_lines": 17, "num_statements": 22, "percent_covered": 77.27272727272727, "percent_covered_display": "77", "missing_lines": 5, "excluded_lines": 0, "percent_statements_covered": 77.27272727272727, "percent_statements_covered_display": "77"}, "missing_lines": [1312, 1313, 1331, 1332, 1333], "excluded_lines": [], "start_line": 1272}, "OperationalMemory.assign_analysis": {"executed_lines": [1347, 1349, 1356, 1357, 1358, 1359, 1361, 1362, 1368, 1370, 1371, 1372, 1374, 1375], "summary": {"covered_lines": 14, "num_statements": 17, "percent_covered": 82.3529411764706, "percent_covered_display": "82", "missing_lines": 3, "excluded_lines": 0, "percent_statements_covered": 82.3529411764706, "percent_statements_covered_display": "82"}, "missing_lines": [1377, 1378, 1379], "excluded_lines": [], "start_line": 1335}, "OperationalMemory.get_analysis": {"executed_lines": [1391, 1396, 1397, 1400, 1401, 1402, 1403, 1404, 1406, 1407, 1408, 1409, 1412, 1413, 1414, 1415, 1418, 1419], "summary": {"covered_lines": 18, "num_statements": 26, "percent_covered": 69.23076923076923, "percent_covered_display": "69", "missing_lines": 8, "excluded_lines": 0, "percent_statements_covered": 69.23076923076923, "percent_statements_covered_display": "69"}, "missing_lines": [1398, 1410, 1411, 1416, 1417, 1420, 1421, 1422], "excluded_lines": [], "start_line": 1381}, "OperationalMemory.get_analysis_summary": {"executed_lines": [1435, 1436, 1440, 1442, 1446, 1448, 1449, 1450, 1458, 1459, 1462, 1463, 1464, 1465, 1467, 1468, 1469, 1470, 1471, 1472, 1474, 1475, 1476, 1477, 1478, 1479, 1480, 1481, 1482, 1484], "summary": {"covered_lines": 30, "num_statements": 33, "percent_covered": 90.9090909090909, "percent_covered_display": "91", "missing_lines": 3, "excluded_lines": 0, "percent_statements_covered": 90.9090909090909, "percent_statements_covered_display": "91"}, "missing_lines": [1492, 1493, 1494], "excluded_lines": [], "start_line": 1424}, "OperationalMemory.detect_performance_issues": {"executed_lines": [1523, 1526, 1527, 1528, 1529, 1542, 1543, 1555, 1556, 1569, 1570, 1571, 1572, 1586, 1587, 1599, 1613, 1614, 1615, 1616, 1630, 1631, 1643, 1657, 1658, 1659, 1660, 1687, 1688, 1689, 1690, 1717, 1733], "summary": {"covered_lines": 33, "num_statements": 42, "percent_covered": 78.57142857142857, "percent_covered_display": "79", "missing_lines": 9, "excluded_lines": 0, "percent_statements_covered": 78.57142857142857, "percent_statements_covered_display": "79"}, "missing_lines": [1600, 1644, 1673, 1674, 1703, 1704, 1718, 1719, 1720], "excluded_lines": [], "start_line": 1496}, "OperationalMemory.create_analysis_from_issues": {"executed_lines": [1756, 1757, 1759, 1760, 1761, 1763, 1764, 1765, 1766, 1767, 1769, 1772, 1774, 1780, 1781, 1791, 1795], "summary": {"covered_lines": 17, "num_statements": 21, "percent_covered": 80.95238095238095, "percent_covered_display": "81", "missing_lines": 4, "excluded_lines": 0, "percent_statements_covered": 80.95238095238095, "percent_statements_covered_display": "81"}, "missing_lines": [1768, 1770, 1792, 1793], "excluded_lines": [], "start_line": 1735}, "OperationalMemory.create_security_audit": {"executed_lines": [1826, 1827, 1828, 1831, 1832, 1833, 1835, 1836, 1838, 1854, 1855, 1856, 1857, 1859, 1860, 1870, 1871, 1872, 1873], "summary": {"covered_lines": 19, "num_statements": 23, "percent_covered": 82.6086956521739, "percent_covered_display": "83", "missing_lines": 4, "excluded_lines": 0, "percent_statements_covered": 82.6086956521739, "percent_statements_covered_display": "83"}, "missing_lines": [1875, 1876, 1877, 1878], "excluded_lines": [], "start_line": 1801}, "OperationalMemory.list_security_audits": {"executed_lines": [1904, 1905, 1907, 1908, 1909, 1911, 1912, 1913, 1915, 1916, 1917, 1919, 1920, 1921, 1923, 1924, 1925, 1927, 1928, 1929, 1931, 1933, 1948, 1949, 1950, 1952, 1953, 1954], "summary": {"covered_lines": 28, "num_statements": 31, "percent_covered": 90.3225806451613, "percent_covered_display": "90", "missing_lines": 3, "excluded_lines": 0, "percent_statements_covered": 90.3225806451613, "percent_statements_covered_display": "90"}, "missing_lines": [1955, 1956, 1957], "excluded_lines": [], "start_line": 1880}, "OperationalMemory.resolve_security_audit": {"executed_lines": [1979, 1980, 1982, 1984, 1993, 1994, 1995, 1996, 1998, 1999, 2006, 2008, 2009, 2010, 2012, 2013], "summary": {"covered_lines": 16, "num_statements": 19, "percent_covered": 84.21052631578948, "percent_covered_display": "84", "missing_lines": 3, "excluded_lines": 0, "percent_statements_covered": 84.21052631578948, "percent_statements_covered_display": "84"}, "missing_lines": [2015, 2016, 2017], "excluded_lines": [], "start_line": 1959}, "OperationalMemory.get_security_audit": {"executed_lines": [2029, 2034, 2035, 2038, 2039, 2040, 2041], "summary": {"covered_lines": 7, "num_statements": 11, "percent_covered": 63.63636363636363, "percent_covered_display": "64", "missing_lines": 4, "excluded_lines": 0, "percent_statements_covered": 63.63636363636363, "percent_statements_covered_display": "64"}, "missing_lines": [2036, 2042, 2043, 2044], "excluded_lines": [], "start_line": 2019}, "OperationalMemory.get_security_summary": {"executed_lines": [2057, 2058, 2062, 2064, 2068, 2070, 2071, 2072, 2079, 2080, 2083, 2084, 2085, 2087, 2088, 2089, 2090, 2091, 2093, 2094, 2095, 2096, 2097, 2098, 2099, 2101], "summary": {"covered_lines": 26, "num_statements": 29, "percent_covered": 89.65517241379311, "percent_covered_display": "90", "missing_lines": 3, "excluded_lines": 0, "percent_statements_covered": 89.65517241379311, "percent_statements_covered_display": "90"}, "missing_lines": [2108, 2109, 2110], "excluded_lines": [], "start_line": 2046}, "OperationalMemory.get_security_audit_trail": {"executed_lines": [2132, 2133, 2135, 2136, 2137, 2139, 2140, 2141, 2143, 2144, 2145, 2147, 2149, 2164, 2165, 2166, 2168, 2169, 2170, 2171, 2172, 2173, 2174, 2175, 2176], "summary": {"covered_lines": 25, "num_statements": 28, "percent_covered": 89.28571428571429, "percent_covered_display": "89", "missing_lines": 3, "excluded_lines": 0, "percent_statements_covered": 89.28571428571429, "percent_statements_covered_display": "89"}, "missing_lines": [2177, 2178, 2179], "excluded_lines": [], "start_line": 2112}, "OperationalMemory.create_improvement": {"executed_lines": [2217, 2218, 2219, 2222, 2223, 2226, 2228, 2229, 2231, 2252, 2253, 2254, 2255, 2257, 2258, 2271, 2272, 2273, 2276, 2283], "summary": {"covered_lines": 20, "num_statements": 24, "percent_covered": 83.33333333333333, "percent_covered_display": "83", "missing_lines": 4, "excluded_lines": 0, "percent_statements_covered": 83.33333333333333, "percent_statements_covered_display": "83"}, "missing_lines": [2285, 2286, 2287, 2288], "excluded_lines": [], "start_line": 2185}, "OperationalMemory.list_improvements": {"executed_lines": [2308, 2309, 2310, 2311, 2314, 2315, 2316, 2317, 2320, 2321, 2323, 2324, 2325, 2327, 2328, 2329, 2331, 2332, 2333, 2335, 2337, 2344, 2345, 2346, 2348, 2349, 2350], "summary": {"covered_lines": 27, "num_statements": 30, "percent_covered": 90.0, "percent_covered_display": "90", "missing_lines": 3, "excluded_lines": 0, "percent_statements_covered": 90.0, "percent_statements_covered_display": "90"}, "missing_lines": [2351, 2352, 2353], "excluded_lines": [], "start_line": 2290}, "OperationalMemory.approve_improvement": {"executed_lines": [2366, 2368, 2377, 2378, 2379, 2380, 2382, 2383, 2389, 2391, 2392, 2393, 2396, 2403, 2404], "summary": {"covered_lines": 15, "num_statements": 18, "percent_covered": 83.33333333333333, "percent_covered_display": "83", "missing_lines": 3, "excluded_lines": 0, "percent_statements_covered": 83.33333333333333, "percent_statements_covered_display": "83"}, "missing_lines": [2406, 2407, 2408], "excluded_lines": [], "start_line": 2355}, "OperationalMemory.reject_improvement": {"executed_lines": [2422, 2424, 2434, 2435, 2436, 2437, 2439, 2440, 2447, 2449, 2450, 2451, 2454, 2461, 2462], "summary": {"covered_lines": 15, "num_statements": 18, "percent_covered": 83.33333333333333, "percent_covered_display": "83", "missing_lines": 3, "excluded_lines": 0, "percent_statements_covered": 83.33333333333333, "percent_statements_covered_display": "83"}, "missing_lines": [2464, 2465, 2466], "excluded_lines": [], "start_line": 2410}, "OperationalMemory.implement_improvement": {"executed_lines": [2479, 2481, 2489, 2490, 2491, 2492, 2494, 2495, 2500, 2502, 2503, 2504, 2507, 2514, 2515, 2522, 2523], "summary": {"covered_lines": 17, "num_statements": 20, "percent_covered": 85.0, "percent_covered_display": "85", "missing_lines": 3, "excluded_lines": 0, "percent_statements_covered": 85.0, "percent_statements_covered_display": "85"}, "missing_lines": [2525, 2526, 2527], "excluded_lines": [], "start_line": 2468}, "OperationalMemory.get_improvement": {"executed_lines": [2539, 2544, 2545, 2546, 2548, 2549, 2550, 2551], "summary": {"covered_lines": 8, "num_statements": 11, "percent_covered": 72.72727272727273, "percent_covered_display": "73", "missing_lines": 3, "excluded_lines": 0, "percent_statements_covered": 72.72727272727273, "percent_statements_covered_display": "73"}, "missing_lines": [2552, 2553, 2554], "excluded_lines": [], "start_line": 2529}, "OperationalMemory.get_improvement_summary": {"executed_lines": [2563, 2568, 2569, 2570, 2578, 2579, 2582, 2583, 2585, 2586, 2587, 2589, 2590, 2591, 2592, 2594, 2595, 2596, 2597, 2598, 2601, 2609, 2610, 2621, 2627, 2628, 2630], "summary": {"covered_lines": 27, "num_statements": 30, "percent_covered": 90.0, "percent_covered_display": "90", "missing_lines": 3, "excluded_lines": 0, "percent_statements_covered": 90.0, "percent_statements_covered_display": "90"}, "missing_lines": [2638, 2639, 2640], "excluded_lines": [], "start_line": 2556}, "OperationalMemory.create_reflection": {"executed_lines": [], "summary": {"covered_lines": 0, "num_statements": 17, "percent_covered": 0.0, "percent_covered_display": "0", "missing_lines": 17, "excluded_lines": 0, "percent_statements_covered": 0.0, "percent_statements_covered_display": "0"}, "missing_lines": [2667, 2668, 2670, 2684, 2685, 2686, 2687, 2689, 2690, 2699, 2700, 2701, 2702, 2704, 2705, 2706, 2707], "excluded_lines": [], "start_line": 2646}, "OperationalMemory.get_reflection": {"executed_lines": [], "summary": {"covered_lines": 0, "num_statements": 11, "percent_covered": 0.0, "percent_covered_display": "0", "missing_lines": 11, "excluded_lines": 0, "percent_statements_covered": 0.0, "percent_statements_covered_display": "0"}, "missing_lines": [2719, 2724, 2725, 2726, 2728, 2729, 2730, 2731, 2732, 2733, 2734], "excluded_lines": [], "start_line": 2709}, "OperationalMemory.list_reflections": {"executed_lines": [], "summary": {"covered_lines": 0, "num_statements": 22, "percent_covered": 0.0, "percent_covered_display": "0", "missing_lines": 22, "excluded_lines": 0, "percent_statements_covered": 0.0, "percent_statements_covered_display": "0"}, "missing_lines": [2755, 2756, 2758, 2759, 2760, 2762, 2763, 2764, 2766, 2767, 2768, 2770, 2772, 2780, 2781, 2782, 2784, 2785, 2786, 2787, 2788, 2789], "excluded_lines": [], "start_line": 2736}, "OperationalMemory.count_unconsolidated_reflections": {"executed_lines": [], "summary": {"covered_lines": 0, "num_statements": 11, "percent_covered": 0.0, "percent_covered_display": "0", "missing_lines": 11, "excluded_lines": 0, "percent_statements_covered": 0.0, "percent_statements_covered_display": "0"}, "missing_lines": [2798, 2803, 2804, 2805, 2807, 2808, 2809, 2810, 2811, 2812, 2813], "excluded_lines": [], "start_line": 2791}, "OperationalMemory.create_learning": {"executed_lines": [], "summary": {"covered_lines": 0, "num_statements": 17, "percent_covered": 0.0, "percent_covered_display": "0", "missing_lines": 17, "excluded_lines": 0, "percent_statements_covered": 0.0, "percent_statements_covered_display": "0"}, "missing_lines": [2836, 2837, 2839, 2853, 2854, 2855, 2856, 2858, 2859, 2870, 2871, 2872, 2873, 2875, 2876, 2877, 2878], "excluded_lines": [], "start_line": 2815}, "OperationalMemory.get_learning": {"executed_lines": [], "summary": {"covered_lines": 0, "num_statements": 21, "percent_covered": 0.0, "percent_covered_display": "0", "missing_lines": 21, "excluded_lines": 0, "percent_statements_covered": 0.0, "percent_statements_covered_display": "0"}, "missing_lines": [2890, 2895, 2896, 2897, 2899, 2900, 2901, 2902, 2903, 2905, 2906, 2907, 2908, 2909, 2910, 2911, 2912, 2913, 2914, 2915, 2916], "excluded_lines": [], "start_line": 2880}, "OperationalMemory.list_learnings": {"executed_lines": [], "summary": {"covered_lines": 0, "num_statements": 30, "percent_covered": 0.0, "percent_covered_display": "0", "missing_lines": 30, "excluded_lines": 0, "percent_statements_covered": 0.0, "percent_statements_covered_display": "0"}, "missing_lines": [2935, 2936, 2938, 2939, 2940, 2942, 2943, 2944, 2946, 2948, 2956, 2957, 2958, 2960, 2961, 2962, 2963, 2964, 2966, 2967, 2968, 2969, 2970, 2971, 2972, 2973, 2974, 2975, 2976, 2977], "excluded_lines": [], "start_line": 2918}, "OperationalMemory.create_metarule": {"executed_lines": [], "summary": {"covered_lines": 0, "num_statements": 20, "percent_covered": 0.0, "percent_covered_display": "0", "missing_lines": 20, "excluded_lines": 0, "percent_statements_covered": 0.0, "percent_statements_covered_display": "0"}, "missing_lines": [3006, 3007, 3008, 3010, 3011, 3013, 3031, 3032, 3033, 3034, 3036, 3037, 3045, 3046, 3047, 3048, 3050, 3051, 3052, 3053], "excluded_lines": [], "start_line": 2983}, "OperationalMemory.get_metarule": {"executed_lines": [], "summary": {"covered_lines": 0, "num_statements": 11, "percent_covered": 0.0, "percent_covered_display": "0", "missing_lines": 11, "excluded_lines": 0, "percent_statements_covered": 0.0, "percent_statements_covered_display": "0"}, "missing_lines": [3065, 3070, 3071, 3072, 3074, 3075, 3076, 3077, 3078, 3079, 3080], "excluded_lines": [], "start_line": 3055}, "OperationalMemory.list_metarules": {"executed_lines": [], "summary": {"covered_lines": 0, "num_statements": 19, "percent_covered": 0.0, "percent_covered_display": "0", "missing_lines": 19, "excluded_lines": 0, "percent_statements_covered": 0.0, "percent_statements_covered_display": "0"}, "missing_lines": [3099, 3100, 3102, 3103, 3104, 3106, 3107, 3108, 3110, 3112, 3120, 3121, 3122, 3124, 3125, 3126, 3127, 3128, 3129], "excluded_lines": [], "start_line": 3082}, "OperationalMemory.approve_metarule": {"executed_lines": [], "summary": {"covered_lines": 0, "num_statements": 17, "percent_covered": 0.0, "percent_covered_display": "0", "missing_lines": 17, "excluded_lines": 0, "percent_statements_covered": 0.0, "percent_statements_covered_display": "0"}, "missing_lines": [3142, 3144, 3152, 3153, 3154, 3155, 3157, 3158, 3164, 3166, 3167, 3168, 3170, 3171, 3173, 3174, 3175], "excluded_lines": [], "start_line": 3131}, "OperationalMemory.apply_metarule": {"executed_lines": [], "summary": {"covered_lines": 0, "num_statements": 16, "percent_covered": 0.0, "percent_covered_display": "0", "missing_lines": 16, "excluded_lines": 0, "percent_statements_covered": 0.0, "percent_statements_covered_display": "0"}, "missing_lines": [3190, 3204, 3205, 3206, 3207, 3209, 3210, 3215, 3217, 3218, 3219, 3221, 3222, 3224, 3225, 3226], "excluded_lines": [], "start_line": 3177}, "OperationalMemory.get_metarule_effectiveness": {"executed_lines": [], "summary": {"covered_lines": 0, "num_statements": 13, "percent_covered": 0.0, "percent_covered_display": "0", "missing_lines": 13, "excluded_lines": 0, "percent_statements_covered": 0.0, "percent_statements_covered_display": "0"}, "missing_lines": [3238, 3245, 3246, 3247, 3249, 3250, 3251, 3253, 3254, 3256, 3263, 3264, 3265], "excluded_lines": [], "start_line": 3228}, "OperationalMemory.version_metarule": {"executed_lines": [], "summary": {"covered_lines": 0, "num_statements": 23, "percent_covered": 0.0, "percent_covered_display": "0", "missing_lines": 23, "excluded_lines": 0, "percent_statements_covered": 0.0, "percent_statements_covered_display": "0"}, "missing_lines": [3287, 3288, 3289, 3292, 3293, 3294, 3296, 3315, 3325, 3326, 3327, 3328, 3330, 3332, 3342, 3343, 3344, 3347, 3355, 3356, 3358, 3359, 3360], "excluded_lines": [], "start_line": 3267}, "OperationalMemory.get_metarule_history": {"executed_lines": [], "summary": {"covered_lines": 0, "num_statements": 25, "percent_covered": 0.0, "percent_covered_display": "0", "missing_lines": 25, "excluded_lines": 0, "percent_statements_covered": 0.0, "percent_statements_covered_display": "0"}, "missing_lines": [3375, 3380, 3382, 3383, 3384, 3386, 3388, 3389, 3391, 3392, 3393, 3395, 3396, 3398, 3399, 3400, 3405, 3408, 3411, 3412, 3413, 3415, 3417, 3418, 3419], "excluded_lines": [], "start_line": 3362}, "OperationalMemory.create_indexes": {"executed_lines": [3432, 3506, 3508, 3509, 3513, 3514, 3515, 3516, 3517, 3522], "summary": {"covered_lines": 10, "num_statements": 15, "percent_covered": 66.66666666666667, "percent_covered_display": "67", "missing_lines": 5, "excluded_lines": 0, "percent_statements_covered": 66.66666666666667, "percent_statements_covered_display": "67"}, "missing_lines": [3510, 3511, 3518, 3519, 3520], "excluded_lines": [], "start_line": 3425}, "OperationalMemory.create_task_with_embedding": {"executed_lines": [], "summary": {"covered_lines": 0, "num_statements": 20, "percent_covered": 0.0, "percent_covered_display": "0", "missing_lines": 20, "excluded_lines": 0, "percent_statements_covered": 0.0, "percent_statements_covered_display": "0"}, "missing_lines": [3560, 3561, 3564, 3565, 3567, 3569, 3602, 3603, 3604, 3605, 3607, 3608, 3623, 3624, 3625, 3629, 3631, 3632, 3633, 3634], "excluded_lines": [], "start_line": 3528}, "OperationalMemory.add_dependency": {"executed_lines": [], "summary": {"covered_lines": 0, "num_statements": 16, "percent_covered": 0.0, "percent_covered_display": "0", "missing_lines": 16, "excluded_lines": 0, "percent_statements_covered": 0.0, "percent_statements_covered_display": "0"}, "missing_lines": [3656, 3678, 3679, 3680, 3681, 3683, 3684, 3690, 3691, 3692, 3693, 3696, 3697, 3698, 3699, 3700], "excluded_lines": [], "start_line": 3636}, "OperationalMemory.get_task_dependencies": {"executed_lines": [], "summary": {"covered_lines": 0, "num_statements": 11, "percent_covered": 0.0, "percent_covered_display": "0", "missing_lines": 11, "excluded_lines": 0, "percent_statements_covered": 0.0, "percent_statements_covered_display": "0"}, "missing_lines": [3715, 3722, 3723, 3724, 3725, 3727, 3728, 3729, 3730, 3731, 3732], "excluded_lines": [], "start_line": 3702}, "OperationalMemory.get_ready_tasks": {"executed_lines": [], "summary": {"covered_lines": 0, "num_statements": 11, "percent_covered": 0.0, "percent_covered_display": "0", "missing_lines": 11, "excluded_lines": 0, "percent_statements_covered": 0.0, "percent_statements_covered_display": "0"}, "missing_lines": [3749, 3761, 3762, 3763, 3764, 3766, 3767, 3768, 3769, 3770, 3771], "excluded_lines": [], "start_line": 3734}, "OperationalMemory.complete_task_with_dependencies": {"executed_lines": [], "summary": {"covered_lines": 0, "num_statements": 15, "percent_covered": 0.0, "percent_covered_display": "0", "missing_lines": 15, "excluded_lines": 0, "percent_statements_covered": 0.0, "percent_statements_covered_display": "0"}, "missing_lines": [3790, 3792, 3817, 3818, 3819, 3820, 3822, 3823, 3829, 3831, 3832, 3835, 3837, 3838, 3839], "excluded_lines": [], "start_line": 3773}, "OperationalMemory.log_priority_change": {"executed_lines": [], "summary": {"covered_lines": 0, "num_statements": 10, "percent_covered": 0.0, "percent_covered_display": "0", "missing_lines": 10, "excluded_lines": 0, "percent_statements_covered": 0.0, "percent_statements_covered_display": "0"}, "missing_lines": [3859, 3871, 3872, 3873, 3874, 3876, 3877, 3884, 3885, 3886], "excluded_lines": [], "start_line": 3841}, "OperationalMemory.get_tasks_by_sender": {"executed_lines": [], "summary": {"covered_lines": 0, "num_statements": 15, "percent_covered": 0.0, "percent_covered_display": "0", "missing_lines": 15, "excluded_lines": 0, "percent_statements_covered": 0.0, "percent_statements_covered_display": "0"}, "missing_lines": [3905, 3906, 3912, 3914, 3920, 3922, 3923, 3924, 3925, 3927, 3928, 3929, 3930, 3931, 3932], "excluded_lines": [], "start_line": 3888}, "OperationalMemory.close": {"executed_lines": [], "summary": {"covered_lines": 0, "num_statements": 4, "percent_covered": 0.0, "percent_covered_display": "0", "missing_lines": 4, "excluded_lines": 0, "percent_statements_covered": 0.0, "percent_statements_covered_display": "0"}, "missing_lines": [3936, 3937, 3938, 3939], "excluded_lines": [], "start_line": 3934}, "OperationalMemory.__enter__": {"executed_lines": [], "summary": {"covered_lines": 0, "num_statements": 1, "percent_covered": 0.0, "percent_covered_display": "0", "missing_lines": 1, "excluded_lines": 0, "percent_statements_covered": 0.0, "percent_statements_covered_display": "0"}, "missing_lines": [3943], "excluded_lines": [], "start_line": 3941}, "OperationalMemory.__exit__": {"executed_lines": [], "summary": {"covered_lines": 0, "num_statements": 2, "percent_covered": 0.0, "percent_covered_display": "0", "missing_lines": 2, "excluded_lines": 0, "percent_statements_covered": 0.0, "percent_statements_covered_display": "0"}, "missing_lines": [3947, 3948], "excluded_lines": [], "start_line": 3945}, "": {"executed_lines": [8, 9, 10, 11, 12, 13, 14, 16, 17, 20, 23, 25, 28, 30, 33, 35, 38, 72, 84, 127, 144, 150, 151, 176, 180, 188, 265, 266, 329, 391, 447, 474, 527, 568, 628, 667, 698, 732, 800, 829, 879, 920, 947, 987, 1005, 1073, 1087, 1182, 1272, 1335, 1381, 1424, 1496, 1735, 1801, 1880, 1959, 2019, 2046, 2112, 2185, 2290, 2355, 2410, 2468, 2529, 2556, 2646, 2709, 2736, 2791, 2815, 2880, 2918, 2983, 3055, 3082, 3131, 3177, 3228, 3267, 3362, 3425, 3528, 3636, 3702, 3734, 3773, 3841, 3888, 3934, 3941, 3945, 3955], "summary": {"covered_lines": 94, "num_statements": 124, "percent_covered": 75.80645161290323, "percent_covered_display": "76", "missing_lines": 30, "excluded_lines": 0, "percent_statements_covered": 75.80645161290323, "percent_statements_covered_display": "76"}, "missing_lines": [3957, 3960, 3968, 3969, 3971, 3973, 3974, 3977, 3984, 3987, 3988, 3991, 3992, 3993, 3994, 3995, 3998, 3999, 4003, 4006, 4012, 4015, 4016, 4019, 4020, 4023, 4024, 4027, 4028, 4031], "excluded_lines": [], "start_line": 1}}, "classes": {"RaceConditionError": {"executed_lines": [], "summary": {"covered_lines": 0, "num_statements": 0, "percent_covered": 100.0, "percent_covered_display": "100", "missing_lines": 0, "excluded_lines": 0, "percent_statements_covered": 100.0, "percent_statements_covered_display": "100"}, "missing_lines": [], "excluded_lines": [], "start_line": 23}, "NoPendingTaskError": {"executed_lines": [], "summary": {"covered_lines": 0, "num_statements": 0, "percent_covered": 100.0, "percent_covered_display": "100", "missing_lines": 0, "excluded_lines": 0, "percent_statements_covered": 100.0, "percent_statements_covered_display": "100"}, "missing_lines": [], "excluded_lines": [], "start_line": 28}, "Neo4jUnavailableError": {"executed_lines": [], "summary": {"covered_lines": 0, "num_statements": 0, "percent_covered": 100.0, "percent_covered_display": "100", "missing_lines": 0, "excluded_lines": 0, "percent_statements_covered": 100.0, "percent_statements_covered_display": "100"}, "missing_lines": [], "excluded_lines": [], "start_line": 33}, "OperationalMemory": {"executed_lines": [111, 112, 114, 115, 116, 117, 118, 119, 120, 125, 129, 130, 136, 137, 138, 182, 1118, 1119, 1120, 1123, 1124, 1125, 1127, 1128, 1131, 1132, 1134, 1153, 1154, 1155, 1156, 1158, 1159, 1172, 1173, 1174, 1175, 1204, 1205, 1207, 1208, 1209, 1211, 1212, 1213, 1215, 1216, 1217, 1219, 1220, 1221, 1223, 1224, 1225, 1227, 1229, 1244, 1245, 1246, 1248, 1249, 1250, 1251, 1252, 1254, 1260, 1266, 1267, 1287, 1288, 1289, 1291, 1294, 1295, 1303, 1310, 1311, 1315, 1316, 1322, 1324, 1325, 1326, 1328, 1329, 1347, 1349, 1356, 1357, 1358, 1359, 1361, 1362, 1368, 1370, 1371, 1372, 1374, 1375, 1391, 1396, 1397, 1400, 1401, 1402, 1403, 1404, 1406, 1407, 1408, 1409, 1412, 1413, 1414, 1415, 1418, 1419, 1435, 1436, 1440, 1442, 1446, 1448, 1449, 1450, 1458, 1459, 1462, 1463, 1464, 1465, 1467, 1468, 1469, 1470, 1471, 1472, 1474, 1475, 1476, 1477, 1478, 1479, 1480, 1481, 1482, 1484, 1523, 1526, 1527, 1528, 1529, 1542, 1543, 1555, 1556, 1569, 1570, 1571, 1572, 1586, 1587, 1599, 1613, 1614, 1615, 1616, 1630, 1631, 1643, 1657, 1658, 1659, 1660, 1687, 1688, 1689, 1690, 1717, 1733, 1756, 1757, 1759, 1760, 1761, 1763, 1764, 1765, 1766, 1767, 1769, 1772, 1774, 1780, 1781, 1791, 1795, 1826, 1827, 1828, 1831, 1832, 1833, 1835, 1836, 1838, 1854, 1855, 1856, 1857, 1859, 1860, 1870, 1871, 1872, 1873, 1904, 1905, 1907, 1908, 1909, 1911, 1912, 1913, 1915, 1916, 1917, 1919, 1920, 1921, 1923, 1924, 1925, 1927, 1928, 1929, 1931, 1933, 1948, 1949, 1950, 1952, 1953, 1954, 1979, 1980, 1982, 1984, 1993, 1994, 1995, 1996, 1998, 1999, 2006, 2008, 2009, 2010, 2012, 2013, 2029, 2034, 2035, 2038, 2039, 2040, 2041, 2057, 2058, 2062, 2064, 2068, 2070, 2071, 2072, 2079, 2080, 2083, 2084, 2085, 2087, 2088, 2089, 2090, 2091, 2093, 2094, 2095, 2096, 2097, 2098, 2099, 2101, 2132, 2133, 2135, 2136, 2137, 2139, 2140, 2141, 2143, 2144, 2145, 2147, 2149, 2164, 2165, 2166, 2168, 2169, 2170, 2171, 2172, 2173, 2174, 2175, 2176, 2217, 2218, 2219, 2222, 2223, 2226, 2228, 2229, 2231, 2252, 2253, 2254, 2255, 2257, 2258, 2271, 2272, 2273, 2276, 2283, 2308, 2309, 2310, 2311, 2314, 2315, 2316, 2317, 2320, 2321, 2323, 2324, 2325, 2327, 2328, 2329, 2331, 2332, 2333, 2335, 2337, 2344, 2345, 2346, 2348, 2349, 2350, 2366, 2368, 2377, 2378, 2379, 2380, 2382, 2383, 2389, 2391, 2392, 2393, 2396, 2403, 2404, 2422, 2424, 2434, 2435, 2436, 2437, 2439, 2440, 2447, 2449, 2450, 2451, 2454, 2461, 2462, 2479, 2481, 2489, 2490, 2491, 2492, 2494, 2495, 2500, 2502, 2503, 2504, 2507, 2514, 2515, 2522, 2523, 2539, 2544, 2545, 2546, 2548, 2549, 2550, 2551, 2563, 2568, 2569, 2570, 2578, 2579, 2582, 2583, 2585, 2586, 2587, 2589, 2590, 2591, 2592, 2594, 2595, 2596, 2597, 2598, 2601, 2609, 2610, 2621, 2627, 2628, 2630, 3432, 3506, 3508, 3509, 3513, 3514, 3515, 3516, 3517, 3522], "summary": {"covered_lines": 457, "num_statements": 1261, "percent_covered": 36.241078509119745, "percent_covered_display": "36", "missing_lines": 804, "excluded_lines": 0, "percent_statements_covered": 36.241078509119745, "percent_statements_covered_display": "36"}, "missing_lines": [139, 140, 141, 142, 146, 147, 148, 153, 154, 155, 156, 157, 159, 161, 162, 163, 164, 165, 166, 167, 168, 169, 171, 173, 174, 178, 211, 212, 215, 216, 218, 220, 239, 240, 241, 242, 244, 245, 255, 256, 257, 258, 260, 261, 262, 263, 280, 283, 302, 303, 304, 305, 307, 308, 313, 315, 316, 318, 319, 320, 321, 323, 324, 325, 326, 327, 346, 348, 357, 358, 359, 360, 362, 363, 369, 371, 372, 373, 376, 377, 384, 385, 387, 388, 389, 402, 404, 413, 414, 415, 416, 418, 419, 425, 427, 428, 429, 432, 433, 440, 441, 443, 444, 445, 457, 462, 463, 464, 466, 467, 468, 469, 470, 471, 472, 484, 485, 499, 501, 514, 516, 517, 518, 520, 521, 522, 523, 524, 525, 538, 539, 544, 546, 551, 553, 554, 555, 557, 558, 559, 560, 561, 562, 587, 588, 590, 603, 604, 605, 606, 608, 609, 618, 619, 620, 621, 623, 624, 625, 626, 643, 644, 650, 656, 657, 658, 660, 661, 662, 663, 664, 665, 677, 683, 684, 685, 687, 688, 689, 690, 691, 692, 693, 694, 695, 696, 708, 714, 715, 716, 718, 719, 720, 721, 722, 723, 724, 725, 726, 754, 755, 756, 759, 760, 761, 763, 765, 770, 771, 773, 775, 776, 783, 785, 787, 788, 790, 791, 793, 795, 796, 798, 808, 813, 814, 815, 817, 818, 826, 827, 840, 841, 842, 844, 851, 852, 853, 855, 856, 864, 865, 866, 869, 870, 871, 872, 873, 890, 892, 900, 901, 902, 904, 905, 911, 912, 913, 914, 915, 916, 917, 918, 930, 935, 936, 937, 939, 940, 941, 942, 943, 944, 945, 957, 959, 969, 971, 972, 973, 975, 976, 977, 978, 979, 980, 981, 982, 983, 984, 985, 998, 999, 1012, 1021, 1022, 1023, 1024, 1026, 1028, 1030, 1031, 1032, 1033, 1034, 1036, 1037, 1038, 1039, 1040, 1043, 1044, 1045, 1050, 1055, 1056, 1057, 1058, 1060, 1061, 1062, 1063, 1064, 1065, 1066, 1067, 1068, 1069, 1071, 1080, 1081, 1177, 1178, 1179, 1180, 1255, 1256, 1257, 1258, 1259, 1261, 1262, 1263, 1264, 1265, 1268, 1269, 1270, 1312, 1313, 1331, 1332, 1333, 1377, 1378, 1379, 1398, 1410, 1411, 1416, 1417, 1420, 1421, 1422, 1492, 1493, 1494, 1600, 1644, 1673, 1674, 1703, 1704, 1718, 1719, 1720, 1768, 1770, 1792, 1793, 1875, 1876, 1877, 1878, 1955, 1956, 1957, 2015, 2016, 2017, 2036, 2042, 2043, 2044, 2108, 2109, 2110, 2177, 2178, 2179, 2285, 2286, 2287, 2288, 2351, 2352, 2353, 2406, 2407, 2408, 2464, 2465, 2466, 2525, 2526, 2527, 2552, 2553, 2554, 2638, 2639, 2640, 2667, 2668, 2670, 2684, 2685, 2686, 2687, 2689, 2690, 2699, 2700, 2701, 2702, 2704, 2705, 2706, 2707, 2719, 2724, 2725, 2726, 2728, 2729, 2730, 2731, 2732, 2733, 2734, 2755, 2756, 2758, 2759, 2760, 2762, 2763, 2764, 2766, 2767, 2768, 2770, 2772, 2780, 2781, 2782, 2784, 2785, 2786, 2787, 2788, 2789, 2798, 2803, 2804, 2805, 2807, 2808, 2809, 2810, 2811, 2812, 2813, 2836, 2837, 2839, 2853, 2854, 2855, 2856, 2858, 2859, 2870, 2871, 2872, 2873, 2875, 2876, 2877, 2878, 2890, 2895, 2896, 2897, 2899, 2900, 2901, 2902, 2903, 2905, 2906, 2907, 2908, 2909, 2910, 2911, 2912, 2913, 2914, 2915, 2916, 2935, 2936, 2938, 2939, 2940, 2942, 2943, 2944, 2946, 2948, 2956, 2957, 2958, 2960, 2961, 2962, 2963, 2964, 2966, 2967, 2968, 2969, 2970, 2971, 2972, 2973, 2974, 2975, 2976, 2977, 3006, 3007, 3008, 3010, 3011, 3013, 3031, 3032, 3033, 3034, 3036, 3037, 3045, 3046, 3047, 3048, 3050, 3051, 3052, 3053, 3065, 3070, 3071, 3072, 3074, 3075, 3076, 3077, 3078, 3079, 3080, 3099, 3100, 3102, 3103, 3104, 3106, 3107, 3108, 3110, 3112, 3120, 3121, 3122, 3124, 3125, 3126, 3127, 3128, 3129, 3142, 3144, 3152, 3153, 3154, 3155, 3157, 3158, 3164, 3166, 3167, 3168, 3170, 3171, 3173, 3174, 3175, 3190, 3204, 3205, 3206, 3207, 3209, 3210, 3215, 3217, 3218, 3219, 3221, 3222, 3224, 3225, 3226, 3238, 3245, 3246, 3247, 3249, 3250, 3251, 3253, 3254, 3256, 3263, 3264, 3265, 3287, 3288, 3289, 3292, 3293, 3294, 3296, 3315, 3325, 3326, 3327, 3328, 3330, 3332, 3342, 3343, 3344, 3347, 3355, 3356, 3358, 3359, 3360, 3375, 3380, 3382, 3383, 3384, 3386, 3388, 3389, 3391, 3392, 3393, 3395, 3396, 3398, 3399, 3400, 3405, 3408, 3411, 3412, 3413, 3415, 3417, 3418, 3419, 3510, 3511, 3518, 3519, 3520, 3560, 3561, 3564, 3565, 3567, 3569, 3602, 3603, 3604, 3605, 3607, 3608, 3623, 3624, 3625, 3629, 3631, 3632, 3633, 3634, 3656, 3678, 3679, 3680, 3681, 3683, 3684, 3690, 3691, 3692, 3693, 3696, 3697, 3698, 3699, 3700, 3715, 3722, 3723, 3724, 3725, 3727, 3728, 3729, 3730, 3731, 3732, 3749, 3761, 3762, 3763, 3764, 3766, 3767, 3768, 3769, 3770, 3771, 3790, 3792, 3817, 3818, 3819, 3820, 3822, 3823, 3829, 3831, 3832, 3835, 3837, 3838, 3839, 3859, 3871, 3872, 3873, 3874, 3876, 3877, 3884, 3885, 3886, 3905, 3906, 3912, 3914, 3920, 3922, 3923, 3924, 3925, 3927, 3928, 3929, 3930, 3931, 3932, 3936, 3937, 3938, 3939, 3943, 3947, 3948], "excluded_lines": [], "start_line": 72}, "": {"executed_lines": [8, 9, 10, 11, 12, 13, 14, 16, 17, 20, 23, 25, 28, 30, 33, 35, 38, 46, 47, 48, 49, 50, 51, 52, 53, 54, 55, 56, 57, 61, 63, 67, 68, 69, 72, 84, 127, 144, 150, 151, 176, 180, 188, 265, 266, 329, 391, 447, 474, 527, 568, 628, 667, 698, 732, 800, 829, 879, 920, 947, 987, 1005, 1073, 1087, 1182, 1272, 1335, 1381, 1424, 1496, 1735, 1801, 1880, 1959, 2019, 2046, 2112, 2185, 2290, 2355, 2410, 2468, 2529, 2556, 2646, 2709, 2736, 2791, 2815, 2880, 2918, 2983, 3055, 3082, 3131, 3177, 3228, 3267, 3362, 3425, 3528, 3636, 3702, 3734, 3773, 3841, 3888, 3934, 3941, 3945, 3955], "summary": {"covered_lines": 111, "num_statements": 141, "percent_covered": 78.72340425531915, "percent_covered_display": "79", "missing_lines": 30, "excluded_lines": 0, "percent_statements_covered": 78.72340425531915, "percent_statements_covered_display": "79"}, "missing_lines": [3957, 3960, 3968, 3969, 3971, 3973, 3974, 3977, 3984, 3987, 3988, 3991, 3992, 3993, 3994, 3995, 3998, 3999, 4003, 4006, 4012, 4015, 4016, 4019, 4020, 4023, 4024, 4027, 4028, 4031], "excluded_lines": [], "start_line": 1}}}, "tools/__init__.py": {"executed_lines": [98, 99, 113, 114, 115, 116, 117, 118, 119, 120, 121, 122, 123, 124, 132, 139, 146, 153, 156, 161, 168], "summary": {"covered_lines": 21, "num_statements": 21, "percent_covered": 100.0, "percent_covered_display": "100", "missing_lines": 0, "excluded_lines": 0, "percent_statements_covered": 100.0, "percent_statements_covered_display": "100"}, "missing_lines": [], "excluded_lines": [], "functions": {"": {"executed_lines": [98, 99, 113, 114, 115, 116, 117, 118, 119, 120, 121, 122, 123, 124, 132, 139, 146, 153, 156, 161, 168], "summary": {"covered_lines": 21, "num_statements": 21, "percent_covered": 100.0, "percent_covered_display": "100", "missing_lines": 0, "excluded_lines": 0, "percent_statements_covered": 100.0, "percent_statements_covered_display": "100"}, "missing_lines": [], "excluded_lines": [], "start_line": 1}}, "classes": {"": {"executed_lines": [98, 99, 113, 114, 115, 116, 117, 118, 119, 120, 121, 122, 123, 124, 132, 139, 146, 153, 156, 161, 168], "summary": {"covered_lines": 21, "num_statements": 21, "percent_covered": 100.0, "percent_covered_display": "100", "missing_lines": 0, "excluded_lines": 0, "percent_statements_covered": 100.0, "percent_statements_covered_display": "100"}, "missing_lines": [], "excluded_lines": [], "start_line": 1}}}, "tools/agent_integration.py": {"executed_lines": [14, 15, 16, 19, 20, 21, 24, 27, 47, 62, 82, 131, 160, 194, 224, 246, 264, 289, 314, 350, 371, 395, 431, 456, 480, 497, 518, 541, 564, 588, 606, 624, 628], "summary": {"covered_lines": 33, "num_statements": 167, "percent_covered": 19.760479041916167, "percent_covered_display": "20", "missing_lines": 134, "excluded_lines": 1, "percent_statements_covered": 19.760479041916167, "percent_statements_covered_display": "20"}, "missing_lines": [58, 59, 60, 69, 76, 113, 114, 122, 126, 127, 128, 129, 146, 147, 148, 149, 151, 152, 153, 154, 155, 156, 157, 158, 179, 180, 185, 186, 188, 189, 190, 191, 192, 213, 214, 215, 216, 218, 219, 220, 221, 222, 240, 241, 242, 243, 244, 258, 259, 260, 261, 262, 276, 277, 281, 282, 283, 305, 306, 310, 311, 312, 335, 336, 341, 345, 346, 347, 348, 365, 366, 367, 368, 369, 383, 384, 385, 386, 387, 388, 389, 415, 416, 421, 426, 427, 429, 446, 447, 448, 449, 450, 471, 472, 473, 474, 475, 476, 477, 478, 495, 512, 513, 514, 515, 516, 531, 532, 533, 534, 535, 553, 554, 555, 556, 557, 578, 579, 580, 581, 582, 600, 601, 602, 603, 604, 618, 619, 620, 621, 622, 626, 630, 631], "excluded_lines": [28], "functions": {"AgentMemoryIntegration.__init__": {"executed_lines": [], "summary": {"covered_lines": 0, "num_statements": 3, "percent_covered": 0.0, "percent_covered_display": "0", "missing_lines": 3, "excluded_lines": 0, "percent_statements_covered": 0.0, "percent_statements_covered_display": "0"}, "missing_lines": [58, 59, 60], "excluded_lines": [], "start_line": 47}, "AgentMemoryIntegration._create_memory_instance": {"executed_lines": [], "summary": {"covered_lines": 0, "num_statements": 2, "percent_covered": 0.0, "percent_covered_display": "0", "missing_lines": 2, "excluded_lines": 0, "percent_statements_covered": 0.0, "percent_statements_covered_display": "0"}, "missing_lines": [69, 76], "excluded_lines": [], "start_line": 62}, "AgentMemoryIntegration.create_and_delegate": {"executed_lines": [], "summary": {"covered_lines": 0, "num_statements": 7, "percent_covered": 0.0, "percent_covered_display": "0", "missing_lines": 7, "excluded_lines": 0, "percent_statements_covered": 0.0, "percent_statements_covered_display": "0"}, "missing_lines": [113, 114, 122, 126, 127, 128, 129], "excluded_lines": [], "start_line": 82}, "AgentMemoryIntegration.claim_next_task": {"executed_lines": [], "summary": {"covered_lines": 0, "num_statements": 12, "percent_covered": 0.0, "percent_covered_display": "0", "missing_lines": 12, "excluded_lines": 0, "percent_statements_covered": 0.0, "percent_statements_covered_display": "0"}, "missing_lines": [146, 147, 148, 149, 151, 152, 153, 154, 155, 156, 157, 158], "excluded_lines": [], "start_line": 131}, "AgentMemoryIntegration.complete_and_notify": {"executed_lines": [], "summary": {"covered_lines": 0, "num_statements": 9, "percent_covered": 0.0, "percent_covered_display": "0", "missing_lines": 9, "excluded_lines": 0, "percent_statements_covered": 0.0, "percent_statements_covered_display": "0"}, "missing_lines": [179, 180, 185, 186, 188, 189, 190, 191, 192], "excluded_lines": [], "start_line": 160}, "AgentMemoryIntegration.fail_and_notify": {"executed_lines": [], "summary": {"covered_lines": 0, "num_statements": 9, "percent_covered": 0.0, "percent_covered_display": "0", "missing_lines": 9, "excluded_lines": 0, "percent_statements_covered": 0.0, "percent_statements_covered_display": "0"}, "missing_lines": [213, 214, 215, 216, 218, 219, 220, 221, 222], "excluded_lines": [], "start_line": 194}, "AgentMemoryIntegration.get_task": {"executed_lines": [], "summary": {"covered_lines": 0, "num_statements": 5, "percent_covered": 0.0, "percent_covered_display": "0", "missing_lines": 5, "excluded_lines": 0, "percent_statements_covered": 0.0, "percent_statements_covered_display": "0"}, "missing_lines": [240, 241, 242, 243, 244], "excluded_lines": [], "start_line": 224}, "AgentMemoryIntegration.list_my_pending_tasks": {"executed_lines": [], "summary": {"covered_lines": 0, "num_statements": 5, "percent_covered": 0.0, "percent_covered_display": "0", "missing_lines": 5, "excluded_lines": 0, "percent_statements_covered": 0.0, "percent_statements_covered_display": "0"}, "missing_lines": [258, 259, 260, 261, 262], "excluded_lines": [], "start_line": 246}, "AgentMemoryIntegration.list_my_in_progress_tasks": {"executed_lines": [], "summary": {"covered_lines": 0, "num_statements": 5, "percent_covered": 0.0, "percent_covered_display": "0", "missing_lines": 5, "excluded_lines": 0, "percent_statements_covered": 0.0, "percent_statements_covered_display": "0"}, "missing_lines": [276, 277, 281, 282, 283], "excluded_lines": [], "start_line": 264}, "AgentMemoryIntegration.get_my_notifications": {"executed_lines": [], "summary": {"covered_lines": 0, "num_statements": 5, "percent_covered": 0.0, "percent_covered_display": "0", "missing_lines": 5, "excluded_lines": 0, "percent_statements_covered": 0.0, "percent_statements_covered_display": "0"}, "missing_lines": [305, 306, 310, 311, 312], "excluded_lines": [], "start_line": 289}, "AgentMemoryIntegration.send_notification": {"executed_lines": [], "summary": {"covered_lines": 0, "num_statements": 7, "percent_covered": 0.0, "percent_covered_display": "0", "missing_lines": 7, "excluded_lines": 0, "percent_statements_covered": 0.0, "percent_statements_covered_display": "0"}, "missing_lines": [335, 336, 341, 345, 346, 347, 348], "excluded_lines": [], "start_line": 314}, "AgentMemoryIntegration.mark_notification_read": {"executed_lines": [], "summary": {"covered_lines": 0, "num_statements": 5, "percent_covered": 0.0, "percent_covered_display": "0", "missing_lines": 5, "excluded_lines": 0, "percent_statements_covered": 0.0, "percent_statements_covered_display": "0"}, "missing_lines": [365, 366, 367, 368, 369], "excluded_lines": [], "start_line": 350}, "AgentMemoryIntegration.mark_all_my_notifications_read": {"executed_lines": [], "summary": {"covered_lines": 0, "num_statements": 7, "percent_covered": 0.0, "percent_covered_display": "0", "missing_lines": 7, "excluded_lines": 0, "percent_statements_covered": 0.0, "percent_statements_covered_display": "0"}, "missing_lines": [383, 384, 385, 386, 387, 388, 389], "excluded_lines": [], "start_line": 371}, "AgentMemoryIntegration.check_my_rate_limit": {"executed_lines": [], "summary": {"covered_lines": 0, "num_statements": 6, "percent_covered": 0.0, "percent_covered_display": "0", "missing_lines": 6, "excluded_lines": 0, "percent_statements_covered": 0.0, "percent_statements_covered_display": "0"}, "missing_lines": [415, 416, 421, 426, 427, 429], "excluded_lines": [], "start_line": 395}, "AgentMemoryIntegration.record_my_operation": {"executed_lines": [], "summary": {"covered_lines": 0, "num_statements": 5, "percent_covered": 0.0, "percent_covered_display": "0", "missing_lines": 5, "excluded_lines": 0, "percent_statements_covered": 0.0, "percent_statements_covered_display": "0"}, "missing_lines": [446, 447, 448, 449, 450], "excluded_lines": [], "start_line": 431}, "AgentMemoryIntegration.update_my_heartbeat": {"executed_lines": [], "summary": {"covered_lines": 0, "num_statements": 8, "percent_covered": 0.0, "percent_covered_display": "0", "missing_lines": 8, "excluded_lines": 0, "percent_statements_covered": 0.0, "percent_statements_covered_display": "0"}, "missing_lines": [471, 472, 473, 474, 475, 476, 477, 478], "excluded_lines": [], "start_line": 456}, "AgentMemoryIntegration.set_my_status": {"executed_lines": [], "summary": {"covered_lines": 0, "num_statements": 1, "percent_covered": 0.0, "percent_covered_display": "0", "missing_lines": 1, "excluded_lines": 0, "percent_statements_covered": 0.0, "percent_statements_covered_display": "0"}, "missing_lines": [495], "excluded_lines": [], "start_line": 480}, "AgentMemoryIntegration.set_busy": {"executed_lines": [], "summary": {"covered_lines": 0, "num_statements": 5, "percent_covered": 0.0, "percent_covered_display": "0", "missing_lines": 5, "excluded_lines": 0, "percent_statements_covered": 0.0, "percent_statements_covered_display": "0"}, "missing_lines": [512, 513, 514, 515, 516], "excluded_lines": [], "start_line": 497}, "AgentMemoryIntegration.get_my_status": {"executed_lines": [], "summary": {"covered_lines": 0, "num_statements": 5, "percent_covered": 0.0, "percent_covered_display": "0", "missing_lines": 5, "excluded_lines": 0, "percent_statements_covered": 0.0, "percent_statements_covered_display": "0"}, "missing_lines": [531, 532, 533, 534, 535], "excluded_lines": [], "start_line": 518}, "AgentMemoryIntegration.check_health": {"executed_lines": [], "summary": {"covered_lines": 0, "num_statements": 5, "percent_covered": 0.0, "percent_covered_display": "0", "missing_lines": 5, "excluded_lines": 0, "percent_statements_covered": 0.0, "percent_statements_covered_display": "0"}, "missing_lines": [553, 554, 555, 556, 557], "excluded_lines": [], "start_line": 541}, "AgentMemoryIntegration.is_healthy": {"executed_lines": [], "summary": {"covered_lines": 0, "num_statements": 5, "percent_covered": 0.0, "percent_covered_display": "0", "missing_lines": 5, "excluded_lines": 0, "percent_statements_covered": 0.0, "percent_statements_covered_display": "0"}, "missing_lines": [578, 579, 580, 581, 582], "excluded_lines": [], "start_line": 564}, "AgentMemoryIntegration.create_indexes": {"executed_lines": [], "summary": {"covered_lines": 0, "num_statements": 5, "percent_covered": 0.0, "percent_covered_display": "0", "missing_lines": 5, "excluded_lines": 0, "percent_statements_covered": 0.0, "percent_statements_covered_display": "0"}, "missing_lines": [600, 601, 602, 603, 604], "excluded_lines": [], "start_line": 588}, "AgentMemoryIntegration.close": {"executed_lines": [], "summary": {"covered_lines": 0, "num_statements": 5, "percent_covered": 0.0, "percent_covered_display": "0", "missing_lines": 5, "excluded_lines": 0, "percent_statements_covered": 0.0, "percent_statements_covered_display": "0"}, "missing_lines": [618, 619, 620, 621, 622], "excluded_lines": [], "start_line": 606}, "AgentMemoryIntegration.__enter__": {"executed_lines": [], "summary": {"covered_lines": 0, "num_statements": 1, "percent_covered": 0.0, "percent_covered_display": "0", "missing_lines": 1, "excluded_lines": 0, "percent_statements_covered": 0.0, "percent_statements_covered_display": "0"}, "missing_lines": [626], "excluded_lines": [], "start_line": 624}, "AgentMemoryIntegration.__exit__": {"executed_lines": [], "summary": {"covered_lines": 0, "num_statements": 2, "percent_covered": 0.0, "percent_covered_display": "0", "missing_lines": 2, "excluded_lines": 0, "percent_statements_covered": 0.0, "percent_statements_covered_display": "0"}, "missing_lines": [630, 631], "excluded_lines": [], "start_line": 628}, "": {"executed_lines": [14, 15, 16, 19, 20, 21, 24, 27, 47, 62, 82, 131, 160, 194, 224, 246, 264, 289, 314, 350, 371, 395, 431, 456, 480, 497, 518, 541, 564, 588, 606, 624, 628], "summary": {"covered_lines": 33, "num_statements": 33, "percent_covered": 100.0, "percent_covered_display": "100", "missing_lines": 0, "excluded_lines": 1, "percent_statements_covered": 100.0, "percent_statements_covered_display": "100"}, "missing_lines": [], "excluded_lines": [28], "start_line": 1}}, "classes": {"AgentMemoryIntegration": {"executed_lines": [], "summary": {"covered_lines": 0, "num_statements": 134, "percent_covered": 0.0, "percent_covered_display": "0", "missing_lines": 134, "excluded_lines": 0, "percent_statements_covered": 0.0, "percent_statements_covered_display": "0"}, "missing_lines": [58, 59, 60, 69, 76, 113, 114, 122, 126, 127, 128, 129, 146, 147, 148, 149, 151, 152, 153, 154, 155, 156, 157, 158, 179, 180, 185, 186, 188, 189, 190, 191, 192, 213, 214, 215, 216, 218, 219, 220, 221, 222, 240, 241, 242, 243, 244, 258, 259, 260, 261, 262, 276, 277, 281, 282, 283, 305, 306, 310, 311, 312, 335, 336, 341, 345, 346, 347, 348, 365, 366, 367, 368, 369, 383, 384, 385, 386, 387, 388, 389, 415, 416, 421, 426, 427, 429, 446, 447, 448, 449, 450, 471, 472, 473, 474, 475, 476, 477, 478, 495, 512, 513, 514, 515, 516, 531, 532, 533, 534, 535, 553, 554, 555, 556, 557, 578, 579, 580, 581, 582, 600, 601, 602, 603, 604, 618, 619, 620, 621, 622, 626, 630, 631], "excluded_lines": [], "start_line": 27}, "": {"executed_lines": [14, 15, 16, 19, 20, 21, 24, 27, 47, 62, 82, 131, 160, 194, 224, 246, 264, 289, 314, 350, 371, 395, 431, 456, 480, 497, 518, 541, 564, 588, 606, 624, 628], "summary": {"covered_lines": 33, "num_statements": 33, "percent_covered": 100.0, "percent_covered_display": "100", "missing_lines": 0, "excluded_lines": 1, "percent_statements_covered": 100.0, "percent_statements_covered_display": "100"}, "missing_lines": [], "excluded_lines": [28], "start_line": 1}}}, "tools/backend_collaboration.py": {"executed_lines": [16, 17, 18, 19, 20, 23, 24, 25, 26, 29, 32, 54, 63, 66, 67, 68, 69, 70, 73, 81, 88, 89, 90, 91, 93, 95, 96, 100, 102, 103, 107, 109, 110, 114, 147, 148, 151, 161, 166, 169, 176, 179, 182, 183, 184, 187, 198, 203, 205, 235, 241, 247, 248, 249, 255, 256, 257, 263, 264, 271, 273, 278, 280, 308, 311, 312, 315, 321, 322, 328, 329, 331, 333, 335, 336, 337, 341, 345, 346, 347, 348, 349, 352, 357, 362, 365, 370, 375, 401, 402, 403, 404, 410, 411, 418, 431, 432, 435, 441, 446, 447, 448, 450, 452, 458, 459, 460, 464, 474, 483, 485, 487, 488, 496, 501, 529, 530, 531, 537, 538, 544, 545, 548, 549, 552, 553, 554, 557, 558, 559, 560, 561, 562, 564, 565, 567, 568, 569, 570, 571, 575, 576, 577, 578, 580, 585, 586, 587, 589, 590, 593, 599, 608, 613, 615, 628, 633, 642, 643, 644, 650, 651, 652, 654, 655, 657, 658, 660, 661, 663, 664, 666, 669, 675, 692, 693, 696, 697, 698, 703, 704, 712, 713, 721, 722, 730, 732, 749, 750, 752, 753, 754, 757, 758, 759, 761, 762, 763, 765, 766, 774, 775, 783, 784, 792, 794, 811, 812, 816, 817, 818, 820, 821, 824, 825, 826, 835, 836, 839, 840, 841, 842, 843, 852, 853, 858, 859, 867, 869, 886, 887, 890, 891, 892, 893, 902, 903, 913, 914, 915, 923, 925, 942, 943, 946, 947, 948, 949, 958, 959, 961, 964, 965, 967, 969, 971, 972, 979, 982, 983, 984, 985, 994, 995, 997, 998, 1006, 1008, 1032, 1035, 1036, 1037, 1038, 1039, 1042, 1048, 1049, 1050, 1051, 1052, 1055, 1056, 1057, 1058, 1059, 1067, 1071, 1078, 1083], "summary": {"covered_lines": 289, "num_statements": 325, "percent_covered": 88.92307692307692, "percent_covered_display": "89", "missing_lines": 36, "excluded_lines": 0, "percent_statements_covered": 88.92307692307692, "percent_statements_covered_display": "89"}, "missing_lines": [338, 350, 353, 354, 371, 372, 373, 412, 413, 414, 415, 461, 475, 480, 481, 497, 498, 499, 539, 540, 541, 542, 563, 566, 572, 581, 582, 645, 646, 647, 648, 667, 904, 962, 1068, 1069], "excluded_lines": [], "functions": {"BackendCodeReviewer.__init__": {"executed_lines": [88, 89, 90, 91], "summary": {"covered_lines": 4, "num_statements": 4, "percent_covered": 100.0, "percent_covered_display": "100", "missing_lines": 0, "excluded_lines": 0, "percent_statements_covered": 100.0, "percent_statements_covered_display": "100"}, "missing_lines": [], "excluded_lines": [], "start_line": 81}, "BackendCodeReviewer._validate_category": {"executed_lines": [95, 96], "summary": {"covered_lines": 2, "num_statements": 2, "percent_covered": 100.0, "percent_covered_display": "100", "missing_lines": 0, "excluded_lines": 0, "percent_statements_covered": 100.0, "percent_statements_covered_display": "100"}, "missing_lines": [], "excluded_lines": [], "start_line": 93}, "BackendCodeReviewer._validate_severity": {"executed_lines": [102, 103], "summary": {"covered_lines": 2, "num_statements": 2, "percent_covered": 100.0, "percent_covered_display": "100", "missing_lines": 0, "excluded_lines": 0, "percent_statements_covered": 100.0, "percent_statements_covered_display": "100"}, "missing_lines": [], "excluded_lines": [], "start_line": 100}, "BackendCodeReviewer._validate_status": {"executed_lines": [109, 110], "summary": {"covered_lines": 2, "num_statements": 2, "percent_covered": 100.0, "percent_covered_display": "100", "missing_lines": 0, "excluded_lines": 0, "percent_statements_covered": 100.0, "percent_statements_covered_display": "100"}, "missing_lines": [], "excluded_lines": [], "start_line": 107}, "BackendCodeReviewer.create_backend_analysis": {"executed_lines": [147, 148, 151, 161, 166, 169, 176, 179, 182, 183, 184, 187, 198, 203], "summary": {"covered_lines": 14, "num_statements": 14, "percent_covered": 100.0, "percent_covered_display": "100", "missing_lines": 0, "excluded_lines": 0, "percent_statements_covered": 100.0, "percent_statements_covered_display": "100"}, "missing_lines": [], "excluded_lines": [], "start_line": 114}, "BackendCodeReviewer.get_pending_analyses": {"executed_lines": [235, 241, 247, 248, 249, 255, 256, 257, 263, 264, 271, 273, 278], "summary": {"covered_lines": 13, "num_statements": 13, "percent_covered": 100.0, "percent_covered_display": "100", "missing_lines": 0, "excluded_lines": 0, "percent_statements_covered": 100.0, "percent_statements_covered_display": "100"}, "missing_lines": [], "excluded_lines": [], "start_line": 205}, "BackendCodeReviewer.update_analysis_status": {"executed_lines": [308, 311, 312, 315, 321, 322, 328, 329, 331], "summary": {"covered_lines": 9, "num_statements": 9, "percent_covered": 100.0, "percent_covered_display": "100", "missing_lines": 0, "excluded_lines": 0, "percent_statements_covered": 100.0, "percent_statements_covered_display": "100"}, "missing_lines": [], "excluded_lines": [], "start_line": 280}, "BackendCodeReviewer._add_analysis_note": {"executed_lines": [335, 336, 337, 341, 345, 346, 347, 348, 349, 352, 357, 362, 365, 370], "summary": {"covered_lines": 14, "num_statements": 21, "percent_covered": 66.66666666666667, "percent_covered_display": "67", "missing_lines": 7, "excluded_lines": 0, "percent_statements_covered": 66.66666666666667, "percent_statements_covered_display": "67"}, "missing_lines": [338, 350, 353, 354, 371, 372, 373], "excluded_lines": [], "start_line": 333}, "BackendCodeReviewer.collaborate_with_tem\u00fcjin": {"executed_lines": [401, 402, 403, 404, 410, 411, 418, 431, 432, 435, 441, 446, 447, 448], "summary": {"covered_lines": 14, "num_statements": 18, "percent_covered": 77.77777777777777, "percent_covered_display": "78", "missing_lines": 4, "excluded_lines": 0, "percent_statements_covered": 77.77777777777777, "percent_statements_covered_display": "78"}, "missing_lines": [412, 413, 414, 415], "excluded_lines": [], "start_line": 375}, "BackendCodeReviewer._get_related_context": {"executed_lines": [452, 458, 459, 460, 464, 474, 483], "summary": {"covered_lines": 7, "num_statements": 11, "percent_covered": 63.63636363636363, "percent_covered_display": "64", "missing_lines": 4, "excluded_lines": 0, "percent_statements_covered": 63.63636363636363, "percent_statements_covered_display": "64"}, "missing_lines": [461, 475, 480, 481], "excluded_lines": [], "start_line": 450}, "BackendCodeReviewer._create_implementation_task": {"executed_lines": [487, 488, 496], "summary": {"covered_lines": 3, "num_statements": 6, "percent_covered": 50.0, "percent_covered_display": "50", "missing_lines": 3, "excluded_lines": 0, "percent_statements_covered": 50.0, "percent_statements_covered_display": "50"}, "missing_lines": [497, 498, 499], "excluded_lines": [], "start_line": 485}, "BackendCodeReviewer.validate_fix": {"executed_lines": [529, 530, 531, 537, 538, 544, 545, 548, 549, 552, 553, 554, 557, 558, 559, 560, 561, 562, 564, 565, 567, 568, 569, 570, 571, 575, 576, 577, 578, 580, 585, 586, 587, 589, 590, 593, 599, 608, 613], "summary": {"covered_lines": 39, "num_statements": 48, "percent_covered": 81.25, "percent_covered_display": "81", "missing_lines": 9, "excluded_lines": 0, "percent_statements_covered": 81.25, "percent_statements_covered_display": "81"}, "missing_lines": [539, 540, 541, 542, 563, 566, 572, 581, 582], "excluded_lines": [], "start_line": 501}, "BackendCodeReviewer.get_review_summary": {"executed_lines": [628, 633, 642, 643, 644, 650, 651, 652, 654, 655, 657, 658, 660, 661, 663, 664, 666, 669], "summary": {"covered_lines": 18, "num_statements": 23, "percent_covered": 78.26086956521739, "percent_covered_display": "78", "missing_lines": 5, "excluded_lines": 0, "percent_statements_covered": 78.26086956521739, "percent_statements_covered_display": "78"}, "missing_lines": [645, 646, 647, 648, 667], "excluded_lines": [], "start_line": 615}, "BackendCodeReviewer.check_connection_pool": {"executed_lines": [692, 693, 696, 697, 698, 703, 704, 712, 713, 721, 722, 730], "summary": {"covered_lines": 12, "num_statements": 12, "percent_covered": 100.0, "percent_covered_display": "100", "missing_lines": 0, "excluded_lines": 0, "percent_statements_covered": 100.0, "percent_statements_covered_display": "100"}, "missing_lines": [], "excluded_lines": [], "start_line": 675}, "BackendCodeReviewer.check_resilience": {"executed_lines": [749, 750, 752, 753, 754, 757, 758, 759, 761, 762, 763, 765, 766, 774, 775, 783, 784, 792], "summary": {"covered_lines": 18, "num_statements": 18, "percent_covered": 100.0, "percent_covered_display": "100", "missing_lines": 0, "excluded_lines": 0, "percent_statements_covered": 100.0, "percent_statements_covered_display": "100"}, "missing_lines": [], "excluded_lines": [], "start_line": 732}, "BackendCodeReviewer.check_data_integrity": {"executed_lines": [811, 812, 816, 817, 818, 820, 821, 824, 825, 826, 835, 836, 839, 840, 841, 842, 843, 852, 853, 858, 859, 867], "summary": {"covered_lines": 22, "num_statements": 22, "percent_covered": 100.0, "percent_covered_display": "100", "missing_lines": 0, "excluded_lines": 0, "percent_statements_covered": 100.0, "percent_statements_covered_display": "100"}, "missing_lines": [], "excluded_lines": [], "start_line": 794}, "BackendCodeReviewer.check_performance": {"executed_lines": [886, 887, 890, 891, 892, 893, 902, 903, 913, 914, 915, 923], "summary": {"covered_lines": 12, "num_statements": 13, "percent_covered": 92.3076923076923, "percent_covered_display": "92", "missing_lines": 1, "excluded_lines": 0, "percent_statements_covered": 92.3076923076923, "percent_statements_covered_display": "92"}, "missing_lines": [904], "excluded_lines": [], "start_line": 869}, "BackendCodeReviewer.check_security": {"executed_lines": [942, 943, 946, 947, 948, 949, 958, 959, 961, 964, 965, 967, 969, 971, 972, 979, 982, 983, 984, 985, 994, 995, 997, 998, 1006], "summary": {"covered_lines": 25, "num_statements": 26, "percent_covered": 96.15384615384616, "percent_covered_display": "96", "missing_lines": 1, "excluded_lines": 0, "percent_statements_covered": 96.15384615384616, "percent_statements_covered_display": "96"}, "missing_lines": [962], "excluded_lines": [], "start_line": 925}, "BackendCodeReviewer.review_code_file": {"executed_lines": [1032, 1035, 1036, 1037, 1038, 1039, 1042, 1048, 1049, 1050, 1051, 1052, 1055, 1056, 1057, 1058, 1059, 1067, 1071, 1078, 1083], "summary": {"covered_lines": 21, "num_statements": 23, "percent_covered": 91.30434782608695, "percent_covered_display": "91", "missing_lines": 2, "excluded_lines": 0, "percent_statements_covered": 91.30434782608695, "percent_statements_covered_display": "91"}, "missing_lines": [1068, 1069], "excluded_lines": [], "start_line": 1008}, "": {"executed_lines": [16, 17, 18, 19, 20, 23, 24, 25, 26, 29, 32, 54, 63, 66, 67, 68, 69, 70, 73, 81, 93, 100, 107, 114, 205, 280, 333, 375, 450, 485, 501, 615, 675, 732, 794, 869, 925, 1008], "summary": {"covered_lines": 38, "num_statements": 38, "percent_covered": 100.0, "percent_covered_display": "100", "missing_lines": 0, "excluded_lines": 0, "percent_statements_covered": 100.0, "percent_statements_covered_display": "100"}, "missing_lines": [], "excluded_lines": [], "start_line": 1}}, "classes": {"BackendCodeReviewer": {"executed_lines": [88, 89, 90, 91, 95, 96, 102, 103, 109, 110, 147, 148, 151, 161, 166, 169, 176, 179, 182, 183, 184, 187, 198, 203, 235, 241, 247, 248, 249, 255, 256, 257, 263, 264, 271, 273, 278, 308, 311, 312, 315, 321, 322, 328, 329, 331, 335, 336, 337, 341, 345, 346, 347, 348, 349, 352, 357, 362, 365, 370, 401, 402, 403, 404, 410, 411, 418, 431, 432, 435, 441, 446, 447, 448, 452, 458, 459, 460, 464, 474, 483, 487, 488, 496, 529, 530, 531, 537, 538, 544, 545, 548, 549, 552, 553, 554, 557, 558, 559, 560, 561, 562, 564, 565, 567, 568, 569, 570, 571, 575, 576, 577, 578, 580, 585, 586, 587, 589, 590, 593, 599, 608, 613, 628, 633, 642, 643, 644, 650, 651, 652, 654, 655, 657, 658, 660, 661, 663, 664, 666, 669, 692, 693, 696, 697, 698, 703, 704, 712, 713, 721, 722, 730, 749, 750, 752, 7
[...]
mmary": {"covered_lines": 0, "num_statements": 3, "percent_covered": 0.0, "percent_covered_display": "0", "missing_lines": 3, "excluded_lines": 0, "percent_statements_covered": 0.0, "percent_statements_covered_display": "0"}, "missing_lines": [187, 188, 189], "excluded_lines": [], "start_line": 185}, "TestRelationshipDetection.test_jaccard_similarity_partial_overlap": {"executed_lines": [], "summary": {"covered_lines": 0, "num_statements": 3, "percent_covered": 0.0, "percent_covered_display": "0", "missing_lines": 3, "excluded_lines": 0, "percent_statements_covered": 0.0, "percent_statements_covered_display": "0"}, "missing_lines": [193, 194, 195], "excluded_lines": [], "start_line": 191}, "TestRelationshipDetection.test_detect_enabling_relationship": {"executed_lines": [], "summary": {"covered_lines": 0, "num_statements": 5, "percent_covered": 0.0, "percent_covered_display": "0", "missing_lines": 5, "excluded_lines": 0, "percent_statements_covered": 0.0, "percent_statements_covered_display": "0"}, "missing_lines": [199, 201, 206, 212, 213], "excluded_lines": [], "start_line": 197}, "TestRelationshipDetection.test_detect_conflicting_relationship": {"executed_lines": [], "summary": {"covered_lines": 0, "num_statements": 5, "percent_covered": 0.0, "percent_covered_display": "0", "missing_lines": 5, "excluded_lines": 0, "percent_statements_covered": 0.0, "percent_statements_covered_display": "0"}, "missing_lines": [217, 219, 224, 230, 231], "excluded_lines": [], "start_line": 215}, "TestRelationshipDetection.test_detect_independent_default": {"executed_lines": [], "summary": {"covered_lines": 0, "num_statements": 5, "percent_covered": 0.0, "percent_covered_display": "0", "missing_lines": 5, "excluded_lines": 0, "percent_statements_covered": 0.0, "percent_statements_covered_display": "0"}, "missing_lines": [235, 237, 242, 248, 249], "excluded_lines": [], "start_line": 233}, "TestMultiGoalDAG.test_add_node": {"executed_lines": [], "summary": {"covered_lines": 0, "num_statements": 5, "percent_covered": 0.0, "percent_covered_display": "0", "missing_lines": 5, "excluded_lines": 0, "percent_statements_covered": 0.0, "percent_statements_covered_display": "0"}, "missing_lines": [257, 258, 259, 261, 262], "excluded_lines": [], "start_line": 255}, "TestMultiGoalDAG.test_add_edge": {"executed_lines": [], "summary": {"covered_lines": 0, "num_statements": 6, "percent_covered": 0.0, "percent_covered_display": "0", "missing_lines": 6, "excluded_lines": 0, "percent_statements_covered": 0.0, "percent_statements_covered_display": "0"}, "missing_lines": [266, 267, 268, 270, 275, 277], "excluded_lines": [], "start_line": 264}, "TestMultiGoalDAG.test_add_edge_missing_node_raises_error": {"executed_lines": [], "summary": {"covered_lines": 0, "num_statements": 5, "percent_covered": 0.0, "percent_covered_display": "0", "missing_lines": 5, "excluded_lines": 0, "percent_statements_covered": 0.0, "percent_statements_covered_display": "0"}, "missing_lines": [281, 282, 284, 290, 291], "excluded_lines": [], "start_line": 279}, "TestMultiGoalDAG.test_cycle_detection_no_cycle": {"executed_lines": [], "summary": {"covered_lines": 0, "num_statements": 8, "percent_covered": 0.0, "percent_covered_display": "0", "missing_lines": 8, "excluded_lines": 0, "percent_statements_covered": 0.0, "percent_statements_covered_display": "0"}, "missing_lines": [295, 296, 297, 298, 300, 301, 303, 305], "excluded_lines": [], "start_line": 293}, "TestMultiGoalDAG.test_cycle_detection_with_cycle": {"executed_lines": [], "summary": {"covered_lines": 0, "num_statements": 9, "percent_covered": 0.0, "percent_covered_display": "0", "missing_lines": 9, "excluded_lines": 0, "percent_statements_covered": 0.0, "percent_statements_covered_display": "0"}, "missing_lines": [309, 310, 311, 312, 314, 315, 316, 318, 319], "excluded_lines": [], "start_line": 307}, "TestMultiGoalDAG.test_validation_passes_for_valid_dag": {"executed_lines": [], "summary": {"covered_lines": 0, "num_statements": 7, "percent_covered": 0.0, "percent_covered_display": "0", "missing_lines": 7, "excluded_lines": 0, "percent_statements_covered": 0.0, "percent_statements_covered_display": "0"}, "missing_lines": [323, 324, 325, 326, 328, 329, 330], "excluded_lines": [], "start_line": 321}, "TestMultiGoalDAG.test_validation_fails_for_cyclic_dag": {"executed_lines": [], "summary": {"covered_lines": 0, "num_statements": 9, "percent_covered": 0.0, "percent_covered_display": "0", "missing_lines": 9, "excluded_lines": 0, "percent_statements_covered": 0.0, "percent_statements_covered_display": "0"}, "missing_lines": [334, 335, 336, 337, 338, 340, 341, 342, 343], "excluded_lines": [], "start_line": 332}, "TestMultiGoalDAG.test_execution_order": {"executed_lines": [], "summary": {"covered_lines": 0, "num_statements": 9, "percent_covered": 0.0, "percent_covered_display": "0", "missing_lines": 9, "excluded_lines": 0, "percent_statements_covered": 0.0, "percent_statements_covered_display": "0"}, "missing_lines": [347, 348, 349, 350, 352, 353, 355, 356, 357], "excluded_lines": [], "start_line": 345}, "TestMultiGoalDAG.test_get_ready_nodes": {"executed_lines": [], "summary": {"covered_lines": 0, "num_statements": 13, "percent_covered": 0.0, "percent_covered_display": "0", "missing_lines": 13, "excluded_lines": 0, "percent_statements_covered": 0.0, "percent_statements_covered_display": "0"}, "missing_lines": [361, 362, 363, 364, 366, 367, 368, 371, 372, 374, 376, 377, 378], "excluded_lines": [], "start_line": 359}, "TestMultiGoalDAG.test_get_parallelizable_nodes": {"executed_lines": [], "summary": {"covered_lines": 0, "num_statements": 11, "percent_covered": 0.0, "percent_covered_display": "0", "missing_lines": 11, "excluded_lines": 0, "percent_statements_covered": 0.0, "percent_statements_covered_display": "0"}, "missing_lines": [382, 383, 384, 385, 387, 388, 389, 392, 394, 395, 396], "excluded_lines": [], "start_line": 380}, "TestTopologicalExecutor.test_execute_simple_dag": {"executed_lines": [], "summary": {"covered_lines": 0, "num_statements": 13, "percent_covered": 0.0, "percent_covered_display": "0", "missing_lines": 13, "excluded_lines": 0, "percent_statements_covered": 0.0, "percent_statements_covered_display": "0"}, "missing_lines": [405, 406, 407, 408, 410, 411, 412, 414, 415, 417, 418, 420, 421], "excluded_lines": [], "start_line": 403}, "TestTopologicalExecutor.test_custom_executor": {"executed_lines": [], "summary": {"covered_lines": 0, "num_statements": 9, "percent_covered": 0.0, "percent_covered_display": "0", "missing_lines": 9, "excluded_lines": 0, "percent_statements_covered": 0.0, "percent_statements_covered_display": "0"}, "missing_lines": [426, 427, 428, 430, 432, 436, 437, 439, 440], "excluded_lines": [], "start_line": 424}, "TestTopologicalExecutor.test_custom_executor.custom_executor": {"executed_lines": [], "summary": {"covered_lines": 0, "num_statements": 2, "percent_covered": 0.0, "percent_covered_display": "0", "missing_lines": 2, "excluded_lines": 0, "percent_statements_covered": 0.0, "percent_statements_covered_display": "0"}, "missing_lines": [433, 434], "excluded_lines": [], "start_line": 432}, "TestGoalOrchestrator.test_add_goal": {"executed_lines": [], "summary": {"covered_lines": 0, "num_statements": 4, "percent_covered": 0.0, "percent_covered_display": "0", "missing_lines": 4, "excluded_lines": 0, "percent_statements_covered": 0.0, "percent_statements_covered_display": "0"}, "missing_lines": [448, 449, 455, 456], "excluded_lines": [], "start_line": 446}, "TestGoalOrchestrator.test_add_task": {"executed_lines": [], "summary": {"covered_lines": 0, "num_statements": 4, "percent_covered": 0.0, "percent_covered_display": "0", "missing_lines": 4, "excluded_lines": 0, "percent_statements_covered": 0.0, "percent_statements_covered_display": "0"}, "missing_lines": [460, 461, 467, 468], "excluded_lines": [], "start_line": 458}, "TestGoalOrchestrator.test_relate_enables": {"executed_lines": [], "summary": {"covered_lines": 0, "num_statements": 5, "percent_covered": 0.0, "percent_covered_display": "0", "missing_lines": 5, "excluded_lines": 0, "percent_statements_covered": 0.0, "percent_statements_covered_display": "0"}, "missing_lines": [472, 473, 474, 476, 478], "excluded_lines": [], "start_line": 470}, "TestGoalOrchestrator.test_relate_synergistic": {"executed_lines": [], "summary": {"covered_lines": 0, "num_statements": 6, "percent_covered": 0.0, "percent_covered_display": "0", "missing_lines": 6, "excluded_lines": 0, "percent_statements_covered": 0.0, "percent_statements_covered_display": "0"}, "missing_lines": [482, 483, 484, 486, 493, 494], "excluded_lines": [], "start_line": 480}, "TestGoalOrchestrator.test_decompose_goal_into_tasks": {"executed_lines": [], "summary": {"covered_lines": 0, "num_statements": 8, "percent_covered": 0.0, "percent_covered_display": "0", "missing_lines": 8, "excluded_lines": 0, "percent_statements_covered": 0.0, "percent_statements_covered_display": "0"}, "missing_lines": [498, 499, 500, 501, 503, 505, 506, 507], "excluded_lines": [], "start_line": 496}, "TestGoalOrchestrator.test_decompose_goal_into_subgoals": {"executed_lines": [], "summary": {"covered_lines": 0, "num_statements": 7, "percent_covered": 0.0, "percent_covered_display": "0", "missing_lines": 7, "excluded_lines": 0, "percent_statements_covered": 0.0, "percent_statements_covered_display": "0"}, "missing_lines": [511, 512, 513, 514, 516, 518, 519], "excluded_lines": [], "start_line": 509}, "TestGoalOrchestrator.test_get_status": {"executed_lines": [], "summary": {"covered_lines": 0, "num_statements": 8, "percent_covered": 0.0, "percent_covered_display": "0", "missing_lines": 8, "excluded_lines": 0, "percent_statements_covered": 0.0, "percent_statements_covered_display": "0"}, "missing_lines": [523, 524, 525, 527, 529, 530, 531, 532], "excluded_lines": [], "start_line": 521}, "TestGoalOrchestrator.test_to_dict": {"executed_lines": [], "summary": {"covered_lines": 0, "num_statements": 8, "percent_covered": 0.0, "percent_covered_display": "0", "missing_lines": 8, "excluded_lines": 0, "percent_statements_covered": 0.0, "percent_statements_covered_display": "0"}, "missing_lines": [536, 537, 538, 539, 541, 543, 544, 545], "excluded_lines": [], "start_line": 534}, "TestIntegration.test_multi_goal_with_mixed_relationships": {"executed_lines": [], "summary": {"covered_lines": 0, "num_statements": 26, "percent_covered": 0.0, "percent_covered_display": "0", "missing_lines": 26, "excluded_lines": 0, "percent_statements_covered": 0.0, "percent_statements_covered_display": "0"}, "missing_lines": [554, 557, 558, 559, 560, 563, 564, 565, 566, 567, 570, 571, 572, 573, 576, 577, 578, 579, 582, 583, 586, 587, 588, 591, 592, 593], "excluded_lines": [], "start_line": 552}, "test_visualization": {"executed_lines": [], "summary": {"covered_lines": 0, "num_statements": 11, "percent_covered": 0.0, "percent_covered_display": "0", "missing_lines": 11, "excluded_lines": 0, "percent_statements_covered": 0.0, "percent_statements_covered_display": "0"}, "missing_lines": [599, 600, 601, 602, 604, 605, 607, 608, 609, 610, 611], "excluded_lines": [], "start_line": 597}, "": {"executed_lines": [], "summary": {"covered_lines": 0, "num_statements": 60, "percent_covered": 0.0, "percent_covered_display": "0", "missing_lines": 60, "excluded_lines": 0, "percent_statements_covered": 0.0, "percent_statements_covered_display": "0"}, "missing_lines": [7, 8, 9, 11, 14, 15, 17, 37, 40, 55, 68, 76, 88, 104, 117, 120, 131, 140, 145, 151, 156, 162, 176, 179, 185, 191, 197, 215, 233, 252, 255, 264, 279, 293, 307, 321, 332, 345, 359, 380, 399, 402, 403, 423, 424, 443, 446, 458, 470, 480, 496, 509, 521, 534, 548, 551, 552, 597, 614, 615], "excluded_lines": [], "start_line": 1}}, "classes": {"TestNodeClasses": {"executed_lines": [], "summary": {"covered_lines": 0, "num_statements": 29, "percent_covered": 0.0, "percent_covered_display": "0", "missing_lines": 29, "excluded_lines": 0, "percent_statements_covered": 0.0, "percent_statements_covered_display": "0"}, "missing_lines": [42, 49, 50, 51, 52, 53, 57, 64, 65, 66, 70, 71, 73, 74, 78, 86, 90, 94, 95, 97, 101, 102, 106, 107, 108, 110, 111, 113, 114], "excluded_lines": [], "start_line": 37}, "TestRelationshipTypes": {"executed_lines": [], "summary": {"covered_lines": 0, "num_statements": 20, "percent_covered": 0.0, "percent_covered_display": "0", "missing_lines": 20, "excluded_lines": 0, "percent_statements_covered": 0.0, "percent_statements_covered_display": "0"}, "missing_lines": [122, 127, 128, 129, 133, 134, 142, 143, 147, 148, 149, 153, 154, 158, 159, 160, 164, 171, 172, 173], "excluded_lines": [], "start_line": 117}, "TestRelationshipDetection": {"executed_lines": [], "summary": {"covered_lines": 0, "num_statements": 24, "percent_covered": 0.0, "percent_covered_display": "0", "missing_lines": 24, "excluded_lines": 0, "percent_statements_covered": 0.0, "percent_statements_covered_display": "0"}, "missing_lines": [181, 182, 183, 187, 188, 189, 193, 194, 195, 199, 201, 206, 212, 213, 217, 219, 224, 230, 231, 235, 237, 242, 248, 249], "excluded_lines": [], "start_line": 176}, "TestMultiGoalDAG": {"executed_lines": [], "summary": {"covered_lines": 0, "num_statements": 82, "percent_covered": 0.0, "percent_covered_display": "0", "missing_lines": 82, "excluded_lines": 0, "percent_statements_covered": 0.0, "percent_statements_covered_display": "0"}, "missing_lines": [257, 258, 259, 261, 262, 266, 267, 268, 270, 275, 277, 281, 282, 284, 290, 291, 295, 296, 297, 298, 300, 301, 303, 305, 309, 310, 311, 312, 314, 315, 316, 318, 319, 323, 324, 325, 326, 328, 329, 330, 334, 335, 336, 337, 338, 340, 341, 342, 343, 347, 348, 349, 350, 352, 353, 355, 356, 357, 361, 362, 363, 364, 366, 367, 368, 371, 372, 374, 376, 377, 378, 382, 383, 384, 385, 387, 388, 389, 392, 394, 395, 396], "excluded_lines": [], "start_line": 252}, "TestTopologicalExecutor": {"executed_lines": [], "summary": {"covered_lines": 0, "num_statements": 24, "percent_covered": 0.0, "percent_covered_display": "0", "missing_lines": 24, "excluded_lines": 0, "percent_statements_covered": 0.0, "percent_statements_covered_display": "0"}, "missing_lines": [405, 406, 407, 408, 410, 411, 412, 414, 415, 417, 418, 420, 421, 426, 427, 428, 430, 432, 433, 434, 436, 437, 439, 440], "excluded_lines": [], "start_line": 399}, "TestGoalOrchestrator": {"executed_lines": [], "summary": {"covered_lines": 0, "num_statements": 50, "percent_covered": 0.0, "percent_covered_display": "0", "missing_lines": 50, "excluded_lines": 0, "percent_statements_covered": 0.0, "percent_statements_covered_display": "0"}, "missing_lines": [448, 449, 455, 456, 460, 461, 467, 468, 472, 473, 474, 476, 478, 482, 483, 484, 486, 493, 494, 498, 499, 500, 501, 503, 505, 506, 507, 511, 512, 513, 514, 516, 518, 519, 523, 524, 525, 527, 529, 530, 531, 532, 536, 537, 538, 539, 541, 543, 544, 545], "excluded_lines": [], "start_line": 443}, "TestIntegration": {"executed_lines": [], "summary": {"covered_lines": 0, "num_statements": 26, "percent_covered": 0.0, "percent_covered_display": "0", "missing_lines": 26, "excluded_lines": 0, "percent_statements_covered": 0.0, "percent_statements_covered_display": "0"}, "missing_lines": [554, 557, 558, 559, 560, 563, 564, 565, 566, 567, 570, 571, 572, 573, 576, 577, 578, 579, 582, 583, 586, 587, 588, 591, 592, 593], "excluded_lines": [], "start_line": 548}, "": {"executed_lines": [], "summary": {"covered_lines": 0, "num_statements": 71, "percent_covered": 0.0, "percent_covered_display": "0", "missing_lines": 71, "excluded_lines": 0, "percent_statements_covered": 0.0, "percent_statements_covered_display": "0"}, "missing_lines": [7, 8, 9, 11, 14, 15, 17, 37, 40, 55, 68, 76, 88, 104, 117, 120, 131, 140, 145, 151, 156, 162, 176, 179, 185, 191, 197, 215, 233, 252, 255, 264, 279, 293, 307, 321, 332, 345, 359, 380, 399, 402, 403, 423, 424, 443, 446, 458, 470, 480, 496, 509, 521, 534, 548, 551, 552, 597, 599, 600, 601, 602, 604, 605, 607, 608, 609, 610, 611, 614, 615], "excluded_lines": [], "start_line": 1}}}, "tools/test_parse_client.py": {"executed_lines": [], "summary": {"covered_lines": 0, "num_statements": 80, "percent_covered": 0.0, "percent_covered_display": "0", "missing_lines": 80, "excluded_lines": 0, "percent_statements_covered": 0.0, "percent_statements_covered_display": "0"}, "missing_lines": [9, 10, 11, 14, 16, 26, 28, 30, 31, 35, 36, 37, 38, 39, 40, 41, 42, 43, 46, 48, 50, 51, 53, 54, 59, 60, 61, 62, 63, 64, 65, 66, 67, 68, 69, 70, 73, 75, 77, 78, 82, 83, 84, 85, 86, 87, 88, 89, 90, 91, 94, 96, 98, 99, 100, 101, 102, 103, 104, 105, 106, 107, 108, 111, 113, 114, 115, 116, 117, 119, 120, 121, 123, 126, 131, 134, 135, 136, 139, 140], "excluded_lines": [], "functions": {"test_quick_score": {"executed_lines": [], "summary": {"covered_lines": 0, "num_statements": 12, "percent_covered": 0.0, "percent_covered_display": "0", "missing_lines": 12, "excluded_lines": 0, "percent_statements_covered": 0.0, "percent_statements_covered_display": "0"}, "missing_lines": [28, 30, 31, 35, 36, 37, 38, 39, 40, 41, 42, 43], "excluded_lines": [], "start_line": 26}, "test_full_analysis": {"executed_lines": [], "summary": {"covered_lines": 0, "num_statements": 17, "percent_covered": 0.0, "percent_covered_display": "0", "missing_lines": 17, "excluded_lines": 0, "percent_statements_covered": 0.0, "percent_statements_covered_display": "0"}, "missing_lines": [48, 50, 51, 53, 54, 59, 60, 61, 62, 63, 64, 65, 66, 67, 68, 69, 70], "excluded_lines": [], "start_line": 46}, "test_rewrite": {"executed_lines": [], "summary": {"covered_lines": 0, "num_statements": 13, "percent_covered": 0.0, "percent_covered_display": "0", "missing_lines": 13, "excluded_lines": 0, "percent_statements_covered": 0.0, "percent_statements_covered_display": "0"}, "missing_lines": [75, 77, 78, 82, 83, 84, 85, 86, 87, 88, 89, 90, 91], "excluded_lines": [], "start_line": 73}, "test_usage_stats": {"executed_lines": [], "summary": {"covered_lines": 0, "num_statements": 12, "percent_covered": 0.0, "percent_covered_display": "0", "missing_lines": 12, "excluded_lines": 0, "percent_statements_covered": 0.0, "percent_statements_covered_display": "0"}, "missing_lines": [96, 98, 99, 100, 101, 102, 103, 104, 105, 106, 107, 108], "excluded_lines": [], "start_line": 94}, "main": {"executed_lines": [], "summary": {"covered_lines": 0, "num_statements": 14, "percent_covered": 0.0, "percent_covered_display": "0", "missing_lines": 14, "excluded_lines": 0, "percent_statements_covered": 0.0, "percent_statements_covered_display": "0"}, "missing_lines": [113, 114, 115, 116, 117, 119, 120, 121, 123, 126, 131, 134, 135, 136], "excluded_lines": [], "start_line": 111}, "": {"executed_lines": [], "summary": {"covered_lines": 0, "num_statements": 12, "percent_covered": 0.0, "percent_covered_display": "0", "missing_lines": 12, "excluded_lines": 0, "percent_statements_covered": 0.0, "percent_statements_covered_display": "0"}, "missing_lines": [9, 10, 11, 14, 16, 26, 46, 73, 94, 111, 139, 140], "excluded_lines": [], "start_line": 1}}, "classes": {"": {"executed_lines": [], "summary": {"covered_lines": 0, "num_statements": 80, "percent_covered": 0.0, "percent_covered_display": "0", "missing_lines": 80, "excluded_lines": 0, "percent_statements_covered": 0.0, "percent_statements_covered_display": "0"}, "missing_lines": [9, 10, 11, 14, 16, 26, 28, 30, 31, 35, 36, 37, 38, 39, 40, 41, 42, 43, 46, 48, 50, 51, 53, 54, 59, 60, 61, 62, 63, 64, 65, 66, 67, 68, 69, 70, 73, 75, 77, 78, 82, 83, 84, 85, 86, 87, 88, 89, 90, 91, 94, 96, 98, 99, 100, 101, 102, 103, 104, 105, 106, 107, 108, 111, 113, 114, 115, 116, 117, 119, 120, 121, 123, 126, 131, 134, 135, 136, 139, 140], "excluded_lines": [], "start_line": 1}}}}, "totals": {"covered_lines": 4737, "num_statements": 9492, "percent_covered": 49.905183312262956, "percent_covered_display": "50", "missing_lines": 4755, "excluded_lines": 12, "percent_statements_covered": 49.905183312262956, "percent_statements_covered_display": "50"}}