{"/Users/kurultai/molt/skill-sync-service/src/audit/logger.js": {"path":"/Users/kurultai/molt/skill-sync-service/src/audit/logger.js","statementMap":{"0":{"start":{"line":6,"column":14},"end":{"line":6,"column":37}},"1":{"start":{"line":7,"column":18},"end":{"line":7,"column":48}},"2":{"start":{"line":11,"column":4},"end":{"line":11,"column":50}},"3":{"start":{"line":12,"column":4},"end":{"line":12,"column":53}},"4":{"start":{"line":13,"column":4},"end":{"line":13,"column":65}},"5":{"start":{"line":14,"column":4},"end":{"line":14,"column":44}},"6":{"start":{"line":15,"column":4},"end":{"line":15,"column":23}},"7":{"start":{"line":16,"column":4},"end":{"line":16,"column":27}},"8":{"start":{"line":23,"column":4},"end":{"line":39,"column":5}},"9":{"start":{"line":24,"column":6},"end":{"line":27,"column":8}},"10":{"start":{"line":29,"column":6},"end":{"line":29,"column":45}},"11":{"start":{"line":30,"column":6},"end":{"line":30,"column":28}},"12":{"start":{"line":33,"column":6},"end":{"line":33,"column":32}},"13":{"start":{"line":35,"column":6},"end":{"line":35,"column":58}},"14":{"start":{"line":37,"column":6},"end":{"line":37,"column":68}},"15":{"start":{"line":38,"column":6},"end":{"line":38,"column":29}},"16":{"start":{"line":46,"column":20},"end":{"line":46,"column":41}},"17":{"start":{"line":47,"column":4},"end":{"line":68,"column":5}},"18":{"start":{"line":49,"column":6},"end":{"line":52,"column":9}},"19":{"start":{"line":55,"column":6},"end":{"line":58,"column":9}},"20":{"start":{"line":61,"column":6},"end":{"line":64,"column":9}},"21":{"start":{"line":67,"column":6},"end":{"line":67,"column":28}},"22":{"start":{"line":75,"column":4},"end":{"line":78,"column":5}},"23":{"start":{"line":76,"column":6},"end":{"line":76,"column":69}},"24":{"start":{"line":77,"column":6},"end":{"line":77,"column":13}},"25":{"start":{"line":80,"column":20},"end":{"line":80,"column":41}},"26":{"start":{"line":81,"column":4},"end":{"line":129,"column":5}},"27":{"start":{"line":82,"column":21},"end":{"line":103,"column":8}},"28":{"start":{"line":106,"column":6},"end":{"line":121,"column":7}},"29":{"start":{"line":107,"column":8},"end":{"line":120,"column":11}},"30":{"start":{"line":123,"column":6},"end":{"line":123,"column":66}},"31":{"start":{"line":126,"column":6},"end":{"line":126,"column":58}},"32":{"start":{"line":128,"column":6},"end":{"line":128,"column":28}},"33":{"start":{"line":136,"column":4},"end":{"line":136,"column":32}},"34":{"start":{"line":136,"column":25},"end":{"line":136,"column":32}},"35":{"start":{"line":138,"column":20},"end":{"line":138,"column":41}},"36":{"start":{"line":139,"column":4},"end":{"line":156,"column":5}},"37":{"start":{"line":140,"column":6},"end":{"line":153,"column":9}},"38":{"start":{"line":155,"column":6},"end":{"line":155,"column":28}},"39":{"start":{"line":163,"column":4},"end":{"line":163,"column":32}},"40":{"start":{"line":163,"column":25},"end":{"line":163,"column":32}},"41":{"start":{"line":165,"column":20},"end":{"line":165,"column":41}},"42":{"start":{"line":166,"column":4},"end":{"line":174,"column":5}},"43":{"start":{"line":167,"column":6},"end":{"line":171,"column":18}},"44":{"start":{"line":173,"column":6},"end":{"line":173,"column":28}},"45":{"start":{"line":181,"column":4},"end":{"line":181,"column":37}},"46":{"start":{"line":181,"column":25},"end":{"line":181,"column":37}},"47":{"start":{"line":183,"column":20},"end":{"line":183,"column":41}},"48":{"start":{"line":184,"column":4},"end":{"line":196,"column":5}},"49":{"start":{"line":185,"column":21},"end":{"line":188,"column":8}},"50":{"start":{"line":190,"column":6},"end":{"line":192,"column":7}},"51":{"start":{"line":191,"column":8},"end":{"line":191,"column":44}},"52":{"start":{"line":193,"column":6},"end":{"line":193,"column":18}},"53":{"start":{"line":195,"column":6},"end":{"line":195,"column":28}},"54":{"start":{"line":203,"column":4},"end":{"line":203,"column":35}},"55":{"start":{"line":203,"column":25},"end":{"line":203,"column":35}},"56":{"start":{"line":205,"column":20},"end":{"line":205,"column":41}},"57":{"start":{"line":206,"column":4},"end":{"line":227,"column":5}},"58":{"start":{"line":207,"column":21},"end":{"line":212,"column":19}},"59":{"start":{"line":214,"column":6},"end":{"line":224,"column":9}},"60":{"start":{"line":215,"column":22},"end":{"line":215,"column":44}},"61":{"start":{"line":216,"column":8},"end":{"line":223,"column":10}},"62":{"start":{"line":226,"column":6},"end":{"line":226,"column":28}},"63":{"start":{"line":234,"column":4},"end":{"line":237,"column":5}},"64":{"start":{"line":235,"column":6},"end":{"line":235,"column":32}},"65":{"start":{"line":236,"column":6},"end":{"line":236,"column":29}},"66":{"start":{"line":241,"column":0},"end":{"line":241,"column":33}}},"fnMap":{"0":{"name":"(anonymous_0)","decl":{"start":{"line":10,"column":2},"end":{"line":10,"column":3}},"loc":{"start":{"line":10,"column":28},"end":{"line":17,"column":3}},"line":10},"1":{"name":"(anonymous_1)","decl":{"start":{"line":22,"column":2},"end":{"line":22,"column":3}},"loc":{"start":{"line":22,"column":18},"end":{"line":40,"column":3}},"line":22},"2":{"name":"(anonymous_2)","decl":{"start":{"line":45,"column":2},"end":{"line":45,"column":3}},"loc":{"start":{"line":45,"column":23},"end":{"line":69,"column":3}},"line":45},"3":{"name":"(anonymous_3)","decl":{"start":{"line":74,"column":2},"end":{"line":74,"column":3}},"loc":{"start":{"line":74,"column":34},"end":{"line":130,"column":3}},"line":74},"4":{"name":"(anonymous_4)","decl":{"start":{"line":135,"column":2},"end":{"line":135,"column":3}},"loc":{"start":{"line":135,"column":30},"end":{"line":157,"column":3}},"line":135},"5":{"name":"(anonymous_5)","decl":{"start":{"line":162,"column":2},"end":{"line":162,"column":3}},"loc":{"start":{"line":162,"column":27},"end":{"line":175,"column":3}},"line":162},"6":{"name":"(anonymous_6)","decl":{"start":{"line":180,"column":2},"end":{"line":180,"column":3}},"loc":{"start":{"line":180,"column":21},"end":{"line":197,"column":3}},"line":180},"7":{"name":"(anonymous_7)","decl":{"start":{"line":202,"column":2},"end":{"line":202,"column":3}},"loc":{"start":{"line":202,"column":41},"end":{"line":228,"column":3}},"line":202},"8":{"name":"(anonymous_8)","decl":{"start":{"line":214,"column":32},"end":{"line":214,"column":33}},"loc":{"start":{"line":214,"column":37},"end":{"line":224,"column":7}},"line":214},"9":{"name":"(anonymous_9)","decl":{"start":{"line":233,"column":2},"end":{"line":233,"column":3}},"loc":{"start":{"line":233,"column":16},"end":{"line":238,"column":3}},"line":233}},"branchMap":{"0":{"loc":{"start":{"line":10,"column":14},"end":{"line":10,"column":26}},"type":"default-arg","locations":[{"start":{"line":10,"column":24},"end":{"line":10,"column":26}}],"line":10},"1":{"loc":{"start":{"line":11,"column":15},"end":{"line":11,"column":49}},"type":"binary-expr","locations":[{"start":{"line":11,"column":15},"end":{"line":11,"column":26}},{"start":{"line":11,"column":30},"end":{"line":11,"column":49}}],"line":11},"2":{"loc":{"start":{"line":12,"column":16},"end":{"line":12,"column":52}},"type":"binary-expr","locations":[{"start":{"line":12,"column":16},"end":{"line":12,"column":28}},{"start":{"line":12,"column":32},"end":{"line":12,"column":52}}],"line":12},"3":{"loc":{"start":{"line":13,"column":20},"end":{"line":13,"column":64}},"type":"binary-expr","locations":[{"start":{"line":13,"column":20},"end":{"line":13,"column":36}},{"start":{"line":13,"column":40},"end":{"line":13,"column":64}}],"line":13},"4":{"loc":{"start":{"line":14,"column":18},"end":{"line":14,"column":43}},"type":"binary-expr","locations":[{"start":{"line":14,"column":18},"end":{"line":14,"column":32}},{"start":{"line":14,"column":36},"end":{"line":14,"column":43}}],"line":14},"5":{"loc":{"start":{"line":75,"column":4},"end":{"line":78,"column":5}},"type":"if","locations":[{"start":{"line":75,"column":4},"end":{"line":78,"column":5}},{"start":{},"end":{}}],"line":75},"6":{"loc":{"start":{"line":95,"column":19},"end":{"line":95,"column":67}},"type":"binary-expr","locations":[{"start":{"line":95,"column":19},"end":{"line":95,"column":39}},{"start":{"line":95,"column":43},"end":{"line":95,"column":67}}],"line":95},"7":{"loc":{"start":{"line":96,"column":16},"end":{"line":96,"column":46}},"type":"binary-expr","locations":[{"start":{"line":96,"column":16},"end":{"line":96,"column":33}},{"start":{"line":96,"column":37},"end":{"line":96,"column":46}}],"line":96},"8":{"loc":{"start":{"line":99,"column":17},"end":{"line":99,"column":58}},"type":"binary-expr","locations":[{"start":{"line":99,"column":17},"end":{"line":99,"column":45}},{"start":{"line":99,"column":49},"end":{"line":99,"column":58}}],"line":99},"9":{"loc":{"start":{"line":101,"column":21},"end":{"line":101,"column":53}},"type":"binary-expr","locations":[{"start":{"line":101,"column":21},"end":{"line":101,"column":48}},{"start":{"line":101,"column":52},"end":{"line":101,"column":53}}],"line":101},"10":{"loc":{"start":{"line":106,"column":26},"end":{"line":106,"column":51}},"type":"binary-expr","locations":[{"start":{"line":106,"column":26},"end":{"line":106,"column":45}},{"start":{"line":106,"column":49},"end":{"line":106,"column":51}}],"line":106},"11":{"loc":{"start":{"line":119,"column":21},"end":{"line":119,"column":69}},"type":"binary-expr","locations":[{"start":{"line":119,"column":21},"end":{"line":119,"column":41}},{"start":{"line":119,"column":45},"end":{"line":119,"column":69}}],"line":119},"12":{"loc":{"start":{"line":136,"column":4},"end":{"line":136,"column":32}},"type":"if","locations":[{"start":{"line":136,"column":4},"end":{"line":136,"column":32}},{"start":{},"end":{}}],"line":136},"13":{"loc":{"start":{"line":149,"column":13},"end":{"line":149,"column":29}},"type":"binary-expr","locations":[{"start":{"line":149,"column":13},"end":{"line":149,"column":23}},{"start":{"line":149,"column":27},"end":{"line":149,"column":29}}],"line":149},"14":{"loc":{"start":{"line":151,"column":15},"end":{"line":151,"column":35}},"type":"binary-expr","locations":[{"start":{"line":151,"column":15},"end":{"line":151,"column":27}},{"start":{"line":151,"column":31},"end":{"line":151,"column":35}}],"line":151},"15":{"loc":{"start":{"line":152,"column":22},"end":{"line":152,"column":49}},"type":"binary-expr","locations":[{"start":{"line":152,"column":22},"end":{"line":152,"column":41}},{"start":{"line":152,"column":45},"end":{"line":152,"column":49}}],"line":152},"16":{"loc":{"start":{"line":163,"column":4},"end":{"line":163,"column":32}},"type":"if","locations":[{"start":{"line":163,"column":4},"end":{"line":163,"column":32}},{"start":{},"end":{}}],"line":163},"17":{"loc":{"start":{"line":181,"column":4},"end":{"line":181,"column":37}},"type":"if","locations":[{"start":{"line":181,"column":4},"end":{"line":181,"column":37}},{"start":{},"end":{}}],"line":181},"18":{"loc":{"start":{"line":190,"column":6},"end":{"line":192,"column":7}},"type":"if","locations":[{"start":{"line":190,"column":6},"end":{"line":192,"column":7}},{"start":{},"end":{}}],"line":190},"19":{"loc":{"start":{"line":202,"column":29},"end":{"line":202,"column":39}},"type":"default-arg","locations":[{"start":{"line":202,"column":37},"end":{"line":202,"column":39}}],"line":202},"20":{"loc":{"start":{"line":203,"column":4},"end":{"line":203,"column":35}},"type":"if","locations":[{"start":{"line":203,"column":4},"end":{"line":203,"column":35}},{"start":{},"end":{}}],"line":203},"21":{"loc":{"start":{"line":234,"column":4},"end":{"line":237,"column":5}},"type":"if","locations":[{"start":{"line":234,"column":4},"end":{"line":237,"column":5}},{"start":{},"end":{}}],"line":234}},"s":{"0":1,"1":1,"2":2,"3":2,"4":2,"5":2,"6":2,"7":2,"8":0,"9":0,"10":0,"11":0,"12":0,"13":0,"14":0,"15":0,"16":0,"17":0,"18":0,"19":0,"20":0,"21":0,"22":0,"23":0,"24":0,"25":0,"26":0,"27":0,"28":0,"29":0,"30":0,"31":0,"32":0,"33":0,"34":0,"35":0,"36":0,"37":0,"38":0,"39":0,"40":0,"41":0,"42":0,"43":0,"44":0,"45":0,"46":0,"47":0,"48":0,"49":0,"50":0,"51":0,"52":0,"53":0,"54":0,"55":0,"56":0,"57":0,"58":0,"59":0,"60":0,"61":0,"62":0,"63":0,"64":0,"65":0,"66":1},"f":{"0":2,"1":0,"2":0,"3":0,"4":0,"5":0,"6":0,"7":0,"8":0,"9":0},"b":{"0":[2],"1":[2,2],"2":[2,2],"3":[2,2],"4":[2,2],"5":[0,0],"6":[0,0],"7":[0,0],"8":[0,0],"9":[0,0],"10":[0,0],"11":[0,0],"12":[0,0],"13":[0,0],"14":[0,0],"15":[0,0],"16":[0,0],"17":[0,0],"18":[0,0],"19":[0],"20":[0,0],"21":[0,0]},"_coverageSchema":"1a1c01bbd47fc00a2c39e90264f33305004495a9","hash":"3e9824107070399a2dc2526887c70932a7886fb6"}
,"/Users/kurultai/molt/skill-sync-service/src/config/constants.js": {"path":"/Users/kurultai/molt/skill-sync-service/src/config/constants.js","statementMap":{"0":{"start":{"line":5,"column":0},"end":{"line":48,"column":2}}},"fnMap":{},"branchMap":{"0":{"loc":{"start":{"line":7,"column":14},"end":{"line":7,"column":54}},"type":"binary-expr","locations":[{"start":{"line":7,"column":14},"end":{"line":7,"column":36}},{"start":{"line":7,"column":40},"end":{"line":7,"column":54}}],"line":7},"1":{"loc":{"start":{"line":8,"column":14},"end":{"line":8,"column":62}},"type":"binary-expr","locations":[{"start":{"line":8,"column":14},"end":{"line":8,"column":36}},{"start":{"line":8,"column":40},"end":{"line":8,"column":62}}],"line":8},"2":{"loc":{"start":{"line":9,"column":13},"end":{"line":9,"column":60}},"type":"binary-expr","locations":[{"start":{"line":9,"column":13},"end":{"line":9,"column":34}},{"start":{"line":9,"column":38},"end":{"line":9,"column":60}}],"line":9},"3":{"loc":{"start":{"line":12,"column":16},"end":{"line":12,"column":57}},"type":"binary-expr","locations":[{"start":{"line":12,"column":16},"end":{"line":12,"column":40}},{"start":{"line":12,"column":44},"end":{"line":12,"column":57}}],"line":12},"4":{"loc":{"start":{"line":13,"column":15},"end":{"line":13,"column":59}},"type":"binary-expr","locations":[{"start":{"line":13,"column":15},"end":{"line":13,"column":38}},{"start":{"line":13,"column":42},"end":{"line":13,"column":59}}],"line":13},"5":{"loc":{"start":{"line":16,"column":33},"end":{"line":16,"column":72}},"type":"binary-expr","locations":[{"start":{"line":16,"column":33},"end":{"line":16,"column":65}},{"start":{"line":16,"column":69},"end":{"line":16,"column":72}}],"line":16},"6":{"loc":{"start":{"line":19,"column":33},"end":{"line":19,"column":77}},"type":"binary-expr","locations":[{"start":{"line":19,"column":33},"end":{"line":19,"column":65}},{"start":{"line":19,"column":69},"end":{"line":19,"column":77}}],"line":19},"7":{"loc":{"start":{"line":38,"column":14},"end":{"line":38,"column":47}},"type":"binary-expr","locations":[{"start":{"line":38,"column":14},"end":{"line":38,"column":36}},{"start":{"line":38,"column":40},"end":{"line":38,"column":47}}],"line":38},"8":{"loc":{"start":{"line":42,"column":32},"end":{"line":42,"column":72}},"type":"binary-expr","locations":[{"start":{"line":42,"column":32},"end":{"line":42,"column":63}},{"start":{"line":42,"column":67},"end":{"line":42,"column":72}}],"line":42},"9":{"loc":{"start":{"line":47,"column":13},"end":{"line":47,"column":44}},"type":"binary-expr","locations":[{"start":{"line":47,"column":13},"end":{"line":47,"column":34}},{"start":{"line":47,"column":38},"end":{"line":47,"column":44}}],"line":47}},"s":{"0":2},"f":{},"b":{"0":[2,2],"1":[2,2],"2":[2,2],"3":[2,2],"4":[2,2],"5":[2,2],"6":[2,2],"7":[2,2],"8":[2,2],"9":[2,2]},"_coverageSchema":"1a1c01bbd47fc00a2c39e90264f33305004495a9","hash":"5df41404d0f77cfcc21c3b09437fd1a0fb9170ca"}
,"/Users/kurultai/molt/skill-sync-service/src/deployer/deployer.js": {"path":"/Users/kurultai/molt/skill-sync-service/src/deployer/deployer.js","statementMap":{"0":{"start":{"line":6,"column":11},"end":{"line":6,"column":33}},"1":{"start":{"line":7,"column":13},"end":{"line":7,"column":28}},"2":{"start":{"line":8,"column":15},"end":{"line":8,"column":32}},"3":{"start":{"line":9,"column":17},"end":{"line":9,"column":41}},"4":{"start":{"line":10,"column":18},"end":{"line":10,"column":48}},"5":{"start":{"line":14,"column":4},"end":{"line":14,"column":19}},"6":{"start":{"line":15,"column":4},"end":{"line":15,"column":34}},"7":{"start":{"line":16,"column":4},"end":{"line":16,"column":27}},"8":{"start":{"line":22,"column":4},"end":{"line":22,"column":63}},"9":{"start":{"line":23,"column":4},"end":{"line":23,"column":63}},"10":{"start":{"line":24,"column":4},"end":{"line":24,"column":44}},"11":{"start":{"line":31,"column":25},"end":{"line":31,"column":44}},"12":{"start":{"line":32,"column":22},"end":{"line":32,"column":46}},"13":{"start":{"line":33,"column":20},"end":{"line":33,"column":32}},"14":{"start":{"line":36,"column":24},"end":{"line":36,"column":82}},"15":{"start":{"line":38,"column":4},"end":{"line":98,"column":5}},"16":{"start":{"line":39,"column":6},"end":{"line":39,"column":100}},"17":{"start":{"line":42,"column":6},"end":{"line":42,"column":44}},"18":{"start":{"line":45,"column":23},"end":{"line":45,"column":25}},"19":{"start":{"line":46,"column":21},"end":{"line":46,"column":23}},"20":{"start":{"line":48,"column":6},"end":{"line":63,"column":7}},"21":{"start":{"line":49,"column":8},"end":{"line":62,"column":9}},"22":{"start":{"line":50,"column":10},"end":{"line":50,"column":60}},"23":{"start":{"line":51,"column":10},"end":{"line":55,"column":13}},"24":{"start":{"line":57,"column":10},"end":{"line":60,"column":13}},"25":{"start":{"line":61,"column":10},"end":{"line":61,"column":90}},"26":{"start":{"line":66,"column":6},"end":{"line":66,"column":33}},"27":{"start":{"line":69,"column":22},"end":{"line":69,"column":46}},"28":{"start":{"line":70,"column":6},"end":{"line":72,"column":7}},"29":{"start":{"line":71,"column":8},"end":{"line":71,"column":64}},"30":{"start":{"line":74,"column":21},"end":{"line":81,"column":7}},"31":{"start":{"line":83,"column":6},"end":{"line":83,"column":78}},"32":{"start":{"line":84,"column":6},"end":{"line":84,"column":20}},"33":{"start":{"line":87,"column":6},"end":{"line":87,"column":81}},"34":{"start":{"line":90,"column":6},"end":{"line":90,"column":40}},"35":{"start":{"line":92,"column":6},"end":{"line":95,"column":9}},"36":{"start":{"line":97,"column":6},"end":{"line":97,"column":26}},"37":{"start":{"line":105,"column":23},"end":{"line":105,"column":68}},"38":{"start":{"line":106,"column":21},"end":{"line":106,"column":56}},"39":{"start":{"line":109,"column":4},"end":{"line":109,"column":56}},"40":{"start":{"line":112,"column":4},"end":{"line":112,"column":56}},"41":{"start":{"line":115,"column":4},"end":{"line":115,"column":42}},"42":{"start":{"line":117,"column":4},"end":{"line":117,"column":73}},"43":{"start":{"line":124,"column":23},"end":{"line":124,"column":62}},"44":{"start":{"line":125,"column":4},"end":{"line":125,"column":52}},"45":{"start":{"line":127,"column":4},"end":{"line":152,"column":5}},"46":{"start":{"line":128,"column":21},"end":{"line":128,"column":53}},"47":{"start":{"line":130,"column":6},"end":{"line":136,"column":7}},"48":{"start":{"line":131,"column":8},"end":{"line":135,"column":9}},"49":{"start":{"line":132,"column":22},"end":{"line":132,"column":58}},"50":{"start":{"line":133,"column":23},"end":{"line":133,"column":55}},"51":{"start":{"line":134,"column":10},"end":{"line":134,"column":39}},"52":{"start":{"line":139,"column":6},"end":{"line":143,"column":8}},"53":{"start":{"line":145,"column":6},"end":{"line":145,"column":57}},"54":{"start":{"line":147,"column":6},"end":{"line":149,"column":7}},"55":{"start":{"line":148,"column":8},"end":{"line":148,"column":16}},"56":{"start":{"line":151,"column":6},"end":{"line":151,"column":56}},"57":{"start":{"line":159,"column":23},"end":{"line":159,"column":62}},"58":{"start":{"line":161,"column":4},"end":{"line":183,"column":5}},"59":{"start":{"line":162,"column":23},"end":{"line":164,"column":7}},"60":{"start":{"line":166,"column":21},"end":{"line":166,"column":49}},"61":{"start":{"line":168,"column":6},"end":{"line":174,"column":7}},"62":{"start":{"line":169,"column":8},"end":{"line":173,"column":9}},"63":{"start":{"line":170,"column":22},"end":{"line":170,"column":54}},"64":{"start":{"line":171,"column":23},"end":{"line":171,"column":59}},"65":{"start":{"line":172,"column":10},"end":{"line":172,"column":39}},"66":{"start":{"line":176,"column":6},"end":{"line":176,"column":68}},"67":{"start":{"line":177,"column":6},"end":{"line":177,"column":33}},"68":{"start":{"line":179,"column":6},"end":{"line":179,"column":45}},"69":{"start":{"line":181,"column":6},"end":{"line":181,"column":57}},"70":{"start":{"line":182,"column":6},"end":{"line":182,"column":50}},"71":{"start":{"line":191,"column":23},"end":{"line":191,"column":59}},"72":{"start":{"line":192,"column":4},"end":{"line":192,"column":66}},"73":{"start":{"line":193,"column":4},"end":{"line":193,"column":47}},"74":{"start":{"line":201,"column":4},"end":{"line":207,"column":5}},"75":{"start":{"line":202,"column":6},"end":{"line":202,"column":57}},"76":{"start":{"line":203,"column":6},"end":{"line":203,"column":18}},"77":{"start":{"line":205,"column":6},"end":{"line":205,"column":61}},"78":{"start":{"line":206,"column":6},"end":{"line":206,"column":19}},"79":{"start":{"line":214,"column":4},"end":{"line":239,"column":5}},"80":{"start":{"line":215,"column":20},"end":{"line":215,"column":52}},"81":{"start":{"line":216,"column":21},"end":{"line":216,"column":23}},"82":{"start":{"line":218,"column":6},"end":{"line":233,"column":7}},"83":{"start":{"line":219,"column":8},"end":{"line":232,"column":9}},"84":{"start":{"line":220,"column":26},"end":{"line":220,"column":84}},"85":{"start":{"line":221,"column":35},"end":{"line":221,"column":69}},"86":{"start":{"line":222,"column":10},"end":{"line":231,"column":11}},"87":{"start":{"line":223,"column":25},"end":{"line":223,"column":43}},"88":{"start":{"line":224,"column":32},"end":{"line":224,"column":62}},"89":{"start":{"line":225,"column":12},"end":{"line":230,"column":15}},"90":{"start":{"line":235,"column":6},"end":{"line":235,"column":20}},"91":{"start":{"line":237,"column":6},"end":{"line":237,"column":72}},"92":{"start":{"line":238,"column":6},"end":{"line":238,"column":16}},"93":{"start":{"line":243,"column":0},"end":{"line":243,"column":52}}},"fnMap":{"0":{"name":"(anonymous_0)","decl":{"start":{"line":13,"column":2},"end":{"line":13,"column":3}},"loc":{"start":{"line":13,"column":37},"end":{"line":17,"column":3}},"line":13},"1":{"name":"(anonymous_1)","decl":{"start":{"line":21,"column":2},"end":{"line":21,"column":3}},"loc":{"start":{"line":21,"column":28},"end":{"line":25,"column":3}},"line":21},"2":{"name":"(anonymous_2)","decl":{"start":{"line":30,"column":2},"end":{"line":30,"column":3}},"loc":{"start":{"line":30,"column":47},"end":{"line":99,"column":3}},"line":30},"3":{"name":"(anonymous_3)","decl":{"start":{"line":104,"column":2},"end":{"line":104,"column":3}},"loc":{"start":{"line":104,"column":41},"end":{"line":118,"column":3}},"line":104},"4":{"name":"(anonymous_4)","decl":{"start":{"line":123,"column":2},"end":{"line":123,"column":3}},"loc":{"start":{"line":123,"column":35},"end":{"line":153,"column":3}},"line":123},"5":{"name":"(anonymous_5)","decl":{"start":{"line":158,"column":2},"end":{"line":158,"column":3}},"loc":{"start":{"line":158,"column":31},"end":{"line":184,"column":3}},"line":158},"6":{"name":"(anonymous_6)","decl":{"start":{"line":190,"column":2},"end":{"line":190,"column":3}},"loc":{"start":{"line":190,"column":24},"end":{"line":194,"column":3}},"line":190},"7":{"name":"(anonymous_7)","decl":{"start":{"line":199,"column":2},"end":{"line":199,"column":3}},"loc":{"start":{"line":199,"column":22},"end":{"line":208,"column":3}},"line":199},"8":{"name":"(anonymous_8)","decl":{"start":{"line":213,"column":2},"end":{"line":213,"column":3}},"loc":{"start":{"line":213,"column":23},"end":{"line":240,"column":3}},"line":213}},"branchMap":{"0":{"loc":{"start":{"line":13,"column":23},"end":{"line":13,"column":35}},"type":"default-arg","locations":[{"start":{"line":13,"column":33},"end":{"line":13,"column":35}}],"line":13},"1":{"loc":{"start":{"line":21,"column":14},"end":{"line":21,"column":26}},"type":"default-arg","locations":[{"start":{"line":21,"column":24},"end":{"line":21,"column":26}}],"line":21},"2":{"loc":{"start":{"line":22,"column":21},"end":{"line":22,"column":62}},"type":"binary-expr","locations":[{"start":{"line":22,"column":21},"end":{"line":22,"column":38}},{"start":{"line":22,"column":42},"end":{"line":22,"column":62}}],"line":22},"3":{"loc":{"start":{"line":23,"column":21},"end":{"line":23,"column":62}},"type":"binary-expr","locations":[{"start":{"line":23,"column":21},"end":{"line":23,"column":38}},{"start":{"line":23,"column":42},"end":{"line":23,"column":62}}],"line":23},"4":{"loc":{"start":{"line":24,"column":18},"end":{"line":24,"column":43}},"type":"binary-expr","locations":[{"start":{"line":24,"column":18},"end":{"line":24,"column":32}},{"start":{"line":24,"column":36},"end":{"line":24,"column":43}}],"line":24},"5":{"loc":{"start":{"line":30,"column":32},"end":{"line":30,"column":45}},"type":"default-arg","locations":[{"start":{"line":30,"column":43},"end":{"line":30,"column":45}}],"line":30},"6":{"loc":{"start":{"line":70,"column":6},"end":{"line":72,"column":7}},"type":"if","locations":[{"start":{"line":70,"column":6},"end":{"line":72,"column":7}},{"start":{},"end":{}}],"line":70},"7":{"loc":{"start":{"line":131,"column":8},"end":{"line":135,"column":9}},"type":"if","locations":[{"start":{"line":131,"column":8},"end":{"line":135,"column":9}},{"start":{},"end":{}}],"line":131},"8":{"loc":{"start":{"line":147,"column":6},"end":{"line":149,"column":7}},"type":"if","locations":[{"start":{"line":147,"column":6},"end":{"line":149,"column":7}},{"start":{},"end":{}}],"line":147},"9":{"loc":{"start":{"line":169,"column":8},"end":{"line":173,"column":9}},"type":"if","locations":[{"start":{"line":169,"column":8},"end":{"line":173,"column":9}},{"start":{},"end":{}}],"line":169},"10":{"loc":{"start":{"line":219,"column":8},"end":{"line":232,"column":9}},"type":"if","locations":[{"start":{"line":219,"column":8},"end":{"line":232,"column":9}},{"start":{},"end":{}}],"line":219},"11":{"loc":{"start":{"line":219,"column":12},"end":{"line":219,"column":54}},"type":"binary-expr","locations":[{"start":{"line":219,"column":12},"end":{"line":219,"column":32}},{"start":{"line":219,"column":36},"end":{"line":219,"column":54}}],"line":219},"12":{"loc":{"start":{"line":222,"column":10},"end":{"line":231,"column":11}},"type":"if","locations":[{"start":{"line":222,"column":10},"end":{"line":231,"column":11}},{"start":{},"end":{}}],"line":222},"13":{"loc":{"start":{"line":226,"column":20},"end":{"line":226,"column":63}},"type":"binary-expr","locations":[{"start":{"line":226,"column":20},"end":{"line":226,"column":36}},{"start":{"line":226,"column":40},"end":{"line":226,"column":63}}],"line":226}},"s":{"0":1,"1":1,"2":1,"3":1,"4":1,"5":0,"6":0,"7":0,"8":2,"9":2,"10":2,"11":0,"12":0,"13":0,"14":0,"15":0,"16":0,"17":0,"18":0,"19":0,"20":0,"21":0,"22":0,"23":0,"24":0,"25":0,"26":0,"27":0,"28":0,"29":0,"30":0,"31":0,"32":0,"33":0,"34":0,"35":0,"36":0,"37":1,"38":1,"39":1,"40":1,"41":1,"42":1,"43":0,"44":0,"45":0,"46":0,"47":0,"48":0,"49":0,"50":0,"51":0,"52":0,"53":0,"54":0,"55":0,"56":0,"57":0,"58":0,"59":0,"60":0,"61":0,"62":0,"63":0,"64":0,"65":0,"66":0,"67":0,"68":0,"69":0,"70":0,"71":0,"72":0,"73":0,"74":0,"75":0,"76":0,"77":0,"78":0,"79":1,"80":1,"81":1,"82":1,"83":2,"84":2,"85":2,"86":2,"87":1,"88":1,"89":1,"90":1,"91":0,"92":0,"93":1},"f":{"0":0,"1":2,"2":0,"3":1,"4":0,"5":0,"6":0,"7":0,"8":1},"b":{"0":[0],"1":[1],"2":[2,1],"3":[2,2],"4":[2,1],"5":[0],"6":[0,0],"7":[0,0],"8":[0,0],"9":[0,0],"10":[2,0],"11":[2,2],"12":[1,1],"13":[1,0]},"_coverageSchema":"1a1c01bbd47fc00a2c39e90264f33305004495a9","hash":"e1c6737a31aa23bca41bec1a8e5aac9126d4c7c5"}
,"/Users/kurultai/molt/skill-sync-service/src/utils/lock.js": {"path":"/Users/kurultai/molt/skill-sync-service/src/utils/lock.js","statementMap":{"0":{"start":{"line":6,"column":11},"end":{"line":6,"column":33}},"1":{"start":{"line":7,"column":13},"end":{"line":7,"column":28}},"2":{"start":{"line":8,"column":18},"end":{"line":8,"column":48}},"3":{"start":{"line":10,"column":14},"end":{"line":10,"column":23}},"4":{"start":{"line":11,"column":17},"end":{"line":11,"column":40}},"5":{"start":{"line":17,"column":2},"end":{"line":17,"column":48}},"6":{"start":{"line":19,"column":19},"end":{"line":19,"column":53}},"7":{"start":{"line":20,"column":17},"end":{"line":20,"column":47}},"8":{"start":{"line":21,"column":22},"end":{"line":21,"column":52}},"9":{"start":{"line":23,"column":2},"end":{"line":52,"column":3}},"10":{"start":{"line":26,"column":18},"end":{"line":26,"column":84}},"11":{"start":{"line":27,"column":15},"end":{"line":27,"column":45}},"12":{"start":{"line":29,"column":4},"end":{"line":29,"column":36}},"13":{"start":{"line":30,"column":4},"end":{"line":30,"column":21}},"14":{"start":{"line":32,"column":4},"end":{"line":32,"column":65}},"15":{"start":{"line":35,"column":4},"end":{"line":46,"column":6}},"16":{"start":{"line":36,"column":6},"end":{"line":44,"column":7}},"17":{"start":{"line":38,"column":24},"end":{"line":38,"column":77}},"18":{"start":{"line":38,"column":72},"end":{"line":38,"column":76}},"19":{"start":{"line":39,"column":8},"end":{"line":41,"column":9}},"20":{"start":{"line":40,"column":10},"end":{"line":40,"column":36}},"21":{"start":{"line":45,"column":6},"end":{"line":45,"column":24}},"22":{"start":{"line":48,"column":4},"end":{"line":50,"column":5}},"23":{"start":{"line":49,"column":6},"end":{"line":49,"column":59}},"24":{"start":{"line":51,"column":4},"end":{"line":51,"column":12}},"25":{"start":{"line":59,"column":19},"end":{"line":59,"column":53}},"26":{"start":{"line":60,"column":2},"end":{"line":67,"column":3}},"27":{"start":{"line":61,"column":21},"end":{"line":61,"column":56}},"28":{"start":{"line":62,"column":29},"end":{"line":62,"column":48}},"29":{"start":{"line":63,"column":16},"end":{"line":63,"column":57}},"30":{"start":{"line":64,"column":4},"end":{"line":64,"column":47}},"31":{"start":{"line":66,"column":4},"end":{"line":66,"column":17}},"32":{"start":{"line":74,"column":19},"end":{"line":74,"column":53}},"33":{"start":{"line":75,"column":2},"end":{"line":80,"column":3}},"34":{"start":{"line":76,"column":4},"end":{"line":76,"column":30}},"35":{"start":{"line":77,"column":4},"end":{"line":77,"column":16}},"36":{"start":{"line":79,"column":4},"end":{"line":79,"column":17}},"37":{"start":{"line":83,"column":0},"end":{"line":83,"column":53}}},"fnMap":{"0":{"name":"acquire","decl":{"start":{"line":16,"column":15},"end":{"line":16,"column":22}},"loc":{"start":{"line":16,"column":39},"end":{"line":53,"column":1}},"line":16},"1":{"name":"(anonymous_1)","decl":{"start":{"line":35,"column":11},"end":{"line":35,"column":12}},"loc":{"start":{"line":35,"column":23},"end":{"line":46,"column":5}},"line":35},"2":{"name":"(anonymous_2)","decl":{"start":{"line":38,"column":66},"end":{"line":38,"column":67}},"loc":{"start":{"line":38,"column":72},"end":{"line":38,"column":76}},"line":38},"3":{"name":"isLocked","decl":{"start":{"line":58,"column":15},"end":{"line":58,"column":23}},"loc":{"start":{"line":58,"column":29},"end":{"line":68,"column":1}},"line":58},"4":{"name":"forceRelease","decl":{"start":{"line":73,"column":15},"end":{"line":73,"column":27}},"loc":{"start":{"line":73,"column":33},"end":{"line":81,"column":1}},"line":73}},"branchMap":{"0":{"loc":{"start":{"line":16,"column":28},"end":{"line":16,"column":37}},"type":"default-arg","locations":[{"start":{"line":16,"column":34},"end":{"line":16,"column":37}}],"line":16},"1":{"loc":{"start":{"line":39,"column":8},"end":{"line":41,"column":9}},"type":"if","locations":[{"start":{"line":39,"column":8},"end":{"line":41,"column":9}},{"start":{},"end":{}}],"line":39},"2":{"loc":{"start":{"line":39,"column":12},"end":{"line":39,"column":60}},"type":"binary-expr","locations":[{"start":{"line":39,"column":12},"end":{"line":39,"column":19}},{"start":{"line":39,"column":23},"end":{"line":39,"column":60}}],"line":39},"3":{"loc":{"start":{"line":48,"column":4},"end":{"line":50,"column":5}},"type":"if","locations":[{"start":{"line":48,"column":4},"end":{"line":50,"column":5}},{"start":{},"end":{}}],"line":48}},"s":{"0":1,"1":1,"2":1,"3":1,"4":1,"5":0,"6":0,"7":0,"8":0,"9":0,"10":0,"11":0,"12":0,"13":0,"14":0,"15":0,"16":0,"17":0,"18":0,"19":0,"20":0,"21":0,"22":0,"23":0,"24":0,"25":0,"26":0,"27":0,"28":0,"29":0,"30":0,"31":0,"32":0,"33":0,"34":0,"35":0,"36":0,"37":1},"f":{"0":0,"1":0,"2":0,"3":0,"4":0},"b":{"0":[0],"1":[0,0],"2":[0,0],"3":[0,0]},"_coverageSchema":"1a1c01bbd47fc00a2c39e90264f33305004495a9","hash":"7269adffc58e61256ba536392c61c7ed717275bf"}
,"/Users/kurultai/molt/skill-sync-service/src/validators/skill.js": {"path":"/Users/kurultai/molt/skill-sync-service/src/validators/skill.js","statementMap":{"0":{"start":{"line":6,"column":13},"end":{"line":6,"column":31}},"1":{"start":{"line":7,"column":11},"end":{"line":7,"column":33}},"2":{"start":{"line":8,"column":13},"end":{"line":8,"column":28}},"3":{"start":{"line":9,"column":18},"end":{"line":9,"column":48}},"4":{"start":{"line":13,"column":4},"end":{"line":13,"column":19}},"5":{"start":{"line":14,"column":4},"end":{"line":14,"column":39}},"6":{"start":{"line":15,"column":4},"end":{"line":15,"column":27}},"7":{"start":{"line":24,"column":20},"end":{"line":24,"column":55}},"8":{"start":{"line":25,"column":4},"end":{"line":25,"column":66}},"9":{"start":{"line":32,"column":19},"end":{"line":32,"column":21}},"10":{"start":{"line":33,"column":21},"end":{"line":33,"column":23}},"11":{"start":{"line":36,"column":4},"end":{"line":38,"column":5}},"12":{"start":{"line":37,"column":6},"end":{"line":37,"column":103}},"13":{"start":{"line":41,"column":29},"end":{"line":41,"column":63}},"14":{"start":{"line":42,"column":4},"end":{"line":45,"column":5}},"15":{"start":{"line":43,"column":6},"end":{"line":43,"column":68}},"16":{"start":{"line":44,"column":6},"end":{"line":44,"column":61}},"17":{"start":{"line":48,"column":4},"end":{"line":53,"column":5}},"18":{"start":{"line":49,"column":6},"end":{"line":49,"column":85}},"19":{"start":{"line":51,"column":6},"end":{"line":51,"column":48}},"20":{"start":{"line":52,"column":6},"end":{"line":52,"column":61}},"21":{"start":{"line":55,"column":4},"end":{"line":58,"column":5}},"22":{"start":{"line":56,"column":6},"end":{"line":56,"column":56}},"23":{"start":{"line":57,"column":6},"end":{"line":57,"column":61}},"24":{"start":{"line":61,"column":26},"end":{"line":61,"column":80}},"25":{"start":{"line":61,"column":64},"end":{"line":61,"column":79}},"26":{"start":{"line":62,"column":4},"end":{"line":64,"column":5}},"27":{"start":{"line":63,"column":6},"end":{"line":63,"column":74}},"28":{"start":{"line":67,"column":4},"end":{"line":69,"column":5}},"29":{"start":{"line":68,"column":6},"end":{"line":68,"column":88}},"30":{"start":{"line":72,"column":4},"end":{"line":74,"column":5}},"31":{"start":{"line":73,"column":6},"end":{"line":73,"column":57}},"32":{"start":{"line":77,"column":20},"end":{"line":77,"column":48}},"33":{"start":{"line":78,"column":4},"end":{"line":80,"column":5}},"34":{"start":{"line":79,"column":6},"end":{"line":79,"column":88}},"35":{"start":{"line":79,"column":66},"end":{"line":79,"column":72}},"36":{"start":{"line":83,"column":18},"end":{"line":91,"column":5}},"37":{"start":{"line":93,"column":4},"end":{"line":98,"column":6}},"38":{"start":{"line":105,"column":18},"end":{"line":105,"column":20}},"39":{"start":{"line":108,"column":18},"end":{"line":108,"column":37}},"40":{"start":{"line":109,"column":25},"end":{"line":109,"column":72}},"41":{"start":{"line":109,"column":46},"end":{"line":109,"column":71}},"42":{"start":{"line":110,"column":28},"end":{"line":112,"column":15}},"43":{"start":{"line":114,"column":4},"end":{"line":119,"column":5}},"44":{"start":{"line":115,"column":22},"end":{"line":115,"column":52}},"45":{"start":{"line":116,"column":6},"end":{"line":118,"column":7}},"46":{"start":{"line":117,"column":8},"end":{"line":117,"column":54}},"47":{"start":{"line":121,"column":4},"end":{"line":121,"column":17}},"48":{"start":{"line":128,"column":20},"end":{"line":128,"column":22}},"49":{"start":{"line":129,"column":19},"end":{"line":129,"column":21}},"50":{"start":{"line":131,"column":4},"end":{"line":141,"column":5}},"51":{"start":{"line":132,"column":6},"end":{"line":140,"column":7}},"52":{"start":{"line":133,"column":23},"end":{"line":133,"column":61}},"53":{"start":{"line":134,"column":8},"end":{"line":134,"column":29}},"54":{"start":{"line":135,"column":8},"end":{"line":137,"column":9}},"55":{"start":{"line":136,"column":10},"end":{"line":136,"column":67}},"56":{"start":{"line":139,"column":8},"end":{"line":139,"column":50}},"57":{"start":{"line":143,"column":4},"end":{"line":147,"column":6}},"58":{"start":{"line":151,"column":0},"end":{"line":151,"column":58}}},"fnMap":{"0":{"name":"(anonymous_0)","decl":{"start":{"line":12,"column":2},"end":{"line":12,"column":3}},"loc":{"start":{"line":12,"column":37},"end":{"line":16,"column":3}},"line":12},"1":{"name":"(anonymous_1)","decl":{"start":{"line":23,"column":2},"end":{"line":23,"column":3}},"loc":{"start":{"line":23,"column":35},"end":{"line":26,"column":3}},"line":23},"2":{"name":"(anonymous_2)","decl":{"start":{"line":31,"column":2},"end":{"line":31,"column":3}},"loc":{"start":{"line":31,"column":55},"end":{"line":99,"column":3}},"line":31},"3":{"name":"(anonymous_3)","decl":{"start":{"line":61,"column":59},"end":{"line":61,"column":60}},"loc":{"start":{"line":61,"column":64},"end":{"line":61,"column":79}},"line":61},"4":{"name":"(anonymous_4)","decl":{"start":{"line":79,"column":61},"end":{"line":79,"column":62}},"loc":{"start":{"line":79,"column":66},"end":{"line":79,"column":72}},"line":79},"5":{"name":"(anonymous_5)","decl":{"start":{"line":104,"column":2},"end":{"line":104,"column":3}},"loc":{"start":{"line":104,"column":26},"end":{"line":122,"column":3}},"line":104},"6":{"name":"(anonymous_6)","decl":{"start":{"line":109,"column":41},"end":{"line":109,"column":42}},"loc":{"start":{"line":109,"column":46},"end":{"line":109,"column":71}},"line":109},"7":{"name":"(anonymous_7)","decl":{"start":{"line":127,"column":2},"end":{"line":127,"column":3}},"loc":{"start":{"line":127,"column":33},"end":{"line":148,"column":3}},"line":127}},"branchMap":{"0":{"loc":{"start":{"line":12,"column":23},"end":{"line":12,"column":35}},"type":"default-arg","locations":[{"start":{"line":12,"column":33},"end":{"line":12,"column":35}}],"line":12},"1":{"loc":{"start":{"line":31,"column":33},"end":{"line":31,"column":53}},"type":"default-arg","locations":[{"start":{"line":31,"column":44},"end":{"line":31,"column":53}}],"line":31},"2":{"loc":{"start":{"line":36,"column":4},"end":{"line":38,"column":5}},"type":"if","locations":[{"start":{"line":36,"column":4},"end":{"line":38,"column":5}},{"start":{},"end":{}}],"line":36},"3":{"loc":{"start":{"line":42,"column":4},"end":{"line":45,"column":5}},"type":"if","locations":[{"start":{"line":42,"column":4},"end":{"line":45,"column":5}},{"start":{},"end":{}}],"line":42},"4":{"loc":{"start":{"line":55,"column":4},"end":{"line":58,"column":5}},"type":"if","locations":[{"start":{"line":55,"column":4},"end":{"line":58,"column":5}},{"start":{},"end":{}}],"line":55},"5":{"loc":{"start":{"line":55,"column":8},"end":{"line":55,"column":55}},"type":"binary-expr","locations":[{"start":{"line":55,"column":8},"end":{"line":55,"column":20}},{"start":{"line":55,"column":24},"end":{"line":55,"column":55}}],"line":55},"6":{"loc":{"start":{"line":62,"column":4},"end":{"line":64,"column":5}},"type":"if","locations":[{"start":{"line":62,"column":4},"end":{"line":64,"column":5}},{"start":{},"end":{}}],"line":62},"7":{"loc":{"start":{"line":67,"column":4},"end":{"line":69,"column":5}},"type":"if","locations":[{"start":{"line":67,"column":4},"end":{"line":69,"column":5}},{"start":{},"end":{}}],"line":67},"8":{"loc":{"start":{"line":67,"column":8},"end":{"line":67,"column":78}},"type":"binary-expr","locations":[{"start":{"line":67,"column":8},"end":{"line":67,"column":27}},{"start":{"line":67,"column":31},"end":{"line":67,"column":78}}],"line":67},"9":{"loc":{"start":{"line":72,"column":4},"end":{"line":74,"column":5}},"type":"if","locations":[{"start":{"line":72,"column":4},"end":{"line":74,"column":5}},{"start":{},"end":{}}],"line":72},"10":{"loc":{"start":{"line":72,"column":8},"end":{"line":72,"column":76}},"type":"binary-expr","locations":[{"start":{"line":72,"column":8},"end":{"line":72,"column":32}},{"start":{"line":72,"column":36},"end":{"line":72,"column":76}}],"line":72},"11":{"loc":{"start":{"line":78,"column":4},"end":{"line":80,"column":5}},"type":"if","locations":[{"start":{"line":78,"column":4},"end":{"line":80,"column":5}},{"start":{},"end":{}}],"line":78},"12":{"loc":{"start":{"line":87,"column":20},"end":{"line":87,"column":50}},"type":"binary-expr","locations":[{"start":{"line":87,"column":20},"end":{"line":87,"column":44}},{"start":{"line":87,"column":48},"end":{"line":87,"column":50}}],"line":87},"13":{"loc":{"start":{"line":110,"column":28},"end":{"line":112,"column":15}},"type":"cond-expr","locations":[{"start":{"line":111,"column":8},"end":{"line":111,"column":47}},{"start":{"line":112,"column":8},"end":{"line":112,"column":15}}],"line":110},"14":{"loc":{"start":{"line":116,"column":6},"end":{"line":118,"column":7}},"type":"if","locations":[{"start":{"line":116,"column":6},"end":{"line":118,"column":7}},{"start":{},"end":{}}],"line":116},"15":{"loc":{"start":{"line":135,"column":8},"end":{"line":137,"column":9}},"type":"if","locations":[{"start":{"line":135,"column":8},"end":{"line":137,"column":9}},{"start":{},"end":{}}],"line":135}},"s":{"0":2,"1":2,"2":2,"3":2,"4":0,"5":0,"6":0,"7":0,"8":0,"9":5,"10":5,"11":5,"12":0,"13":5,"14":5,"15":1,"16":1,"17":4,"18":4,"19":0,"20":0,"21":4,"22":0,"23":0,"24":4,"25":12,"26":4,"27":1,"28":4,"29":1,"30":4,"31":0,"32":4,"33":4,"34":1,"35":2,"36":4,"37":4,"38":5,"39":5,"40":5,"41":35,"42":5,"43":5,"44":50,"45":50,"46":4,"47":5,"48":0,"49":0,"50":0,"51":0,"52":0,"53":0,"54":0,"55":0,"56":0,"57":0,"58":2},"f":{"0":0,"1":0,"2":5,"3":12,"4":2,"5":5,"6":35,"7":0},"b":{"0":[0],"1":[0],"2":[0,5],"3":[1,4],"4":[0,4],"5":[4,4],"6":[1,3],"7":[1,3],"8":[4,3],"9":[0,4],"10":[4,1],"11":[1,3],"12":[4,3],"13":[0,5],"14":[4,46],"15":[0,0]},"_coverageSchema":"1a1c01bbd47fc00a2c39e90264f33305004495a9","hash":"a09445d15c02ceec6f7b21ceaca7d20dd0733af5"}
,"/Users/kurultai/molt/skill-sync-service/src/webhook/handler.js": {"path":"/Users/kurultai/molt/skill-sync-service/src/webhook/handler.js","statementMap":{"0":{"start":{"line":6,"column":15},"end":{"line":6,"column":32}},"1":{"start":{"line":7,"column":27},"end":{"line":7,"column":57}},"2":{"start":{"line":8,"column":26},"end":{"line":8,"column":57}},"3":{"start":{"line":9,"column":24},"end":{"line":9,"column":50}},"4":{"start":{"line":10,"column":18},"end":{"line":10,"column":48}},"5":{"start":{"line":14,"column":4},"end":{"line":14,"column":80}},"6":{"start":{"line":15,"column":4},"end":{"line":15,"column":63}},"7":{"start":{"line":16,"column":4},"end":{"line":16,"column":60}},"8":{"start":{"line":17,"column":4},"end":{"line":17,"column":52}},"9":{"start":{"line":18,"column":4},"end":{"line":18,"column":44}},"10":{"start":{"line":19,"column":4},"end":{"line":19,"column":33}},"11":{"start":{"line":26,"column":22},"end":{"line":26,"column":56}},"12":{"start":{"line":27,"column":23},"end":{"line":27,"column":55}},"13":{"start":{"line":28,"column":22},"end":{"line":28,"column":51}},"14":{"start":{"line":30,"column":4},"end":{"line":30,"column":69}},"15":{"start":{"line":33,"column":4},"end":{"line":36,"column":5}},"16":{"start":{"line":34,"column":6},"end":{"line":34,"column":52}},"17":{"start":{"line":35,"column":6},"end":{"line":35,"column":66}},"18":{"start":{"line":39,"column":4},"end":{"line":42,"column":5}},"19":{"start":{"line":40,"column":6},"end":{"line":40,"column":62}},"20":{"start":{"line":41,"column":6},"end":{"line":41,"column":66}},"21":{"start":{"line":45,"column":4},"end":{"line":48,"column":5}},"22":{"start":{"line":46,"column":6},"end":{"line":46,"column":61}},"23":{"start":{"line":47,"column":6},"end":{"line":47,"column":82}},"24":{"start":{"line":51,"column":56},"end":{"line":51,"column":64}},"25":{"start":{"line":54,"column":4},"end":{"line":57,"column":5}},"26":{"start":{"line":55,"column":6},"end":{"line":55,"column":51}},"27":{"start":{"line":56,"column":6},"end":{"line":56,"column":75}},"28":{"start":{"line":60,"column":25},"end":{"line":60,"column":56}},"29":{"start":{"line":61,"column":4},"end":{"line":64,"column":5}},"30":{"start":{"line":62,"column":6},"end":{"line":62,"column":50}},"31":{"start":{"line":63,"column":6},"end":{"line":63,"column":73}},"32":{"start":{"line":66,"column":4},"end":{"line":66,"column":78}},"33":{"start":{"line":68,"column":4},"end":{"line":121,"column":5}},"34":{"start":{"line":70,"column":30},"end":{"line":70,"column":84}},"35":{"start":{"line":73,"column":22},"end":{"line":73,"column":59}},"36":{"start":{"line":73,"column":50},"end":{"line":73,"column":58}},"37":{"start":{"line":74,"column":6},"end":{"line":80,"column":7}},"38":{"start":{"line":75,"column":8},"end":{"line":75,"column":76}},"39":{"start":{"line":76,"column":8},"end":{"line":79,"column":11}},"40":{"start":{"line":78,"column":37},"end":{"line":78,"column":75}},"41":{"start":{"line":83,"column":25},"end":{"line":92,"column":7}},"42":{"start":{"line":84,"column":36},"end":{"line":84,"column":43}},"43":{"start":{"line":95,"column":6},"end":{"line":95,"column":49}},"44":{"start":{"line":97,"column":6},"end":{"line":102,"column":9}},"45":{"start":{"line":105,"column":6},"end":{"line":105,"column":71}},"46":{"start":{"line":108,"column":6},"end":{"line":115,"column":9}},"47":{"start":{"line":117,"column":6},"end":{"line":120,"column":9}},"48":{"start":{"line":128,"column":4},"end":{"line":132,"column":5}},"49":{"start":{"line":130,"column":6},"end":{"line":130,"column":64}},"50":{"start":{"line":131,"column":6},"end":{"line":131,"column":19}},"51":{"start":{"line":134,"column":4},"end":{"line":136,"column":5}},"52":{"start":{"line":135,"column":6},"end":{"line":135,"column":19}},"53":{"start":{"line":138,"column":17},"end":{"line":138,"column":63}},"54":{"start":{"line":139,"column":19},"end":{"line":139,"column":81}},"55":{"start":{"line":143,"column":22},"end":{"line":143,"column":44}},"56":{"start":{"line":144,"column":25},"end":{"line":144,"column":44}},"57":{"start":{"line":146,"column":4},"end":{"line":148,"column":5}},"58":{"start":{"line":147,"column":6},"end":{"line":147,"column":19}},"59":{"start":{"line":150,"column":4},"end":{"line":150,"column":59}},"60":{"start":{"line":159,"column":22},"end":{"line":159,"column":41}},"61":{"start":{"line":160,"column":4},"end":{"line":163,"column":5}},"62":{"start":{"line":161,"column":6},"end":{"line":161,"column":54}},"63":{"start":{"line":162,"column":6},"end":{"line":162,"column":19}},"64":{"start":{"line":165,"column":25},"end":{"line":165,"column":54}},"65":{"start":{"line":166,"column":16},"end":{"line":166,"column":26}},"66":{"start":{"line":167,"column":23},"end":{"line":167,"column":50}},"67":{"start":{"line":170,"column":4},"end":{"line":173,"column":5}},"68":{"start":{"line":171,"column":6},"end":{"line":171,"column":73}},"69":{"start":{"line":172,"column":6},"end":{"line":172,"column":19}},"70":{"start":{"line":175,"column":4},"end":{"line":175,"column":16}},"71":{"start":{"line":182,"column":23},"end":{"line":182,"column":32}},"72":{"start":{"line":184,"column":4},"end":{"line":190,"column":5}},"73":{"start":{"line":185,"column":6},"end":{"line":189,"column":7}},"74":{"start":{"line":186,"column":8},"end":{"line":188,"column":9}},"75":{"start":{"line":187,"column":10},"end":{"line":187,"column":31}},"76":{"start":{"line":192,"column":4},"end":{"line":192,"column":34}},"77":{"start":{"line":199,"column":20},"end":{"line":199,"column":22}},"78":{"start":{"line":201,"column":4},"end":{"line":235,"column":5}},"79":{"start":{"line":202,"column":6},"end":{"line":234,"column":7}},"80":{"start":{"line":204,"column":25},"end":{"line":209,"column":10}},"81":{"start":{"line":212,"column":8},"end":{"line":225,"column":9}},"82":{"start":{"line":213,"column":28},"end":{"line":213,"column":99}},"83":{"start":{"line":213,"column":52},"end":{"line":213,"column":98}},"84":{"start":{"line":214,"column":10},"end":{"line":219,"column":11}},"85":{"start":{"line":215,"column":28},"end":{"line":215,"column":85}},"86":{"start":{"line":216,"column":27},"end":{"line":216,"column":88}},"87":{"start":{"line":217,"column":12},"end":{"line":217,"column":39}},"88":{"start":{"line":218,"column":12},"end":{"line":218,"column":33}},"89":{"start":{"line":221,"column":26},"end":{"line":221,"column":87}},"90":{"start":{"line":222,"column":25},"end":{"line":222,"column":80}},"91":{"start":{"line":223,"column":10},"end":{"line":223,"column":37}},"92":{"start":{"line":224,"column":10},"end":{"line":224,"column":31}},"93":{"start":{"line":227,"column":8},"end":{"line":227,"column":71}},"94":{"start":{"line":228,"column":8},"end":{"line":233,"column":11}},"95":{"start":{"line":237,"column":4},"end":{"line":237,"column":19}},"96":{"start":{"line":241,"column":0},"end":{"line":241,"column":36}}},"fnMap":{"0":{"name":"(anonymous_0)","decl":{"start":{"line":13,"column":2},"end":{"line":13,"column":3}},"loc":{"start":{"line":13,"column":28},"end":{"line":20,"column":3}},"line":13},"1":{"name":"(anonymous_1)","decl":{"start":{"line":25,"column":2},"end":{"line":25,"column":3}},"loc":{"start":{"line":25,"column":25},"end":{"line":122,"column":3}},"line":25},"2":{"name":"(anonymous_2)","decl":{"start":{"line":73,"column":45},"end":{"line":73,"column":46}},"loc":{"start":{"line":73,"column":50},"end":{"line":73,"column":58}},"line":73},"3":{"name":"(anonymous_3)","decl":{"start":{"line":78,"column":31},"end":{"line":78,"column":32}},"loc":{"start":{"line":78,"column":37},"end":{"line":78,"column":75}},"line":78},"4":{"name":"(anonymous_4)","decl":{"start":{"line":84,"column":31},"end":{"line":84,"column":32}},"loc":{"start":{"line":84,"column":36},"end":{"line":84,"column":43}},"line":84},"5":{"name":"(anonymous_5)","decl":{"start":{"line":127,"column":2},"end":{"line":127,"column":3}},"loc":{"start":{"line":127,"column":38},"end":{"line":151,"column":3}},"line":127},"6":{"name":"(anonymous_6)","decl":{"start":{"line":156,"column":2},"end":{"line":156,"column":3}},"loc":{"start":{"line":156,"column":23},"end":{"line":176,"column":3}},"line":156},"7":{"name":"(anonymous_7)","decl":{"start":{"line":181,"column":2},"end":{"line":181,"column":3}},"loc":{"start":{"line":181,"column":29},"end":{"line":193,"column":3}},"line":181},"8":{"name":"(anonymous_8)","decl":{"start":{"line":198,"column":2},"end":{"line":198,"column":3}},"loc":{"start":{"line":198,"column":53},"end":{"line":238,"column":3}},"line":198},"9":{"name":"(anonymous_9)","decl":{"start":{"line":213,"column":47},"end":{"line":213,"column":48}},"loc":{"start":{"line":213,"column":52},"end":{"line":213,"column":98}},"line":213}},"branchMap":{"0":{"loc":{"start":{"line":13,"column":14},"end":{"line":13,"column":26}},"type":"default-arg","locations":[{"start":{"line":13,"column":24},"end":{"line":13,"column":26}}],"line":13},"1":{"loc":{"start":{"line":14,"column":24},"end":{"line":14,"column":79}},"type":"binary-expr","locations":[{"start":{"line":14,"column":24},"end":{"line":14,"column":44}},{"start":{"line":14,"column":48},"end":{"line":14,"column":79}}],"line":14},"2":{"loc":{"start":{"line":15,"column":21},"end":{"line":15,"column":62}},"type":"binary-expr","locations":[{"start":{"line":15,"column":21},"end":{"line":15,"column":38}},{"start":{"line":15,"column":42},"end":{"line":15,"column":62}}],"line":15},"3":{"loc":{"start":{"line":16,"column":20},"end":{"line":16,"column":59}},"type":"binary-expr","locations":[{"start":{"line":16,"column":20},"end":{"line":16,"column":36}},{"start":{"line":16,"column":40},"end":{"line":16,"column":59}}],"line":16},"4":{"loc":{"start":{"line":17,"column":17},"end":{"line":17,"column":51}},"type":"binary-expr","locations":[{"start":{"line":17,"column":17},"end":{"line":17,"column":30}},{"start":{"line":17,"column":34},"end":{"line":17,"column":51}}],"line":17},"5":{"loc":{"start":{"line":18,"column":18},"end":{"line":18,"column":43}},"type":"binary-expr","locations":[{"start":{"line":18,"column":18},"end":{"line":18,"column":32}},{"start":{"line":18,"column":36},"end":{"line":18,"column":43}}],"line":18},"6":{"loc":{"start":{"line":33,"column":4},"end":{"line":36,"column":5}},"type":"if","locations":[{"start":{"line":33,"column":4},"end":{"line":36,"column":5}},{"start":{},"end":{}}],"line":33},"7":{"loc":{"start":{"line":39,"column":4},"end":{"line":42,"column":5}},"type":"if","locations":[{"start":{"line":39,"column":4},"end":{"line":42,"column":5}},{"start":{},"end":{}}],"line":39},"8":{"loc":{"start":{"line":45,"column":4},"end":{"line":48,"column":5}},"type":"if","locations":[{"start":{"line":45,"column":4},"end":{"line":48,"column":5}},{"start":{},"end":{}}],"line":45},"9":{"loc":{"start":{"line":54,"column":4},"end":{"line":57,"column":5}},"type":"if","locations":[{"start":{"line":54,"column":4},"end":{"line":57,"column":5}},{"start":{},"end":{}}],"line":54},"10":{"loc":{"start":{"line":54,"column":8},"end":{"line":54,"column":56}},"type":"binary-expr","locations":[{"start":{"line":54,"column":8},"end":{"line":54,"column":29}},{"start":{"line":54,"column":33},"end":{"line":54,"column":56}}],"line":54},"11":{"loc":{"start":{"line":61,"column":4},"end":{"line":64,"column":5}},"type":"if","locations":[{"start":{"line":61,"column":4},"end":{"line":64,"column":5}},{"start":{},"end":{}}],"line":61},"12":{"loc":{"start":{"line":74,"column":6},"end":{"line":80,"column":7}},"type":"if","locations":[{"start":{"line":74,"column":6},"end":{"line":80,"column":7}},{"start":{},"end":{}}],"line":74},"13":{"loc":{"start":{"line":109,"column":12},"end":{"line":109,"column":52}},"type":"binary-expr","locations":[{"start":{"line":109,"column":12},"end":{"line":109,"column":39}},{"start":{"line":109,"column":43},"end":{"line":109,"column":52}}],"line":109},"14":{"loc":{"start":{"line":128,"column":4},"end":{"line":132,"column":5}},"type":"if","locations":[{"start":{"line":128,"column":4},"end":{"line":132,"column":5}},{"start":{},"end":{}}],"line":128},"15":{"loc":{"start":{"line":134,"column":4},"end":{"line":136,"column":5}},"type":"if","locations":[{"start":{"line":134,"column":4},"end":{"line":136,"column":5}},{"start":{},"end":{}}],"line":134},"16":{"loc":{"start":{"line":146,"column":4},"end":{"line":148,"column":5}},"type":"if","locations":[{"start":{"line":146,"column":4},"end":{"line":148,"column":5}},{"start":{},"end":{}}],"line":146},"17":{"loc":{"start":{"line":160,"column":4},"end":{"line":163,"column":5}},"type":"if","locations":[{"start":{"line":160,"column":4},"end":{"line":163,"column":5}},{"start":{},"end":{}}],"line":160},"18":{"loc":{"start":{"line":170,"column":4},"end":{"line":173,"column":5}},"type":"if","locations":[{"start":{"line":170,"column":4},"end":{"line":173,"column":5}},{"start":{},"end":{}}],"line":170},"19":{"loc":{"start":{"line":170,"column":8},"end":{"line":170,"column":44}},"type":"binary-expr","locations":[{"start":{"line":170,"column":8},"end":{"line":170,"column":24}},{"start":{"line":170,"column":28},"end":{"line":170,"column":44}}],"line":170},"20":{"loc":{"start":{"line":185,"column":30},"end":{"line":185,"column":48}},"type":"binary-expr","locations":[{"start":{"line":185,"column":30},"end":{"line":185,"column":42}},{"start":{"line":185,"column":46},"end":{"line":185,"column":48}}],"line":185},"21":{"loc":{"start":{"line":185,"column":55},"end":{"line":185,"column":76}},"type":"binary-expr","locations":[{"start":{"line":185,"column":55},"end":{"line":185,"column":70}},{"start":{"line":185,"column":74},"end":{"line":185,"column":76}}],"line":185},"22":{"loc":{"start":{"line":186,"column":8},"end":{"line":188,"column":9}},"type":"if","locations":[{"start":{"line":186,"column":8},"end":{"line":188,"column":9}},{"start":{},"end":{}}],"line":186},"23":{"loc":{"start":{"line":186,"column":12},"end":{"line":186,"column":66}},"type":"binary-expr","locations":[{"start":{"line":186,"column":12},"end":{"line":186,"column":37}},{"start":{"line":186,"column":41},"end":{"line":186,"column":66}}],"line":186},"24":{"loc":{"start":{"line":212,"column":8},"end":{"line":225,"column":9}},"type":"if","locations":[{"start":{"line":212,"column":8},"end":{"line":225,"column":9}},{"start":{"line":220,"column":15},"end":{"line":225,"column":9}}],"line":212},"25":{"loc":{"start":{"line":213,"column":52},"end":{"line":213,"column":98}},"type":"binary-expr","locations":[{"start":{"line":213,"column":52},"end":{"line":213,"column":73}},{"start":{"line":213,"column":77},"end":{"line":213,"column":98}}],"line":213},"26":{"loc":{"start":{"line":214,"column":10},"end":{"line":219,"column":11}},"type":"if","locations":[{"start":{"line":214,"column":10},"end":{"line":219,"column":11}},{"start":{},"end":{}}],"line":214}},"s":{"0":1,"1":1,"2":1,"3":1,"4":1,"5":2,"6":2,"7":2,"8":2,"9":2,"10":2,"11":5,"12":5,"13":5,"14":5,"15":5,"16":2,"17":2,"18":3,"19":0,"20":0,"21":3,"22":1,"23":1,"24":2,"25":2,"26":1,"27":1,"28":1,"29":1,"30":1,"31":1,"32":0,"33":0,"34":0,"35":0,"36":0,"37":0,"38":0,"39":0,"40":0,"41":0,"42":0,"43":0,"44":0,"45":0,"46":0,"47":0,"48":5,"49":0,"50":0,"51":5,"52":1,"53":4,"54":4,"55":4,"56":4,"57":4,"58":1,"59":3,"60":3,"61":3,"62":0,"63":0,"64":3,"65":3,"66":3,"67":3,"68":0,"69":0,"70":3,"71":2,"72":2,"73":1,"74":3,"75":2,"76":2,"77":0,"78":0,"79":0,"80":0,"81":0,"82":0,"83":0,"84":0,"85":0,"86":0,"87":0,"88":0,"89":0,"90":0,"91":0,"92":0,"93":0,"94":0,"95":0,"96":1},"f":{"0":2,"1":5,"2":0,"3":0,"4":0,"5":5,"6":3,"7":2,"8":0,"9":0},"b":{"0":[0],"1":[2,0],"2":[2,2],"3":[2,1],"4":[2,2],"5":[2,0],"6":[2,3],"7":[0,3],"8":[1,2],"9":[1,1],"10":[2,1],"11":[1,0],"12":[0,0],"13":[0,0],"14":[0,5],"15":[1,4],"16":[1,3],"17":[0,3],"18":[0,3],"19":[3,3],"20":[1,0],"21":[1,0],"22":[2,1],"23":[3,2],"24":[0,0],"25":[0,0],"26":[0,0]},"_coverageSchema":"1a1c01bbd47fc00a2c39e90264f33305004495a9","hash":"b5092658f5d0da65c11da534468b35f76d8580c8"}
}
