TN:
SF:src/audit/logger.js
FN:10,(anonymous_0)
FN:22,(anonymous_1)
FN:45,(anonymous_2)
FN:74,(anonymous_3)
FN:135,(anonymous_4)
FN:162,(anonymous_5)
FN:180,(anonymous_6)
FN:202,(anonymous_7)
FN:214,(anonymous_8)
FN:233,(anonymous_9)
FNF:10
FNH:1
FNDA:2,(anonymous_0)
FNDA:0,(anonymous_1)
FNDA:0,(anonymous_2)
FNDA:0,(anonymous_3)
FNDA:0,(anonymous_4)
FNDA:0,(anonymous_5)
FNDA:0,(anonymous_6)
FNDA:0,(anonymous_7)
FNDA:0,(anonymous_8)
FNDA:0,(anonymous_9)
DA:6,1
DA:7,1
DA:11,2
DA:12,2
DA:13,2
DA:14,2
DA:15,2
DA:16,2
DA:23,0
DA:24,0
DA:29,0
DA:30,0
DA:33,0
DA:35,0
DA:37,0
DA:38,0
DA:46,0
DA:47,0
DA:49,0
DA:55,0
DA:61,0
DA:67,0
DA:75,0
DA:76,0
DA:77,0
DA:80,0
DA:81,0
DA:82,0
DA:106,0
DA:107,0
DA:123,0
DA:126,0
DA:128,0
DA:136,0
DA:138,0
DA:139,0
DA:140,0
DA:155,0
DA:163,0
DA:165,0
DA:166,0
DA:167,0
DA:173,0
DA:181,0
DA:183,0
DA:184,0
DA:185,0
DA:190,0
DA:191,0
DA:193,0
DA:195,0
DA:203,0
DA:205,0
DA:206,0
DA:207,0
DA:214,0
DA:215,0
DA:216,0
DA:226,0
DA:234,0
DA:235,0
DA:236,0
DA:241,1
LF:63
LH:9
BRDA:10,0,0,2
BRDA:11,1,0,2
BRDA:11,1,1,2
BRDA:12,2,0,2
BRDA:12,2,1,2
BRDA:13,3,0,2
BRDA:13,3,1,2
BRDA:14,4,0,2
BRDA:14,4,1,2
BRDA:75,5,0,0
BRDA:75,5,1,0
BRDA:95,6,0,0
BRDA:95,6,1,0
BRDA:96,7,0,0
BRDA:96,7,1,0
BRDA:99,8,0,0
BRDA:99,8,1,0
BRDA:101,9,0,0
BRDA:101,9,1,0
BRDA:106,10,0,0
BRDA:106,10,1,0
BRDA:119,11,0,0
BRDA:119,11,1,0
BRDA:136,12,0,0
BRDA:136,12,1,0
BRDA:149,13,0,0
BRDA:149,13,1,0
BRDA:151,14,0,0
BRDA:151,14,1,0
BRDA:152,15,0,0
BRDA:152,15,1,0
BRDA:163,16,0,0
BRDA:163,16,1,0
BRDA:181,17,0,0
BRDA:181,17,1,0
BRDA:190,18,0,0
BRDA:190,18,1,0
BRDA:202,19,0,0
BRDA:203,20,0,0
BRDA:203,20,1,0
BRDA:234,21,0,0
BRDA:234,21,1,0
BRF:42
BRH:9
end_of_record
TN:
SF:src/config/constants.js
FNF:0
FNH:0
DA:5,2
LF:1
LH:1
BRDA:7,0,0,2
BRDA:7,0,1,2
BRDA:8,1,0,2
BRDA:8,1,1,2
BRDA:9,2,0,2
BRDA:9,2,1,2
BRDA:12,3,0,2
BRDA:12,3,1,2
BRDA:13,4,0,2
BRDA:13,4,1,2
BRDA:16,5,0,2
BRDA:16,5,1,2
BRDA:19,6,0,2
BRDA:19,6,1,2
BRDA:38,7,0,2
BRDA:38,7,1,2
BRDA:42,8,0,2
BRDA:42,8,1,2
BRDA:47,9,0,2
BRDA:47,9,1,2
BRF:20
BRH:20
end_of_record
TN:
SF:src/deployer/deployer.js
FN:13,(anonymous_0)
FN:21,(anonymous_1)
FN:30,(anonymous_2)
FN:104,(anonymous_3)
FN:123,(anonymous_4)
FN:158,(anonymous_5)
FN:190,(anonymous_6)
FN:199,(anonymous_7)
FN:213,(anonymous_8)
FNF:9
FNH:3
FNDA:0,(anonymous_0)
FNDA:2,(anonymous_1)
FNDA:0,(anonymous_2)
FNDA:1,(anonymous_3)
FNDA:0,(anonymous_4)
FNDA:0,(anonymous_5)
FNDA:0,(anonymous_6)
FNDA:0,(anonymous_7)
FNDA:1,(anonymous_8)
DA:6,1
DA:7,1
DA:8,1
DA:9,1
DA:10,1
DA:14,0
DA:15,0
DA:16,0
DA:22,2
DA:23,2
DA:24,2
DA:31,0
DA:32,0
DA:33,0
DA:36,0
DA:38,0
DA:39,0
DA:42,0
DA:45,0
DA:46,0
DA:48,0
DA:49,0
DA:50,0
DA:51,0
DA:57,0
DA:61,0
DA:66,0
DA:69,0
DA:70,0
DA:71,0
DA:74,0
DA:83,0
DA:84,0
DA:87,0
DA:90,0
DA:92,0
DA:97,0
DA:105,1
DA:106,1
DA:109,1
DA:112,1
DA:115,1
DA:117,1
DA:124,0
DA:125,0
DA:127,0
DA:128,0
DA:130,0
DA:131,0
DA:132,0
DA:133,0
DA:134,0
DA:139,0
DA:145,0
DA:147,0
DA:148,0
DA:151,0
DA:159,0
DA:161,0
DA:162,0
DA:166,0
DA:168,0
DA:169,0
DA:170,0
DA:171,0
DA:172,0
DA:176,0
DA:177,0
DA:179,0
DA:181,0
DA:182,0
DA:191,0
DA:192,0
DA:193,0
DA:201,0
DA:202,0
DA:203,0
DA:205,0
DA:206,0
DA:214,1
DA:215,1
DA:216,1
DA:218,1
DA:219,2
DA:220,2
DA:221,2
DA:222,2
DA:223,1
DA:224,1
DA:225,1
DA:235,1
DA:237,0
DA:238,0
DA:243,1
LF:94
LH:27
BRDA:13,0,0,0
BRDA:21,1,0,1
BRDA:22,2,0,2
BRDA:22,2,1,1
BRDA:23,3,0,2
BRDA:23,3,1,2
BRDA:24,4,0,2
BRDA:24,4,1,1
BRDA:30,5,0,0
BRDA:70,6,0,0
BRDA:70,6,1,0
BRDA:131,7,0,0
BRDA:131,7,1,0
BRDA:147,8,0,0
BRDA:147,8,1,0
BRDA:169,9,0,0
BRDA:169,9,1,0
BRDA:219,10,0,2
BRDA:219,10,1,0
BRDA:219,11,0,2
BRDA:219,11,1,2
BRDA:222,12,0,1
BRDA:222,12,1,1
BRDA:226,13,0,1
BRDA:226,13,1,0
BRF:25
BRH:13
end_of_record
TN:
SF:src/utils/lock.js
FN:16,acquire
FN:35,(anonymous_1)
FN:38,(anonymous_2)
FN:58,isLocked
FN:73,forceRelease
FNF:5
FNH:0
FNDA:0,acquire
FNDA:0,(anonymous_1)
FNDA:0,(anonymous_2)
FNDA:0,isLocked
FNDA:0,forceRelease
DA:6,1
DA:7,1
DA:8,1
DA:10,1
DA:11,1
DA:17,0
DA:19,0
DA:20,0
DA:21,0
DA:23,0
DA:26,0
DA:27,0
DA:29,0
DA:30,0
DA:32,0
DA:35,0
DA:36,0
DA:38,0
DA:39,0
DA:40,0
DA:45,0
DA:48,0
DA:49,0
DA:51,0
DA:59,0
DA:60,0
DA:61,0
DA:62,0
DA:63,0
DA:64,0
DA:66,0
DA:74,0
DA:75,0
DA:76,0
DA:77,0
DA:79,0
DA:83,1
LF:37
LH:6
BRDA:16,0,0,0
BRDA:39,1,0,0
BRDA:39,1,1,0
BRDA:39,2,0,0
BRDA:39,2,1,0
BRDA:48,3,0,0
BRDA:48,3,1,0
BRF:7
BRH:0
end_of_record
TN:
SF:src/validators/skill.js
FN:12,(anonymous_0)
FN:23,(anonymous_1)
FN:31,(anonymous_2)
FN:61,(anonymous_3)
FN:79,(anonymous_4)
FN:104,(anonymous_5)
FN:109,(anonymous_6)
FN:127,(anonymous_7)
FNF:8
FNH:5
FNDA:0,(anonymous_0)
FNDA:0,(anonymous_1)
FNDA:5,(anonymous_2)
FNDA:12,(anonymous_3)
FNDA:2,(anonymous_4)
FNDA:5,(anonymous_5)
FNDA:35,(anonymous_6)
FNDA:0,(anonymous_7)
DA:6,2
DA:7,2
DA:8,2
DA:9,2
DA:13,0
DA:14,0
DA:15,0
DA:24,0
DA:25,0
DA:32,5
DA:33,5
DA:36,5
DA:37,0
DA:41,5
DA:42,5
DA:43,1
DA:44,1
DA:48,4
DA:49,4
DA:51,0
DA:52,0
DA:55,4
DA:56,0
DA:57,0
DA:61,12
DA:62,4
DA:63,1
DA:67,4
DA:68,1
DA:72,4
DA:73,0
DA:77,4
DA:78,4
DA:79,2
DA:83,4
DA:93,4
DA:105,5
DA:108,5
DA:109,35
DA:110,5
DA:114,5
DA:115,50
DA:116,50
DA:117,4
DA:121,5
DA:128,0
DA:129,0
DA:131,0
DA:132,0
DA:133,0
DA:134,0
DA:135,0
DA:136,0
DA:139,0
DA:143,0
DA:151,2
LF:56
LH:35
BRDA:12,0,0,0
BRDA:31,1,0,0
BRDA:36,2,0,0
BRDA:36,2,1,5
BRDA:42,3,0,1
BRDA:42,3,1,4
BRDA:55,4,0,0
BRDA:55,4,1,4
BRDA:55,5,0,4
BRDA:55,5,1,4
BRDA:62,6,0,1
BRDA:62,6,1,3
BRDA:67,7,0,1
BRDA:67,7,1,3
BRDA:67,8,0,4
BRDA:67,8,1,3
BRDA:72,9,0,0
BRDA:72,9,1,4
BRDA:72,10,0,4
BRDA:72,10,1,1
BRDA:78,11,0,1
BRDA:78,11,1,3
BRDA:87,12,0,4
BRDA:87,12,1,3
BRDA:110,13,0,0
BRDA:110,13,1,5
BRDA:116,14,0,4
BRDA:116,14,1,46
BRDA:135,15,0,0
BRDA:135,15,1,0
BRF:30
BRH:22
end_of_record
TN:
SF:src/webhook/handler.js
FN:13,(anonymous_0)
FN:25,(anonymous_1)
FN:73,(anonymous_2)
FN:78,(anonymous_3)
FN:84,(anonymous_4)
FN:127,(anonymous_5)
FN:156,(anonymous_6)
FN:181,(anonymous_7)
FN:198,(anonymous_8)
FN:213,(anonymous_9)
FNF:10
FNH:5
FNDA:2,(anonymous_0)
FNDA:5,(anonymous_1)
FNDA:0,(anonymous_2)
FNDA:0,(anonymous_3)
FNDA:0,(anonymous_4)
FNDA:5,(anonymous_5)
FNDA:3,(anonymous_6)
FNDA:2,(anonymous_7)
FNDA:0,(anonymous_8)
FNDA:0,(anonymous_9)
DA:6,1
DA:7,1
DA:8,1
DA:9,1
DA:10,1
DA:14,2
DA:15,2
DA:16,2
DA:17,2
DA:18,2
DA:19,2
DA:26,5
DA:27,5
DA:28,5
DA:30,5
DA:33,5
DA:34,2
DA:35,2
DA:39,3
DA:40,0
DA:41,0
DA:45,3
DA:46,1
DA:47,1
DA:51,2
DA:54,2
DA:55,1
DA:56,1
DA:60,1
DA:61,1
DA:62,1
DA:63,1
DA:66,0
DA:68,0
DA:70,0
DA:73,0
DA:74,0
DA:75,0
DA:76,0
DA:78,0
DA:83,0
DA:84,0
DA:95,0
DA:97,0
DA:105,0
DA:108,0
DA:117,0
DA:128,5
DA:130,0
DA:131,0
DA:134,5
DA:135,1
DA:138,4
DA:139,4
DA:143,4
DA:144,4
DA:146,4
DA:147,1
DA:150,3
DA:159,3
DA:160,3
DA:161,0
DA:162,0
DA:165,3
DA:166,3
DA:167,3
DA:170,3
DA:171,0
DA:172,0
DA:175,3
DA:182,2
DA:184,2
DA:185,1
DA:186,3
DA:187,2
DA:192,2
DA:199,0
DA:201,0
DA:202,0
DA:204,0
DA:212,0
DA:213,0
DA:214,0
DA:215,0
DA:216,0
DA:217,0
DA:218,0
DA:221,0
DA:222,0
DA:223,0
DA:224,0
DA:227,0
DA:228,0
DA:237,0
DA:241,1
LF:95
LH:54
BRDA:13,0,0,0
BRDA:14,1,0,2
BRDA:14,1,1,0
BRDA:15,2,0,2
BRDA:15,2,1,2
BRDA:16,3,0,2
BRDA:16,3,1,1
BRDA:17,4,0,2
BRDA:17,4,1,2
BRDA:18,5,0,2
BRDA:18,5,1,0
BRDA:33,6,0,2
BRDA:33,6,1,3
BRDA:39,7,0,0
BRDA:39,7,1,3
BRDA:45,8,0,1
BRDA:45,8,1,2
BRDA:54,9,0,1
BRDA:54,9,1,1
BRDA:54,10,0,2
BRDA:54,10,1,1
BRDA:61,11,0,1
BRDA:61,11,1,0
BRDA:74,12,0,0
BRDA:74,12,1,0
BRDA:109,13,0,0
BRDA:109,13,1,0
BRDA:128,14,0,0
BRDA:128,14,1,5
BRDA:134,15,0,1
BRDA:134,15,1,4
BRDA:146,16,0,1
BRDA:146,16,1,3
BRDA:160,17,0,0
BRDA:160,17,1,3
BRDA:170,18,0,0
BRDA:170,18,1,3
BRDA:170,19,0,3
BRDA:170,19,1,3
BRDA:185,20,0,1
BRDA:185,20,1,0
BRDA:185,21,0,1
BRDA:185,21,1,0
BRDA:186,22,0,2
BRDA:186,22,1,1
BRDA:186,23,0,3
BRDA:186,23,1,2
BRDA:212,24,0,0
BRDA:212,24,1,0
BRDA:213,25,0,0
BRDA:213,25,1,0
BRDA:214,26,0,0
BRDA:214,26,1,0
BRF:53
BRH:33
end_of_record
